Using pre-set license
Built from '2022.1/staging' branch; Version is '2022.1.15f1 (42973686a05c) revision 4364086'; Using compiler version '192829333'; Build Type 'Release'
OS: 'Windows 10  (10.0.19044) 64bit Core' Language: 'en' Physical Memory: 16307 MB
BatchMode: 1, IsHumanControllingUs: 0, StartBugReporterOnCrash: 0, Is64bit: 1, IsPro: 1

COMMAND LINE ARGUMENTS:
C:\Program Files\Unity\Hub\Editor\Unity 2022.1.15f1\Editor\Unity.exe
-adb2
-batchMode
-noUpm
-name
AssetImportWorker2
-projectPath
D:/Programming/Autumnotive
-logFile
Logs/AssetImportWorker2.log
-srvPort
56444
Successfully changed project path to: D:/Programming/Autumnotive
D:/Programming/Autumnotive
[UnityMemory] Configuration Parameters - Can be set up in boot.config
    "memorysetup-bucket-allocator-granularity=16"
    "memorysetup-bucket-allocator-bucket-count=8"
    "memorysetup-bucket-allocator-block-size=33554432"
    "memorysetup-bucket-allocator-block-count=8"
    "memorysetup-main-allocator-block-size=16777216"
    "memorysetup-thread-allocator-block-size=16777216"
    "memorysetup-gfx-main-allocator-block-size=16777216"
    "memorysetup-gfx-thread-allocator-block-size=16777216"
    "memorysetup-cache-allocator-block-size=4194304"
    "memorysetup-typetree-allocator-block-size=2097152"
    "memorysetup-profiler-bucket-allocator-granularity=16"
    "memorysetup-profiler-bucket-allocator-bucket-count=8"
    "memorysetup-profiler-bucket-allocator-block-size=33554432"
    "memorysetup-profiler-bucket-allocator-block-count=8"
    "memorysetup-profiler-allocator-block-size=16777216"
    "memorysetup-profiler-editor-allocator-block-size=1048576"
    "memorysetup-temp-allocator-size-main=16777216"
    "memorysetup-job-temp-allocator-block-size=2097152"
    "memorysetup-job-temp-allocator-block-size-background=1048576"
    "memorysetup-job-temp-allocator-reduction-small-platforms=262144"
    "memorysetup-temp-allocator-size-background-worker=32768"
    "memorysetup-temp-allocator-size-job-worker=262144"
    "memorysetup-temp-allocator-size-preload-manager=33554432"
    "memorysetup-temp-allocator-size-nav-mesh-worker=65536"
    "memorysetup-temp-allocator-size-audio-worker=65536"
    "memorysetup-temp-allocator-size-cloud-worker=32768"
    "memorysetup-temp-allocator-size-gi-baking-worker=262144"
    "memorysetup-temp-allocator-size-gfx=262144"
Refreshing native plugins compatible for Editor in 128.77 ms, found 3 plugins.
Preloading 0 native plugins for Editor in 0.00 ms.
Initialize engine version: 2022.1.15f1 (42973686a05c)
[Subsystems] Discovering subsystems at path C:/Program Files/Unity/Hub/Editor/Unity 2022.1.15f1/Editor/Data/Resources/UnitySubsystems
[Subsystems] Discovering subsystems at path D:/Programming/Autumnotive/Assets
GfxDevice: creating device client; threaded=0; jobified=0
Direct3D:
    Version:  Direct3D 11.0 [level 11.1]
    Renderer: NVIDIA GeForce RTX 3060 Ti (ID=0x2486)
    Vendor:   NVIDIA
    VRAM:     8050 MB
    Driver:   31.0.15.1694
Initialize mono
Mono path[0] = 'C:/Program Files/Unity/Hub/Editor/Unity 2022.1.15f1/Editor/Data/Managed'
Mono path[1] = 'C:/Program Files/Unity/Hub/Editor/Unity 2022.1.15f1/Editor/Data/MonoBleedingEdge/lib/mono/unityjit-win32'
Mono config path = 'C:/Program Files/Unity/Hub/Editor/Unity 2022.1.15f1/Editor/Data/MonoBleedingEdge/etc'
Using monoOptions --debugger-agent=transport=dt_socket,embedding=1,server=y,suspend=n,address=127.0.0.1:56932
Begin MonoManager ReloadAssembly
Registering precompiled unity dll's ...
Register platform support module: C:/Program Files/Unity/Hub/Editor/Unity 2022.1.15f1/Editor/Data/PlaybackEngines/WindowsStandaloneSupport/UnityEditor.WindowsStandalone.Extensions.dll
Registered in 0.008974 seconds.
Native extension for WindowsStandalone target not found
Refreshing native plugins compatible for Editor in 128.70 ms, found 3 plugins.
Preloading 0 native plugins for Editor in 0.00 ms.
Mono: successfully reloaded assembly
- Completed reload, in  0.790 seconds
Domain Reload Profiling:
	ReloadAssembly (790ms)
		BeginReloadAssembly (83ms)
			ExecutionOrderSort (0ms)
			DisableScriptedObjects (0ms)
			BackupInstance (0ms)
			ReleaseScriptingObjects (0ms)
			CreateAndSetChildDomain (1ms)
		EndReloadAssembly (572ms)
			LoadAssemblies (80ms)
			RebuildTransferFunctionScriptingTraits (0ms)
			SetupTypeCache (139ms)
				TypeCache.Initialize (138ms)
					TypeCache.ScanAssembly (136ms)
				ResolveRequiredComponents (0ms)
			ReleaseScriptCaches (0ms)
			RebuildScriptCaches (36ms)
			SetupLoadedEditorAssemblies (333ms)
				LogAssemblyErrors (0ms)
				InitializePlatformSupportModulesInManaged (8ms)
				SetLoadedEditorAssemblies (6ms)
				RefreshPlugins (129ms)
				BeforeProcessingInitializeOnLoad (2ms)
				ProcessInitializeOnLoadAttributes (139ms)
				ProcessInitializeOnLoadMethodAttributes (49ms)
				AfterProcessingInitializeOnLoad (0ms)
				EditorAssembliesLoaded (0ms)
			ExecutionOrderSort2 (0ms)
			AwakeInstancesAfterBackupRestoration (0ms)
Platform modules already initialized, skipping
Registering precompiled user dll's ...
Registered in 0.015301 seconds.
Begin MonoManager ReloadAssembly
Symbol file LoadedFromMemory doesn't match image D:\Programming\Autumnotive\Library\PackageCache\com.unity.visualscripting@1.7.8\Editor\VisualScripting.Core\Dependencies\YamlDotNet\Unity.VisualScripting.YamlDotNet.dll
Symbol file LoadedFromMemory doesn't match image D:\Programming\Autumnotive\Library\PackageCache\com.unity.visualscripting@1.7.8\Editor\VisualScripting.Core\Dependencies\DotNetZip\Unity.VisualScripting.IonicZip.dll
Native extension for WindowsStandalone target not found
Refreshing native plugins compatible for Editor in 117.42 ms, found 3 plugins.
Preloading 0 native plugins for Editor in 0.00 ms.
Mono: successfully reloaded assembly
- Completed reload, in  1.315 seconds
Domain Reload Profiling:
	ReloadAssembly (1316ms)
		BeginReloadAssembly (114ms)
			ExecutionOrderSort (0ms)
			DisableScriptedObjects (6ms)
			BackupInstance (0ms)
			ReleaseScriptingObjects (0ms)
			CreateAndSetChildDomain (19ms)
		EndReloadAssembly (1081ms)
			LoadAssemblies (94ms)
			RebuildTransferFunctionScriptingTraits (0ms)
			SetupTypeCache (274ms)
				TypeCache.Initialize (263ms)
					TypeCache.ScanAssembly (259ms)
				ResolveRequiredComponents (11ms)
			ReleaseScriptCaches (1ms)
			RebuildScriptCaches (61ms)
			SetupLoadedEditorAssemblies (593ms)
				LogAssemblyErrors (0ms)
				InitializePlatformSupportModulesInManaged (4ms)
				SetLoadedEditorAssemblies (5ms)
				RefreshPlugins (118ms)
				BeforeProcessingInitializeOnLoad (118ms)
				ProcessInitializeOnLoadAttributes (255ms)
				ProcessInitializeOnLoadMethodAttributes (85ms)
				AfterProcessingInitializeOnLoad (8ms)
				EditorAssembliesLoaded (0ms)
			ExecutionOrderSort2 (0ms)
			AwakeInstancesAfterBackupRestoration (7ms)
Platform modules already initialized, skipping
========================================================================
Worker process is ready to serve import requests
Launched and connected shader compiler UnityShaderCompiler.exe after 0.04 seconds
Refreshing native plugins compatible for Editor in 0.96 ms, found 3 plugins.
Preloading 0 native plugins for Editor in 0.00 ms.
Unloading 5073 Unused Serialized files (Serialized files now loaded: 0)
Unloading 31 unused Assets / (351.3 KB). Loaded Objects now: 5531.
Memory consumption went from 0.79 GB to 0.79 GB.
Total: 3.785200 ms (FindLiveObjects: 0.505800 ms CreateObjectMapping: 0.168400 ms MarkObjects: 2.922500 ms  DeleteObjects: 0.187100 ms)

AssetImportParameters requested are different than current active one (requested -> active):
  custom:video-decoder-ogg-theora: a1e56fd34408186e4bbccfd4996cb3dc -> 
  custom:container-muxer-webm: aa71ff27fc2769a1b78a27578f13a17b -> 
  custom:container-demuxer-webm: 4f35f7cbe854078d1ac9338744f61a02 -> 
  custom:video-encoder-webm-vp8: eb34c28f22e8b96e1ab97ce403110664 -> 
  custom:audio-encoder-webm-vorbis: bf7c407c2cedff20999df2af8eb42d56 -> 
  custom:framework-win-MediaFoundation: 216162199b28c13a410421893ffa2e32 -> 
  custom:container-demuxer-ogg: 62fdf1f143b41e24485cea50d1cbac27 -> 
  custom:video-decoder-webm-vp8: 9c59270c3fd7afecdb556c50c9e8de78 -> 
  custom:audio-decoder-ogg-vorbis: bf7c407c2cedff20999df2af8eb42d56 -> 
========================================================================
Received Prepare
Registering precompiled user dll's ...
Registered in 0.014673 seconds.
Begin MonoManager ReloadAssembly
Symbol file LoadedFromMemory doesn't match image D:\Programming\Autumnotive\Library\PackageCache\com.unity.visualscripting@1.7.8\Editor\VisualScripting.Core\Dependencies\YamlDotNet\Unity.VisualScripting.YamlDotNet.dll
Symbol file LoadedFromMemory doesn't match image D:\Programming\Autumnotive\Library\PackageCache\com.unity.visualscripting@1.7.8\Editor\VisualScripting.Core\Dependencies\DotNetZip\Unity.VisualScripting.IonicZip.dll
Native extension for WindowsStandalone target not found
Refreshing native plugins compatible for Editor in 1.13 ms, found 3 plugins.
Preloading 0 native plugins for Editor in 0.00 ms.
Mono: successfully reloaded assembly
- Completed reload, in  1.206 seconds
Domain Reload Profiling:
	ReloadAssembly (1206ms)
		BeginReloadAssembly (142ms)
			ExecutionOrderSort (0ms)
			DisableScriptedObjects (4ms)
			BackupInstance (0ms)
			ReleaseScriptingObjects (0ms)
			CreateAndSetChildDomain (41ms)
		EndReloadAssembly (951ms)
			LoadAssemblies (99ms)
			RebuildTransferFunctionScriptingTraits (0ms)
			SetupTypeCache (294ms)
				TypeCache.Initialize (284ms)
					TypeCache.ScanAssembly (278ms)
				ResolveRequiredComponents (11ms)
			ReleaseScriptCaches (2ms)
			RebuildScriptCaches (50ms)
			SetupLoadedEditorAssemblies (438ms)
				LogAssemblyErrors (0ms)
				InitializePlatformSupportModulesInManaged (12ms)
				SetLoadedEditorAssemblies (6ms)
				RefreshPlugins (1ms)
				BeforeProcessingInitializeOnLoad (97ms)
				ProcessInitializeOnLoadAttributes (231ms)
				ProcessInitializeOnLoadMethodAttributes (82ms)
				AfterProcessingInitializeOnLoad (9ms)
				EditorAssembliesLoaded (0ms)
			ExecutionOrderSort2 (0ms)
			AwakeInstancesAfterBackupRestoration (15ms)
Platform modules already initialized, skipping
Refreshing native plugins compatible for Editor in 2.96 ms, found 3 plugins.
Preloading 0 native plugins for Editor in 0.00 ms.
Unloading 4939 Unused Serialized files (Serialized files now loaded: 0)
Unloading 24 unused Assets / (309.9 KB). Loaded Objects now: 5535.
Memory consumption went from 0.76 GB to 0.76 GB.
Total: 3.859700 ms (FindLiveObjects: 0.670300 ms CreateObjectMapping: 0.183800 ms MarkObjects: 2.914000 ms  DeleteObjects: 0.090300 ms)

AssetImportParameters requested are different than current active one (requested -> active):
  custom:video-decoder-ogg-theora: a1e56fd34408186e4bbccfd4996cb3dc -> 
  custom:container-muxer-webm: aa71ff27fc2769a1b78a27578f13a17b -> 
  custom:container-demuxer-webm: 4f35f7cbe854078d1ac9338744f61a02 -> 
  custom:video-encoder-webm-vp8: eb34c28f22e8b96e1ab97ce403110664 -> 
  custom:audio-encoder-webm-vorbis: bf7c407c2cedff20999df2af8eb42d56 -> 
  custom:framework-win-MediaFoundation: 216162199b28c13a410421893ffa2e32 -> 
  custom:container-demuxer-ogg: 62fdf1f143b41e24485cea50d1cbac27 -> 
  custom:video-decoder-webm-vp8: 9c59270c3fd7afecdb556c50c9e8de78 -> 
  custom:audio-decoder-ogg-vorbis: bf7c407c2cedff20999df2af8eb42d56 -> 
========================================================================
Received Import Request.
  Time since last request: 228522.869492 seconds.
  path: Assets/Buildings Pack - Jan 2019/FBX/Beige.mat
  artifactKey: Guid(654f0a918f27c5646b4a0f62ea1b9025) Importer(815301076,1909f56bfc062723c751e8b465ee728b)
Start importing Assets/Buildings Pack - Jan 2019/FBX/Beige.mat using Guid(654f0a918f27c5646b4a0f62ea1b9025) Importer(815301076,1909f56bfc062723c751e8b465ee728b)  -> (artifact id: 'd4ce1a6a1abc7908a7d9b39bcbc16bd8') in 0.323419 seconds 
========================================================================
Received Import Request.
  Time since last request: 0.000032 seconds.
  path: Assets/Buildings Pack - Jan 2019/OBJ/Beige.mat
  artifactKey: Guid(474e9584228520b40aabb2bc5cecb9c5) Importer(815301076,1909f56bfc062723c751e8b465ee728b)
Start importing Assets/Buildings Pack - Jan 2019/OBJ/Beige.mat using Guid(474e9584228520b40aabb2bc5cecb9c5) Importer(815301076,1909f56bfc062723c751e8b465ee728b)  -> (artifact id: 'b28d89893f7fdf70ac208b4f5a033938') in 0.019938 seconds 
========================================================================
Received Import Request.
  Time since last request: 0.000043 seconds.
  path: Assets/Ultimate Textured Building Pack - Dec 2019/Models with Materials/OBJ/4Story_Wide_2Doors_Mat.obj
  artifactKey: Guid(3a4b2f834edfde44193457e0529a1a2f) Importer(815301076,1909f56bfc062723c751e8b465ee728b)
Start importing Assets/Ultimate Textured Building Pack - Dec 2019/Models with Materials/OBJ/4Story_Wide_2Doors_Mat.obj using Guid(3a4b2f834edfde44193457e0529a1a2f) Importer(815301076,1909f56bfc062723c751e8b465ee728b)  -> (artifact id: '278b723683a3bb7b784e45e56148aad7') in 0.163749 seconds 
========================================================================
Received Import Request.
  Time since last request: 0.000022 seconds.
  path: Assets/Ultimate Textured Building Pack - Dec 2019/Models with Materials/OBJ/2Story_Sidehouse_Mat.obj
  artifactKey: Guid(84c2bb7d4b3f30c4e925b953335ff2cb) Importer(815301076,1909f56bfc062723c751e8b465ee728b)
Start importing Assets/Ultimate Textured Building Pack - Dec 2019/Models with Materials/OBJ/2Story_Sidehouse_Mat.obj using Guid(84c2bb7d4b3f30c4e925b953335ff2cb) Importer(815301076,1909f56bfc062723c751e8b465ee728b)  -> (artifact id: '2f659957e1994097803c19d5fc043feb') in 0.091193 seconds 
========================================================================
Received Import Request.
  Time since last request: 0.000029 seconds.
  path: Assets/Buildings Pack - Jan 2019/FBX/Building3_Small.fbx
  artifactKey: Guid(56865a2c1918a204c990e50f9babe99f) Importer(815301076,1909f56bfc062723c751e8b465ee728b)
Start importing Assets/Buildings Pack - Jan 2019/FBX/Building3_Small.fbx using Guid(56865a2c1918a204c990e50f9babe99f) Importer(815301076,1909f56bfc062723c751e8b465ee728b)  -> (artifact id: 'db6025adc5e127d2631963e0b831eb42') in 0.056113 seconds 
========================================================================
Received Import Request.
  Time since last request: 0.000045 seconds.
  path: Assets/Buildings Pack - Jan 2019/FBX/BrickRed.mat
  artifactKey: Guid(819d4f21be35acb4b99e5cea9a0e9977) Importer(815301076,1909f56bfc062723c751e8b465ee728b)
Start importing Assets/Buildings Pack - Jan 2019/FBX/BrickRed.mat using Guid(819d4f21be35acb4b99e5cea9a0e9977) Importer(815301076,1909f56bfc062723c751e8b465ee728b)  -> (artifact id: '8d5d2916c4d44a994b2f5ef7d6b4f208') in 0.017475 seconds 
========================================================================
Received Import Request.
  Time since last request: 0.000020 seconds.
  path: Assets/Farm Buildings - Sept 2018/FBX/TowerWindmill.fbx
  artifactKey: Guid(0b06c36c8b09d19408d0deb2e2b55430) Importer(815301076,1909f56bfc062723c751e8b465ee728b)
Start importing Assets/Farm Buildings - Sept 2018/FBX/TowerWindmill.fbx using Guid(0b06c36c8b09d19408d0deb2e2b55430) Importer(815301076,1909f56bfc062723c751e8b465ee728b)  -> (artifact id: '4525ffb53653756c2a3e83cdcd89004d') in 0.086753 seconds 
========================================================================
Received Import Request.
  Time since last request: 0.000025 seconds.
  path: Assets/Ultimate Textured Building Pack - Dec 2019/Models with Materials/OBJ/3Story_Balcony_Mat.obj
  artifactKey: Guid(85bd547e6a732ed4c8988230e0368d17) Importer(815301076,1909f56bfc062723c751e8b465ee728b)
Start importing Assets/Ultimate Textured Building Pack - Dec 2019/Models with Materials/OBJ/3Story_Balcony_Mat.obj using Guid(85bd547e6a732ed4c8988230e0368d17) Importer(815301076,1909f56bfc062723c751e8b465ee728b)  -> (artifact id: 'a4300f50ac9dfd8065ff2f8629a10bff') in 0.086532 seconds 
========================================================================
Received Import Request.
  Time since last request: 0.000068 seconds.
  path: Assets/Ultimate Textured Building Pack - Dec 2019/Models with Materials/FBX/3Story_Balcony_Mat.fbx
  artifactKey: Guid(29bc796cb168f7e4faa7c25d150f0702) Importer(815301076,1909f56bfc062723c751e8b465ee728b)
Start importing Assets/Ultimate Textured Building Pack - Dec 2019/Models with Materials/FBX/3Story_Balcony_Mat.fbx using Guid(29bc796cb168f7e4faa7c25d150f0702) Importer(815301076,1909f56bfc062723c751e8b465ee728b)  -> (artifact id: 'c7b1a726d852bb60315e078568cd5f9a') in 0.082611 seconds 
========================================================================
Received Import Request.
  Time since last request: 0.000028 seconds.
  path: Assets/Ultimate Textured Building Pack - Dec 2019/Models with Materials/FBX/1Story_Sign_Mat.fbx
  artifactKey: Guid(9e69aef7c3d9cf54a9b262a697851c94) Importer(815301076,1909f56bfc062723c751e8b465ee728b)
Start importing Assets/Ultimate Textured Building Pack - Dec 2019/Models with Materials/FBX/1Story_Sign_Mat.fbx using Guid(9e69aef7c3d9cf54a9b262a697851c94) Importer(815301076,1909f56bfc062723c751e8b465ee728b)  -> (artifact id: 'f19435ea96bb1037c81526564b04cd30') in 0.081170 seconds 
========================================================================
Received Import Request.
  Time since last request: 0.000023 seconds.
  path: Assets/Ultimate Textured Building Pack - Dec 2019/Models with Materials/FBX/2Story_Center_Mat.fbx
  artifactKey: Guid(8c48a8fabb3b0e84fac7cc3409dcca65) Importer(815301076,1909f56bfc062723c751e8b465ee728b)
Start importing Assets/Ultimate Textured Building Pack - Dec 2019/Models with Materials/FBX/2Story_Center_Mat.fbx using Guid(8c48a8fabb3b0e84fac7cc3409dcca65) Importer(815301076,1909f56bfc062723c751e8b465ee728b)  -> (artifact id: 'b3d03808daae36c7ba47a1b89f1257c3') in 0.067671 seconds 
========================================================================
Received Import Request.
  Time since last request: 0.000023 seconds.
  path: Assets/Ultimate Textured Building Pack - Dec 2019/Models with Materials/OBJ/2Story_Columns_Mat.obj
  artifactKey: Guid(23e1595ceeac93a459695d3f1a23d056) Importer(815301076,1909f56bfc062723c751e8b465ee728b)
Start importing Assets/Ultimate Textured Building Pack - Dec 2019/Models with Materials/OBJ/2Story_Columns_Mat.obj using Guid(23e1595ceeac93a459695d3f1a23d056) Importer(815301076,1909f56bfc062723c751e8b465ee728b)  -> (artifact id: '19547b44d0592435c126d09a7b67a74c') in 0.083997 seconds 
========================================================================
Received Import Request.
  Time since last request: 0.000035 seconds.
  path: Assets/Buildings Pack - Jan 2019/OBJ/Building2_Small.obj
  artifactKey: Guid(5319c14dbcfbe6b4ba338c67753d5d94) Importer(815301076,1909f56bfc062723c751e8b465ee728b)
Start importing Assets/Buildings Pack - Jan 2019/OBJ/Building2_Small.obj using Guid(5319c14dbcfbe6b4ba338c67753d5d94) Importer(815301076,1909f56bfc062723c751e8b465ee728b)  -> (artifact id: '9b1e60ad1766be7f724ae88cb2def092') in 0.072494 seconds 
========================================================================
Received Import Request.
  Time since last request: 0.000044 seconds.
  path: Assets/Farm Buildings - Sept 2018/OBJ/TowerWindmill.obj
  artifactKey: Guid(3deaa7674769d4e49980634a543b9516) Importer(815301076,1909f56bfc062723c751e8b465ee728b)
Start importing Assets/Farm Buildings - Sept 2018/OBJ/TowerWindmill.obj using Guid(3deaa7674769d4e49980634a543b9516) Importer(815301076,1909f56bfc062723c751e8b465ee728b)  -> (artifact id: '438868d8ffec42191dac9405829d693c') in 0.077669 seconds 
========================================================================
Received Import Request.
  Time since last request: 0.000034 seconds.
  path: Assets/Ultimate Textured Building Pack - Dec 2019/Models with Materials/OBJ/2Story_Double_Mat.obj
  artifactKey: Guid(45ed9980abf624547ad4615b18e6f334) Importer(815301076,1909f56bfc062723c751e8b465ee728b)
Start importing Assets/Ultimate Textured Building Pack - Dec 2019/Models with Materials/OBJ/2Story_Double_Mat.obj using Guid(45ed9980abf624547ad4615b18e6f334) Importer(815301076,1909f56bfc062723c751e8b465ee728b)  -> (artifact id: '509f3664f112c847a3b4db7babc9ccbc') in 0.079527 seconds 
========================================================================
Received Import Request.
  Time since last request: 0.000044 seconds.
  path: Assets/Ultimate Textured Building Pack - Dec 2019/Models with Materials/FBX/4Story_Wide_2Doors_Mat.fbx
  artifactKey: Guid(0083dd16858c0c3438d6c46a52a866c1) Importer(815301076,1909f56bfc062723c751e8b465ee728b)
Start importing Assets/Ultimate Textured Building Pack - Dec 2019/Models with Materials/FBX/4Story_Wide_2Doors_Mat.fbx using Guid(0083dd16858c0c3438d6c46a52a866c1) Importer(815301076,1909f56bfc062723c751e8b465ee728b)  -> (artifact id: '5840c5d51918b32e4867af2bec3d8109') in 0.072157 seconds 
========================================================================
Received Import Request.
  Time since last request: 0.000031 seconds.
  path: Assets/Ultimate Textured Building Pack - Dec 2019/Models with Materials/OBJ/2Story_Stairs_Mat.obj
  artifactKey: Guid(5dff550cf9c8ec9468ccee5ad51d525c) Importer(815301076,1909f56bfc062723c751e8b465ee728b)
Start importing Assets/Ultimate Textured Building Pack - Dec 2019/Models with Materials/OBJ/2Story_Stairs_Mat.obj using Guid(5dff550cf9c8ec9468ccee5ad51d525c) Importer(815301076,1909f56bfc062723c751e8b465ee728b)  -> (artifact id: '849fdf9928732f04060c07d8e925913d') in 0.079874 seconds 
========================================================================
Received Import Request.
  Time since last request: 0.000039 seconds.
  path: Assets/Ultimate Textured Building Pack - Dec 2019/Models with Materials/FBX/2Story_Wide_Mat.fbx
  artifactKey: Guid(b7ac19a9cfb894446b56a45c556a88e6) Importer(815301076,1909f56bfc062723c751e8b465ee728b)
Start importing Assets/Ultimate Textured Building Pack - Dec 2019/Models with Materials/FBX/2Story_Wide_Mat.fbx using Guid(b7ac19a9cfb894446b56a45c556a88e6) Importer(815301076,1909f56bfc062723c751e8b465ee728b)  -> (artifact id: 'ec65c309d0609babcda3a94876e931e0') in 0.074911 seconds 
========================================================================
Received Import Request.
  Time since last request: 0.000026 seconds.
  path: Assets/Buildings Pack - Jan 2019/FBX/Building1_Small.fbx
  artifactKey: Guid(a2edf128cc9b6234496a8326ba671011) Importer(815301076,1909f56bfc062723c751e8b465ee728b)
Start importing Assets/Buildings Pack - Jan 2019/FBX/Building1_Small.fbx using Guid(a2edf128cc9b6234496a8326ba671011) Importer(815301076,1909f56bfc062723c751e8b465ee728b)  -> (artifact id: '75a519160380e3cb5e9627718cf93206') in 0.069949 seconds 
========================================================================
Received Import Request.
  Time since last request: 0.000038 seconds.
  path: Assets/Ultimate Textured Building Pack - Dec 2019/Models with Materials/OBJ/3Story_Slim_Mat.obj
  artifactKey: Guid(55a28b035e077be45aa139f6fe00b32d) Importer(815301076,1909f56bfc062723c751e8b465ee728b)
Start importing Assets/Ultimate Textured Building Pack - Dec 2019/Models with Materials/OBJ/3Story_Slim_Mat.obj using Guid(55a28b035e077be45aa139f6fe00b32d) Importer(815301076,1909f56bfc062723c751e8b465ee728b)  -> (artifact id: 'd6de0a3612c6aaccad323e25a72d7276') in 0.081405 seconds 
========================================================================
Received Import Request.
  Time since last request: 0.000023 seconds.
  path: Assets/Ultimate Textured Building Pack - Dec 2019/Models with Materials/FBX/2Story_Mat.fbx
  artifactKey: Guid(e36bb64f20a45da419c6c85ddc740e02) Importer(815301076,1909f56bfc062723c751e8b465ee728b)
Start importing Assets/Ultimate Textured Building Pack - Dec 2019/Models with Materials/FBX/2Story_Mat.fbx using Guid(e36bb64f20a45da419c6c85ddc740e02) Importer(815301076,1909f56bfc062723c751e8b465ee728b)  -> (artifact id: '149f17f0e9ef0e6b1d9e91d2e93725e1') in 0.082188 seconds 
========================================================================
Received Import Request.
  Time since last request: 0.000046 seconds.
  path: Assets/Ultimate Textured Building Pack - Dec 2019/Models with Materials/FBX/2Story_Sign_Mat.fbx
  artifactKey: Guid(bd730d48268bfe24f8ff3950eda0e8c2) Importer(815301076,1909f56bfc062723c751e8b465ee728b)
Start importing Assets/Ultimate Textured Building Pack - Dec 2019/Models with Materials/FBX/2Story_Sign_Mat.fbx using Guid(bd730d48268bfe24f8ff3950eda0e8c2) Importer(815301076,1909f56bfc062723c751e8b465ee728b)  -> (artifact id: '7b8064ccc5298eecc805a8381c88a1ff') in 0.069767 seconds 
========================================================================
Received Import Request.
  Time since last request: 0.000034 seconds.
  path: Assets/Ultimate Textured Building Pack - Dec 2019/Models with Materials/OBJ/2Story_Sign_Mat.obj
  artifactKey: Guid(3870808fc9b929b44a0a902423c625e5) Importer(815301076,1909f56bfc062723c751e8b465ee728b)
Start importing Assets/Ultimate Textured Building Pack - Dec 2019/Models with Materials/OBJ/2Story_Sign_Mat.obj using Guid(3870808fc9b929b44a0a902423c625e5) Importer(815301076,1909f56bfc062723c751e8b465ee728b)  -> (artifact id: '27560716cc1b579d53ebf5c2f52c672a') in 0.072493 seconds 
========================================================================
Received Import Request.
  Time since last request: 0.000031 seconds.
  path: Assets/Ultimate Textured Building Pack - Dec 2019/Models with Materials/OBJ/4Story_Center_Mat.obj
  artifactKey: Guid(1bc0638cb2cbdca478f917e5b37004b3) Importer(815301076,1909f56bfc062723c751e8b465ee728b)
Start importing Assets/Ultimate Textured Building Pack - Dec 2019/Models with Materials/OBJ/4Story_Center_Mat.obj using Guid(1bc0638cb2cbdca478f917e5b37004b3) Importer(815301076,1909f56bfc062723c751e8b465ee728b)  -> (artifact id: 'a0701be7a3539348d95abf5abc4384d6') in 0.085797 seconds 
========================================================================
Received Import Request.
  Time since last request: 0.000034 seconds.
  path: Assets/Ultimate Textured Building Pack - Dec 2019/Models with Materials/FBX/4Story_Mat.fbx
  artifactKey: Guid(5f2abcfa5c4852a459a323a0cdfd5d63) Importer(815301076,1909f56bfc062723c751e8b465ee728b)
Start importing Assets/Ultimate Textured Building Pack - Dec 2019/Models with Materials/FBX/4Story_Mat.fbx using Guid(5f2abcfa5c4852a459a323a0cdfd5d63) Importer(815301076,1909f56bfc062723c751e8b465ee728b)  -> (artifact id: '318a7c07c7eaf66bb8053126bddbadb9') in 0.066800 seconds 
========================================================================
Received Import Request.
  Time since last request: 0.000031 seconds.
  path: Assets/Ultimate Textured Building Pack - Dec 2019/Models with Materials/FBX/2Story_Balcony_Mat.fbx
  artifactKey: Guid(73e5228e370a9d94489f3b468e97ff4a) Importer(815301076,1909f56bfc062723c751e8b465ee728b)
Start importing Assets/Ultimate Textured Building Pack - Dec 2019/Models with Materials/FBX/2Story_Balcony_Mat.fbx using Guid(73e5228e370a9d94489f3b468e97ff4a) Importer(815301076,1909f56bfc062723c751e8b465ee728b)  -> (artifact id: 'e5513b4abbb18f4ac3add2d045621898') in 0.085484 seconds 
========================================================================
Received Import Request.
  Time since last request: 0.000024 seconds.
  path: Assets/Ultimate Textured Building Pack - Dec 2019/Models with Materials/FBX/2Story_Double_Mat.fbx
  artifactKey: Guid(ed7f946e8a3752548a6e60086a5a1a8f) Importer(815301076,1909f56bfc062723c751e8b465ee728b)
Start importing Assets/Ultimate Textured Building Pack - Dec 2019/Models with Materials/FBX/2Story_Double_Mat.fbx using Guid(ed7f946e8a3752548a6e60086a5a1a8f) Importer(815301076,1909f56bfc062723c751e8b465ee728b)  -> (artifact id: 'e66276ea3960c56e3d3cde93bb5b0757') in 0.068695 seconds 
========================================================================
Received Import Request.
  Time since last request: 0.000026 seconds.
  path: Assets/Ultimate Textured Building Pack - Dec 2019/Models with Materials/FBX/2Story_Wide_2Doors_Mat.fbx
  artifactKey: Guid(c9420e41811bd0640b52e02638769827) Importer(815301076,1909f56bfc062723c751e8b465ee728b)
Start importing Assets/Ultimate Textured Building Pack - Dec 2019/Models with Materials/FBX/2Story_Wide_2Doors_Mat.fbx using Guid(c9420e41811bd0640b52e02638769827) Importer(815301076,1909f56bfc062723c751e8b465ee728b)  -> (artifact id: 'b5437873b68011a6de8151412d624cc0') in 0.065581 seconds 
========================================================================
Received Import Request.
  Time since last request: 6.853389 seconds.
  path: Assets/Scenes
  artifactKey: Guid(9df06c48b3a5f4647a04a9c7d3c7b267) Importer(815301076,1909f56bfc062723c751e8b465ee728b)
Start importing Assets/Scenes using Guid(9df06c48b3a5f4647a04a9c7d3c7b267) Importer(815301076,1909f56bfc062723c751e8b465ee728b)  -> (artifact id: 'dc65c4898d8ee08bdec53926a2452f70') in 0.005647 seconds 
========================================================================
Received Import Request.
  Time since last request: 59.601948 seconds.
  path: Assets/Stylized Brick Materials/Materials/M_Brick01_Variant01.mat
  artifactKey: Guid(339957fc03bb06d498d1ba479112ba48) Importer(815301076,1909f56bfc062723c751e8b465ee728b)
Start importing Assets/Stylized Brick Materials/Materials/M_Brick01_Variant01.mat using Guid(339957fc03bb06d498d1ba479112ba48) Importer(815301076,1909f56bfc062723c751e8b465ee728b)  -> (artifact id: '697a23570f8b6fc736fecb8aa01b0850') in 0.075791 seconds 
========================================================================
Received Import Request.
  Time since last request: 0.000035 seconds.
  path: Assets/Stylized Brick Materials/Materials/M_Brick03_Variant07.mat
  artifactKey: Guid(7049939c684dd914b9691852e2a02ff7) Importer(815301076,1909f56bfc062723c751e8b465ee728b)
Start importing Assets/Stylized Brick Materials/Materials/M_Brick03_Variant07.mat using Guid(7049939c684dd914b9691852e2a02ff7) Importer(815301076,1909f56bfc062723c751e8b465ee728b)  -> (artifact id: '147e7669458dc3057ee4a4bd84387301') in 0.041924 seconds 
========================================================================
Received Import Request.
  Time since last request: 0.000031 seconds.
  path: Assets/Stylized Brick Materials/Materials/M_Brick01_Variant03.mat
  artifactKey: Guid(6600ba38b93d2de479d99d54f753b729) Importer(815301076,1909f56bfc062723c751e8b465ee728b)
Start importing Assets/Stylized Brick Materials/Materials/M_Brick01_Variant03.mat using Guid(6600ba38b93d2de479d99d54f753b729) Importer(815301076,1909f56bfc062723c751e8b465ee728b)  -> (artifact id: 'a6ac8703a68d8e863dfb9516f8310f24') in 0.028173 seconds 
========================================================================
Received Import Request.
  Time since last request: 0.000031 seconds.
  path: Assets/Stylized Brick Materials/Materials/M_Stone02_Variant02.mat
  artifactKey: Guid(0558ea61733f64941a37cd788cdb9a0c) Importer(815301076,1909f56bfc062723c751e8b465ee728b)
Start importing Assets/Stylized Brick Materials/Materials/M_Stone02_Variant02.mat using Guid(0558ea61733f64941a37cd788cdb9a0c) Importer(815301076,1909f56bfc062723c751e8b465ee728b)  -> (artifact id: 'ed56308246e3ffc36d9059ba2d82e669') in 0.026225 seconds 
========================================================================
Received Import Request.
  Time since last request: 0.000021 seconds.
  path: Assets/Stylized Brick Materials/Materials/M_Brick04_Variant03.mat
  artifactKey: Guid(42d337526ee1691458e8b1a5b9a315e1) Importer(815301076,1909f56bfc062723c751e8b465ee728b)
Start importing Assets/Stylized Brick Materials/Materials/M_Brick04_Variant03.mat using Guid(42d337526ee1691458e8b1a5b9a315e1) Importer(815301076,1909f56bfc062723c751e8b465ee728b)  -> (artifact id: '34ea08e89bac36e0a93f3197ec3c00c7') in 0.027259 seconds 
========================================================================
Received Import Request.
  Time since last request: 0.000029 seconds.
  path: Assets/Stylized Brick Materials/Materials/M_Stone02_Variant04.mat
  artifactKey: Guid(05ccc52f27c3f9944a5da9cb09d31343) Importer(815301076,1909f56bfc062723c751e8b465ee728b)
Start importing Assets/Stylized Brick Materials/Materials/M_Stone02_Variant04.mat using Guid(05ccc52f27c3f9944a5da9cb09d31343) Importer(815301076,1909f56bfc062723c751e8b465ee728b)  -> (artifact id: '60dd0c43262677ef7fdfcb5e7a06f010') in 0.026819 seconds 
========================================================================
Received Import Request.
  Time since last request: 0.000039 seconds.
  path: Assets/Stylized Brick Materials/Materials/M_Brick03_Variant04.mat
  artifactKey: Guid(aec53cb1e4ef93a4e80eb2b7b420217c) Importer(815301076,1909f56bfc062723c751e8b465ee728b)
Start importing Assets/Stylized Brick Materials/Materials/M_Brick03_Variant04.mat using Guid(aec53cb1e4ef93a4e80eb2b7b420217c) Importer(815301076,1909f56bfc062723c751e8b465ee728b)  -> (artifact id: 'd656ae2b33b62b46f53d8d21dcdbf013') in 0.026080 seconds 
========================================================================
Received Import Request.
  Time since last request: 0.000019 seconds.
  path: Assets/Stylized Brick Materials/Materials/M_Brick04_Variant02.mat
  artifactKey: Guid(9667b2f081553994bb12948f00bb2402) Importer(815301076,1909f56bfc062723c751e8b465ee728b)
Start importing Assets/Stylized Brick Materials/Materials/M_Brick04_Variant02.mat using Guid(9667b2f081553994bb12948f00bb2402) Importer(815301076,1909f56bfc062723c751e8b465ee728b)  -> (artifact id: '1a5265ccab816703897e460f4c8a5d1e') in 0.029508 seconds 
========================================================================
Received Import Request.
  Time since last request: 0.000029 seconds.
  path: Assets/Stylized Brick Materials/Materials/M_Brick03_Variant01.mat
  artifactKey: Guid(c6f0efbea3f82864486fc78ddd1e58c3) Importer(815301076,1909f56bfc062723c751e8b465ee728b)
Start importing Assets/Stylized Brick Materials/Materials/M_Brick03_Variant01.mat using Guid(c6f0efbea3f82864486fc78ddd1e58c3) Importer(815301076,1909f56bfc062723c751e8b465ee728b)  -> (artifact id: 'e380e0ee0358619807126e572a3c74f3') in 0.026788 seconds 
========================================================================
Received Import Request.
  Time since last request: 0.000028 seconds.
  path: Assets/Stylized Brick Materials/Materials/M_Stone02_Variant05.mat
  artifactKey: Guid(5d45d5b3a7d06434691080051f06e67f) Importer(815301076,1909f56bfc062723c751e8b465ee728b)
Start importing Assets/Stylized Brick Materials/Materials/M_Stone02_Variant05.mat using Guid(5d45d5b3a7d06434691080051f06e67f) Importer(815301076,1909f56bfc062723c751e8b465ee728b)  -> (artifact id: '9356d5902b032acfa9e37b00937e9bef') in 0.026455 seconds 
========================================================================
Received Import Request.
  Time since last request: 0.000030 seconds.
  path: Assets/Stylized Brick Materials/Materials/M_Stone02_Variant01.mat
  artifactKey: Guid(c4151470e2c373e4088e04228aa54211) Importer(815301076,1909f56bfc062723c751e8b465ee728b)
Start importing Assets/Stylized Brick Materials/Materials/M_Stone02_Variant01.mat using Guid(c4151470e2c373e4088e04228aa54211) Importer(815301076,1909f56bfc062723c751e8b465ee728b)  -> (artifact id: 'df9741b8b881d76c600c0a8e4f84d8ec') in 0.029431 seconds 
========================================================================
Received Import Request.
  Time since last request: 0.000024 seconds.
  path: Assets/Stylized Brick Materials/Materials/M_Stone02_Variant03.mat
  artifactKey: Guid(2c1dda915acb33641b57cf966bff604b) Importer(815301076,1909f56bfc062723c751e8b465ee728b)
Start importing Assets/Stylized Brick Materials/Materials/M_Stone02_Variant03.mat using Guid(2c1dda915acb33641b57cf966bff604b) Importer(815301076,1909f56bfc062723c751e8b465ee728b)  -> (artifact id: 'dbd9ef9807570953fbfb7d7708f7469b') in 0.029698 seconds 
========================================================================
Received Import Request.
  Time since last request: 0.000037 seconds.
  path: Assets/Stylized Brick Materials/Materials/M_Brick03_Variant03.mat
  artifactKey: Guid(bf48e5838a3489f4da8803ab6cd83f61) Importer(815301076,1909f56bfc062723c751e8b465ee728b)
Start importing Assets/Stylized Brick Materials/Materials/M_Brick03_Variant03.mat using Guid(bf48e5838a3489f4da8803ab6cd83f61) Importer(815301076,1909f56bfc062723c751e8b465ee728b)  -> (artifact id: 'da1e01ebec3586a0ad6b7e8aae6f5da7') in 0.027923 seconds 
========================================================================
Received Import Request.
  Time since last request: 0.000025 seconds.
  path: Assets/Stylized Brick Materials/Materials/M_Brick04_Variant01.mat
  artifactKey: Guid(1aecaff51b2ae244c9826b86c7f9d6a7) Importer(815301076,1909f56bfc062723c751e8b465ee728b)
Start importing Assets/Stylized Brick Materials/Materials/M_Brick04_Variant01.mat using Guid(1aecaff51b2ae244c9826b86c7f9d6a7) Importer(815301076,1909f56bfc062723c751e8b465ee728b)  -> (artifact id: 'b7f01c9e2c02b3d0b0bd0e527a6a2529') in 0.027802 seconds 
========================================================================
Received Import Request.
  Time since last request: 0.000033 seconds.
  path: Assets/Stylized Brick Materials/Materials/M_Brick03_Variant06.mat
  artifactKey: Guid(80fb7b98fd841464da8bf206b36b8103) Importer(815301076,1909f56bfc062723c751e8b465ee728b)
Start importing Assets/Stylized Brick Materials/Materials/M_Brick03_Variant06.mat using Guid(80fb7b98fd841464da8bf206b36b8103) Importer(815301076,1909f56bfc062723c751e8b465ee728b)  -> (artifact id: '6998d4dcf80cd969b71f1c3231260f03') in 0.025993 seconds 
========================================================================
Received Import Request.
  Time since last request: 0.000037 seconds.
  path: Assets/Stylized Brick Materials/Materials/M_Brick03_Variant02.mat
  artifactKey: Guid(52c2c3fe231a6e745a53512ce32b14ce) Importer(815301076,1909f56bfc062723c751e8b465ee728b)
Start importing Assets/Stylized Brick Materials/Materials/M_Brick03_Variant02.mat using Guid(52c2c3fe231a6e745a53512ce32b14ce) Importer(815301076,1909f56bfc062723c751e8b465ee728b)  -> (artifact id: '4d5064b24d90a8c2580d48b96d3fee76') in 0.026621 seconds 
========================================================================
Received Import Request.
  Time since last request: 0.000028 seconds.
  path: Assets/Stylized Brick Materials/Materials/M_Brick01_Variant04.mat
  artifactKey: Guid(6f6284b83c54d0246b535da6842d568c) Importer(815301076,1909f56bfc062723c751e8b465ee728b)
Start importing Assets/Stylized Brick Materials/Materials/M_Brick01_Variant04.mat using Guid(6f6284b83c54d0246b535da6842d568c) Importer(815301076,1909f56bfc062723c751e8b465ee728b)  -> (artifact id: '72b2a0891f4910db369a11c1f97483af') in 0.029497 seconds 
========================================================================
Received Import Request.
  Time since last request: 0.000035 seconds.
  path: Assets/Stylized Brick Materials/Materials/M_Brick03_Variant05.mat
  artifactKey: Guid(dfdd3d48ec665b444b671788937386ff) Importer(815301076,1909f56bfc062723c751e8b465ee728b)
Start importing Assets/Stylized Brick Materials/Materials/M_Brick03_Variant05.mat using Guid(dfdd3d48ec665b444b671788937386ff) Importer(815301076,1909f56bfc062723c751e8b465ee728b)  -> (artifact id: '1123bf832a01a9ec764f4f42f8985eff') in 0.024555 seconds 
Editor requested this worker to shutdown with reason: Scaling down because of idle timeout
AssetImportWorker is now disconnected from the server
Process exiting
Exiting without the bug reporter. Application will terminate with return code 0