Using pre-set license
Built from '2022.1/staging' branch; Version is '2022.1.15f1 (42973686a05c) revision 4364086'; Using compiler version '192829333'; Build Type 'Release'
OS: 'Windows 11  (10.0.22000) 64bit Core' Language: 'en' Physical Memory: 16335 MB
BatchMode: 1, IsHumanControllingUs: 0, StartBugReporterOnCrash: 0, Is64bit: 1, IsPro: 1

COMMAND LINE ARGUMENTS:
C:\Program Files\Unity\Hub\Editor\2022.1.15f1\Editor\Unity.exe
-adb2
-batchMode
-noUpm
-name
AssetImportWorker7
-projectPath
E:/VR Development/Autumnotive
-logFile
Logs/AssetImportWorker7.log
-srvPort
64063
Successfully changed project path to: E:/VR Development/Autumnotive
E:/VR Development/Autumnotive
[UnityMemory] Configuration Parameters - Can be set up in boot.config
    "memorysetup-bucket-allocator-granularity=16"
    "memorysetup-bucket-allocator-bucket-count=8"
    "memorysetup-bucket-allocator-block-size=33554432"
    "memorysetup-bucket-allocator-block-count=8"
    "memorysetup-main-allocator-block-size=16777216"
    "memorysetup-thread-allocator-block-size=16777216"
    "memorysetup-gfx-main-allocator-block-size=16777216"
    "memorysetup-gfx-thread-allocator-block-size=16777216"
    "memorysetup-cache-allocator-block-size=4194304"
    "memorysetup-typetree-allocator-block-size=2097152"
    "memorysetup-profiler-bucket-allocator-granularity=16"
    "memorysetup-profiler-bucket-allocator-bucket-count=8"
    "memorysetup-profiler-bucket-allocator-block-size=33554432"
    "memorysetup-profiler-bucket-allocator-block-count=8"
    "memorysetup-profiler-allocator-block-size=16777216"
    "memorysetup-profiler-editor-allocator-block-size=1048576"
    "memorysetup-temp-allocator-size-main=16777216"
    "memorysetup-job-temp-allocator-block-size=2097152"
    "memorysetup-job-temp-allocator-block-size-background=1048576"
    "memorysetup-job-temp-allocator-reduction-small-platforms=262144"
    "memorysetup-temp-allocator-size-background-worker=32768"
    "memorysetup-temp-allocator-size-job-worker=262144"
    "memorysetup-temp-allocator-size-preload-manager=33554432"
    "memorysetup-temp-allocator-size-nav-mesh-worker=65536"
    "memorysetup-temp-allocator-size-audio-worker=65536"
    "memorysetup-temp-allocator-size-cloud-worker=32768"
    "memorysetup-temp-allocator-size-gi-baking-worker=262144"
    "memorysetup-temp-allocator-size-gfx=262144"
Refreshing native plugins compatible for Editor in 143.06 ms, found 3 plugins.
Preloading 0 native plugins for Editor in 0.00 ms.
Initialize engine version: 2022.1.15f1 (42973686a05c)
[Subsystems] Discovering subsystems at path C:/Program Files/Unity/Hub/Editor/2022.1.15f1/Editor/Data/Resources/UnitySubsystems
[Subsystems] Discovering subsystems at path E:/VR Development/Autumnotive/Assets
GfxDevice: creating device client; threaded=0; jobified=0
Direct3D:
    Version:  Direct3D 11.0 [level 11.1]
    Renderer: NVIDIA GeForce GTX 1660 Ti (ID=0x2182)
    Vendor:   NVIDIA
    VRAM:     5991 MB
    Driver:   31.0.15.1659
Initialize mono
Mono path[0] = 'C:/Program Files/Unity/Hub/Editor/2022.1.15f1/Editor/Data/Managed'
Mono path[1] = 'C:/Program Files/Unity/Hub/Editor/2022.1.15f1/Editor/Data/MonoBleedingEdge/lib/mono/unityjit-win32'
Mono config path = 'C:/Program Files/Unity/Hub/Editor/2022.1.15f1/Editor/Data/MonoBleedingEdge/etc'
Using monoOptions --debugger-agent=transport=dt_socket,embedding=1,server=y,suspend=n,address=127.0.0.1:56892
Begin MonoManager ReloadAssembly
Registering precompiled unity dll's ...
Register platform support module: C:/Program Files/Unity/Hub/Editor/2022.1.15f1/Editor/Data/PlaybackEngines/WindowsStandaloneSupport/UnityEditor.WindowsStandalone.Extensions.dll
Registered in 0.008223 seconds.
Native extension for WindowsStandalone target not found
Refreshing native plugins compatible for Editor in 130.63 ms, found 3 plugins.
Preloading 0 native plugins for Editor in 0.00 ms.
Mono: successfully reloaded assembly
- Completed reload, in  0.845 seconds
Domain Reload Profiling:
	ReloadAssembly (846ms)
		BeginReloadAssembly (102ms)
			ExecutionOrderSort (0ms)
			DisableScriptedObjects (0ms)
			BackupInstance (0ms)
			ReleaseScriptingObjects (0ms)
			CreateAndSetChildDomain (1ms)
		EndReloadAssembly (598ms)
			LoadAssemblies (100ms)
			RebuildTransferFunctionScriptingTraits (0ms)
			SetupTypeCache (147ms)
				TypeCache.Initialize (146ms)
					TypeCache.ScanAssembly (144ms)
				ResolveRequiredComponents (1ms)
			ReleaseScriptCaches (0ms)
			RebuildScriptCaches (36ms)
			SetupLoadedEditorAssemblies (339ms)
				LogAssemblyErrors (0ms)
				InitializePlatformSupportModulesInManaged (8ms)
				SetLoadedEditorAssemblies (7ms)
				RefreshPlugins (131ms)
				BeforeProcessingInitializeOnLoad (1ms)
				ProcessInitializeOnLoadAttributes (142ms)
				ProcessInitializeOnLoadMethodAttributes (50ms)
				AfterProcessingInitializeOnLoad (0ms)
				EditorAssembliesLoaded (0ms)
			ExecutionOrderSort2 (0ms)
			AwakeInstancesAfterBackupRestoration (0ms)
Platform modules already initialized, skipping
Registering precompiled user dll's ...
Registered in 0.025906 seconds.
Begin MonoManager ReloadAssembly
Symbol file LoadedFromMemory doesn't match image E:\VR Development\Autumnotive\Library\PackageCache\com.unity.visualscripting@1.7.8\Editor\VisualScripting.Core\Dependencies\YamlDotNet\Unity.VisualScripting.YamlDotNet.dll
Symbol file LoadedFromMemory doesn't match image E:\VR Development\Autumnotive\Library\PackageCache\com.unity.visualscripting@1.7.8\Editor\VisualScripting.Core\Dependencies\DotNetZip\Unity.VisualScripting.IonicZip.dll
Native extension for WindowsStandalone target not found
Refreshing native plugins compatible for Editor in 102.79 ms, found 3 plugins.
Preloading 0 native plugins for Editor in 0.00 ms.
Mono: successfully reloaded assembly
- Completed reload, in  1.255 seconds
Domain Reload Profiling:
	ReloadAssembly (1256ms)
		BeginReloadAssembly (96ms)
			ExecutionOrderSort (0ms)
			DisableScriptedObjects (4ms)
			BackupInstance (0ms)
			ReleaseScriptingObjects (0ms)
			CreateAndSetChildDomain (19ms)
		EndReloadAssembly (1045ms)
			LoadAssemblies (92ms)
			RebuildTransferFunctionScriptingTraits (0ms)
			SetupTypeCache (230ms)
				TypeCache.Initialize (221ms)
					TypeCache.ScanAssembly (217ms)
				ResolveRequiredComponents (10ms)
			ReleaseScriptCaches (1ms)
			RebuildScriptCaches (55ms)
			SetupLoadedEditorAssemblies (612ms)
				LogAssemblyErrors (0ms)
				InitializePlatformSupportModulesInManaged (4ms)
				SetLoadedEditorAssemblies (5ms)
				RefreshPlugins (103ms)
				BeforeProcessingInitializeOnLoad (160ms)
				ProcessInitializeOnLoadAttributes (259ms)
				ProcessInitializeOnLoadMethodAttributes (76ms)
				AfterProcessingInitializeOnLoad (6ms)
				EditorAssembliesLoaded (0ms)
			ExecutionOrderSort2 (0ms)
			AwakeInstancesAfterBackupRestoration (5ms)
Platform modules already initialized, skipping
========================================================================
Worker process is ready to serve import requests
Launched and connected shader compiler UnityShaderCompiler.exe after 0.04 seconds
Refreshing native plugins compatible for Editor in 1.15 ms, found 3 plugins.
Preloading 0 native plugins for Editor in 0.00 ms.
Unloading 5072 Unused Serialized files (Serialized files now loaded: 0)
Unloading 31 unused Assets / (352.5 KB). Loaded Objects now: 5538.
Memory consumption went from 0.79 GB to 0.79 GB.
Total: 3.323900 ms (FindLiveObjects: 0.425000 ms CreateObjectMapping: 0.116400 ms MarkObjects: 2.589400 ms  DeleteObjects: 0.191900 ms)

AssetImportParameters requested are different than current active one (requested -> active):
  custom:video-decoder-ogg-theora: a1e56fd34408186e4bbccfd4996cb3dc -> 
  custom:container-muxer-webm: aa71ff27fc2769a1b78a27578f13a17b -> 
  custom:container-demuxer-webm: 4f35f7cbe854078d1ac9338744f61a02 -> 
  custom:video-encoder-webm-vp8: eb34c28f22e8b96e1ab97ce403110664 -> 
  custom:audio-encoder-webm-vorbis: bf7c407c2cedff20999df2af8eb42d56 -> 
  custom:framework-win-MediaFoundation: 216162199b28c13a410421893ffa2e32 -> 
  custom:container-demuxer-ogg: 62fdf1f143b41e24485cea50d1cbac27 -> 
  custom:video-decoder-webm-vp8: 9c59270c3fd7afecdb556c50c9e8de78 -> 
  custom:audio-decoder-ogg-vorbis: bf7c407c2cedff20999df2af8eb42d56 -> 
========================================================================
Received Import Request.
  Time since last request: 6583.719409 seconds.
  path: Assets/Stylized Nature Kit/Materials/Color Pallet.mat
  artifactKey: Guid(b725cacc7387b1f4e991c4bdfcd832c8) Importer(815301076,1909f56bfc062723c751e8b465ee728b)
Start importing Assets/Stylized Nature Kit/Materials/Color Pallet.mat using Guid(b725cacc7387b1f4e991c4bdfcd832c8) Importer(815301076,1909f56bfc062723c751e8b465ee728b)  -> (artifact id: '60b1330684df7fc44261d7e05e776942') in 1.471427 seconds 
========================================================================
Received Import Request.
  Time since last request: 0.000024 seconds.
  path: Assets/Stylized Nature Kit/Materials/Type 3 Grass.mat
  artifactKey: Guid(66f279a34a85e89488230cdd9929ba4c) Importer(815301076,1909f56bfc062723c751e8b465ee728b)
Start importing Assets/Stylized Nature Kit/Materials/Type 3 Grass.mat using Guid(66f279a34a85e89488230cdd9929ba4c) Importer(815301076,1909f56bfc062723c751e8b465ee728b)  -> (artifact id: '492831280db31fd276e62cb34c40e3eb') in 0.019607 seconds 
========================================================================
Received Import Request.
  Time since last request: 0.000037 seconds.
  path: Assets/Stylized Nature Kit/Materials/Water.mat
  artifactKey: Guid(94ea32e4f0f6cab4e98928aadb7d9992) Importer(815301076,1909f56bfc062723c751e8b465ee728b)
Start importing Assets/Stylized Nature Kit/Materials/Water.mat using Guid(94ea32e4f0f6cab4e98928aadb7d9992) Importer(815301076,1909f56bfc062723c751e8b465ee728b)  -> (artifact id: '3c7ccddee2ce1cf1f007bf041082cf94') in 1.097619 seconds 
========================================================================
Received Import Request.
  Time since last request: 5.074323 seconds.
  path: Assets/Stylized Nature Kit/Prefabs/Dead Trees/Dead Tree 3.prefab
  artifactKey: Guid(f0c27ddff24e6784fb4fe5ea67e9bffc) Importer(815301076,1909f56bfc062723c751e8b465ee728b)
Start importing Assets/Stylized Nature Kit/Prefabs/Dead Trees/Dead Tree 3.prefab using Guid(f0c27ddff24e6784fb4fe5ea67e9bffc) Importer(815301076,1909f56bfc062723c751e8b465ee728b)  -> (artifact id: '42a624338862984376cb3b5b083dcd17') in 0.114428 seconds 
========================================================================
Received Import Request.
  Time since last request: 0.000020 seconds.
  path: Assets/Stylized Nature Kit/Prefabs/Dead Trees/Dead Tree 6.prefab
  artifactKey: Guid(557b88f66ad42984e97472945bd46aa8) Importer(815301076,1909f56bfc062723c751e8b465ee728b)
Start importing Assets/Stylized Nature Kit/Prefabs/Dead Trees/Dead Tree 6.prefab using Guid(557b88f66ad42984e97472945bd46aa8) Importer(815301076,1909f56bfc062723c751e8b465ee728b)  -> (artifact id: '839b0acaab18c45ec76313b851ca0794') in 0.083788 seconds 
========================================================================
Received Import Request.
  Time since last request: 0.012981 seconds.
  path: Assets/Stylized Nature Kit/Prefabs/Dead Trees/Dead Tree 8.prefab
  artifactKey: Guid(86f07fec7c9ec4d47b68b9f0faaac436) Importer(815301076,1909f56bfc062723c751e8b465ee728b)
Start importing Assets/Stylized Nature Kit/Prefabs/Dead Trees/Dead Tree 8.prefab using Guid(86f07fec7c9ec4d47b68b9f0faaac436) Importer(815301076,1909f56bfc062723c751e8b465ee728b)  -> (artifact id: 'b630b797432e5616b41839b423e510fd') in 0.055767 seconds 
========================================================================
Received Import Request.
  Time since last request: 0.000025 seconds.
  path: Assets/Stylized Nature Kit/Prefabs/Dead Trees/Dead Tree 9.prefab
  artifactKey: Guid(82072b55ee1b7224182c03f49a7788e8) Importer(815301076,1909f56bfc062723c751e8b465ee728b)
Start importing Assets/Stylized Nature Kit/Prefabs/Dead Trees/Dead Tree 9.prefab using Guid(82072b55ee1b7224182c03f49a7788e8) Importer(815301076,1909f56bfc062723c751e8b465ee728b)  -> (artifact id: 'cb0fa040f46d6344882b7a0e0f60b124') in 0.090683 seconds 
========================================================================
Received Import Request.
  Time since last request: 29.950966 seconds.
  path: Assets/Stylized Nature Kit/Prefabs/Plants/Plant 3.prefab
  artifactKey: Guid(7e193e4d96c37364ba479ccd4823485f) Importer(815301076,1909f56bfc062723c751e8b465ee728b)
Start importing Assets/Stylized Nature Kit/Prefabs/Plants/Plant 3.prefab using Guid(7e193e4d96c37364ba479ccd4823485f) Importer(815301076,1909f56bfc062723c751e8b465ee728b)  -> (artifact id: '4d7397d8c98f6045934361e3e1e6c638') in 0.040564 seconds 
========================================================================
Received Import Request.
  Time since last request: 90.004491 seconds.
  path: Assets/Stylized Nature Kit/Prefabs/Birch Trees/Birch Tree 2.prefab
  artifactKey: Guid(f7e392e8f67865443b864cd0ce4df972) Importer(815301076,1909f56bfc062723c751e8b465ee728b)
Start importing Assets/Stylized Nature Kit/Prefabs/Birch Trees/Birch Tree 2.prefab using Guid(f7e392e8f67865443b864cd0ce4df972) Importer(815301076,1909f56bfc062723c751e8b465ee728b)  -> (artifact id: '7c7f854d11c55b028d679bb35eaf97d8') in 0.034247 seconds 
========================================================================
Received Import Request.
  Time since last request: 0.000028 seconds.
  path: Assets/Stylized Nature Kit/Prefabs/Birch Trees/Birch Tree 5.prefab
  artifactKey: Guid(efd49cb640cc4554e9bdcd381151fa05) Importer(815301076,1909f56bfc062723c751e8b465ee728b)
Start importing Assets/Stylized Nature Kit/Prefabs/Birch Trees/Birch Tree 5.prefab using Guid(efd49cb640cc4554e9bdcd381151fa05) Importer(815301076,1909f56bfc062723c751e8b465ee728b)  -> (artifact id: 'bf8f34938b2e26682dd09e77181464bb') in 0.025219 seconds 
Editor requested this worker to shutdown with reason: Scaling down because of idle timeout
AssetImportWorker is now disconnected from the server
Process exiting
Exiting without the bug reporter. Application will terminate with return code 0