Using pre-set license
Built from '2022.1/staging' branch; Version is '2022.1.15f1 (42973686a05c) revision 4364086'; Using compiler version '192829333'; Build Type 'Release'
OS: 'Windows 11  (10.0.22000) 64bit Core' Language: 'en' Physical Memory: 16335 MB
BatchMode: 1, IsHumanControllingUs: 0, StartBugReporterOnCrash: 0, Is64bit: 1, IsPro: 1

COMMAND LINE ARGUMENTS:
C:\Program Files\Unity\Hub\Editor\2022.1.15f1\Editor\Unity.exe
-adb2
-batchMode
-noUpm
-name
AssetImportWorker11
-projectPath
E:/VR Development/Autumnotive
-logFile
Logs/AssetImportWorker11.log
-srvPort
64063
Successfully changed project path to: E:/VR Development/Autumnotive
E:/VR Development/Autumnotive
[UnityMemory] Configuration Parameters - Can be set up in boot.config
    "memorysetup-bucket-allocator-granularity=16"
    "memorysetup-bucket-allocator-bucket-count=8"
    "memorysetup-bucket-allocator-block-size=33554432"
    "memorysetup-bucket-allocator-block-count=8"
    "memorysetup-main-allocator-block-size=16777216"
    "memorysetup-thread-allocator-block-size=16777216"
    "memorysetup-gfx-main-allocator-block-size=16777216"
    "memorysetup-gfx-thread-allocator-block-size=16777216"
    "memorysetup-cache-allocator-block-size=4194304"
    "memorysetup-typetree-allocator-block-size=2097152"
    "memorysetup-profiler-bucket-allocator-granularity=16"
    "memorysetup-profiler-bucket-allocator-bucket-count=8"
    "memorysetup-profiler-bucket-allocator-block-size=33554432"
    "memorysetup-profiler-bucket-allocator-block-count=8"
    "memorysetup-profiler-allocator-block-size=16777216"
    "memorysetup-profiler-editor-allocator-block-size=1048576"
    "memorysetup-temp-allocator-size-main=16777216"
    "memorysetup-job-temp-allocator-block-size=2097152"
    "memorysetup-job-temp-allocator-block-size-background=1048576"
    "memorysetup-job-temp-allocator-reduction-small-platforms=262144"
    "memorysetup-temp-allocator-size-background-worker=32768"
    "memorysetup-temp-allocator-size-job-worker=262144"
    "memorysetup-temp-allocator-size-preload-manager=33554432"
    "memorysetup-temp-allocator-size-nav-mesh-worker=65536"
    "memorysetup-temp-allocator-size-audio-worker=65536"
    "memorysetup-temp-allocator-size-cloud-worker=32768"
    "memorysetup-temp-allocator-size-gi-baking-worker=262144"
    "memorysetup-temp-allocator-size-gfx=262144"
Refreshing native plugins compatible for Editor in 140.11 ms, found 3 plugins.
Preloading 0 native plugins for Editor in 0.00 ms.
Initialize engine version: 2022.1.15f1 (42973686a05c)
[Subsystems] Discovering subsystems at path C:/Program Files/Unity/Hub/Editor/2022.1.15f1/Editor/Data/Resources/UnitySubsystems
[Subsystems] Discovering subsystems at path E:/VR Development/Autumnotive/Assets
GfxDevice: creating device client; threaded=0; jobified=0
Direct3D:
    Version:  Direct3D 11.0 [level 11.1]
    Renderer: NVIDIA GeForce GTX 1660 Ti (ID=0x2182)
    Vendor:   NVIDIA
    VRAM:     5991 MB
    Driver:   31.0.15.1659
Initialize mono
Mono path[0] = 'C:/Program Files/Unity/Hub/Editor/2022.1.15f1/Editor/Data/Managed'
Mono path[1] = 'C:/Program Files/Unity/Hub/Editor/2022.1.15f1/Editor/Data/MonoBleedingEdge/lib/mono/unityjit-win32'
Mono config path = 'C:/Program Files/Unity/Hub/Editor/2022.1.15f1/Editor/Data/MonoBleedingEdge/etc'
Using monoOptions --debugger-agent=transport=dt_socket,embedding=1,server=y,suspend=n,address=127.0.0.1:56280
Begin MonoManager ReloadAssembly
Registering precompiled unity dll's ...
Register platform support module: C:/Program Files/Unity/Hub/Editor/2022.1.15f1/Editor/Data/PlaybackEngines/WindowsStandaloneSupport/UnityEditor.WindowsStandalone.Extensions.dll
Registered in 0.006716 seconds.
Native extension for WindowsStandalone target not found
Refreshing native plugins compatible for Editor in 113.10 ms, found 3 plugins.
Preloading 0 native plugins for Editor in 0.00 ms.
Mono: successfully reloaded assembly
- Completed reload, in  0.703 seconds
Domain Reload Profiling:
	ReloadAssembly (703ms)
		BeginReloadAssembly (93ms)
			ExecutionOrderSort (0ms)
			DisableScriptedObjects (0ms)
			BackupInstance (0ms)
			ReleaseScriptingObjects (0ms)
			CreateAndSetChildDomain (1ms)
		EndReloadAssembly (498ms)
			LoadAssemblies (91ms)
			RebuildTransferFunctionScriptingTraits (0ms)
			SetupTypeCache (110ms)
				TypeCache.Initialize (110ms)
					TypeCache.ScanAssembly (109ms)
				ResolveRequiredComponents (0ms)
			ReleaseScriptCaches (0ms)
			RebuildScriptCaches (29ms)
			SetupLoadedEditorAssemblies (296ms)
				LogAssemblyErrors (0ms)
				InitializePlatformSupportModulesInManaged (6ms)
				SetLoadedEditorAssemblies (6ms)
				RefreshPlugins (113ms)
				BeforeProcessingInitializeOnLoad (1ms)
				ProcessInitializeOnLoadAttributes (126ms)
				ProcessInitializeOnLoadMethodAttributes (43ms)
				AfterProcessingInitializeOnLoad (0ms)
				EditorAssembliesLoaded (0ms)
			ExecutionOrderSort2 (0ms)
			AwakeInstancesAfterBackupRestoration (0ms)
Platform modules already initialized, skipping
Registering precompiled user dll's ...
Registered in 0.010511 seconds.
Begin MonoManager ReloadAssembly
Symbol file LoadedFromMemory doesn't match image E:\VR Development\Autumnotive\Library\PackageCache\com.unity.visualscripting@1.7.8\Editor\VisualScripting.Core\Dependencies\YamlDotNet\Unity.VisualScripting.YamlDotNet.dll
Symbol file LoadedFromMemory doesn't match image E:\VR Development\Autumnotive\Library\PackageCache\com.unity.visualscripting@1.7.8\Editor\VisualScripting.Core\Dependencies\DotNetZip\Unity.VisualScripting.IonicZip.dll
Native extension for WindowsStandalone target not found
Refreshing native plugins compatible for Editor in 104.03 ms, found 3 plugins.
Preloading 0 native plugins for Editor in 0.00 ms.
Mono: successfully reloaded assembly
- Completed reload, in  1.250 seconds
Domain Reload Profiling:
	ReloadAssembly (1251ms)
		BeginReloadAssembly (96ms)
			ExecutionOrderSort (0ms)
			DisableScriptedObjects (4ms)
			BackupInstance (0ms)
			ReleaseScriptingObjects (0ms)
			CreateAndSetChildDomain (17ms)
		EndReloadAssembly (1044ms)
			LoadAssemblies (92ms)
			RebuildTransferFunctionScriptingTraits (0ms)
			SetupTypeCache (238ms)
				TypeCache.Initialize (228ms)
					TypeCache.ScanAssembly (224ms)
				ResolveRequiredComponents (10ms)
			ReleaseScriptCaches (1ms)
			RebuildScriptCaches (49ms)
			SetupLoadedEditorAssemblies (601ms)
				LogAssemblyErrors (0ms)
				InitializePlatformSupportModulesInManaged (3ms)
				SetLoadedEditorAssemblies (4ms)
				RefreshPlugins (104ms)
				BeforeProcessingInitializeOnLoad (168ms)
				ProcessInitializeOnLoadAttributes (245ms)
				ProcessInitializeOnLoadMethodAttributes (71ms)
				AfterProcessingInitializeOnLoad (6ms)
				EditorAssembliesLoaded (0ms)
			ExecutionOrderSort2 (0ms)
			AwakeInstancesAfterBackupRestoration (6ms)
Platform modules already initialized, skipping
========================================================================
Worker process is ready to serve import requests
Launched and connected shader compiler UnityShaderCompiler.exe after 0.04 seconds
Refreshing native plugins compatible for Editor in 1.00 ms, found 3 plugins.
Preloading 0 native plugins for Editor in 0.00 ms.
Unloading 5072 Unused Serialized files (Serialized files now loaded: 0)
Unloading 31 unused Assets / (352.3 KB). Loaded Objects now: 5539.
Memory consumption went from 0.79 GB to 0.79 GB.
Total: 3.534900 ms (FindLiveObjects: 0.425500 ms CreateObjectMapping: 0.136800 ms MarkObjects: 2.701800 ms  DeleteObjects: 0.269900 ms)

AssetImportParameters requested are different than current active one (requested -> active):
  custom:video-decoder-ogg-theora: a1e56fd34408186e4bbccfd4996cb3dc -> 
  custom:container-muxer-webm: aa71ff27fc2769a1b78a27578f13a17b -> 
  custom:container-demuxer-webm: 4f35f7cbe854078d1ac9338744f61a02 -> 
  custom:video-encoder-webm-vp8: eb34c28f22e8b96e1ab97ce403110664 -> 
  custom:audio-encoder-webm-vorbis: bf7c407c2cedff20999df2af8eb42d56 -> 
  custom:framework-win-MediaFoundation: 216162199b28c13a410421893ffa2e32 -> 
  custom:container-demuxer-ogg: 62fdf1f143b41e24485cea50d1cbac27 -> 
  custom:video-decoder-webm-vp8: 9c59270c3fd7afecdb556c50c9e8de78 -> 
  custom:audio-decoder-ogg-vorbis: bf7c407c2cedff20999df2af8eb42d56 -> 
========================================================================
Received Import Request.
  Time since last request: 11941.504144 seconds.
  path: Assets/Farm Buildings - Sept 2018/OBJ/BigBarn.obj
  artifactKey: Guid(d7cc47d73c032e84fb04c3299e91b87a) Importer(815301076,1909f56bfc062723c751e8b465ee728b)
Start importing Assets/Farm Buildings - Sept 2018/OBJ/BigBarn.obj using Guid(d7cc47d73c032e84fb04c3299e91b87a) Importer(815301076,1909f56bfc062723c751e8b465ee728b)  -> (artifact id: 'b900aa06184e0720824e2802df8bbccc') in 0.392738 seconds 
========================================================================
Received Import Request.
  Time since last request: 0.000034 seconds.
  path: Assets/Farm Buildings - Sept 2018/OBJ/SmallBarn.obj
  artifactKey: Guid(f964858ff224b944798de90b90d04574) Importer(815301076,1909f56bfc062723c751e8b465ee728b)
Start importing Assets/Farm Buildings - Sept 2018/OBJ/SmallBarn.obj using Guid(f964858ff224b944798de90b90d04574) Importer(815301076,1909f56bfc062723c751e8b465ee728b)  -> (artifact id: 'cb3c5b9d9931d326297f17b3567848e5') in 0.076857 seconds 
========================================================================
Received Import Request.
  Time since last request: 0.000028 seconds.
  path: Assets/Farm Buildings - Sept 2018/OBJ/Windmill.obj
  artifactKey: Guid(fbff614cd5b0cc24ab065bdd5d8e822d) Importer(815301076,1909f56bfc062723c751e8b465ee728b)
Start importing Assets/Farm Buildings - Sept 2018/OBJ/Windmill.obj using Guid(fbff614cd5b0cc24ab065bdd5d8e822d) Importer(815301076,1909f56bfc062723c751e8b465ee728b)  -> (artifact id: 'c046de823f03c2cc47c406c182062c31') in 0.051540 seconds 
========================================================================
Received Import Request.
  Time since last request: 0.000033 seconds.
  path: Assets/Farm Buildings - Sept 2018/OBJ/Fence.obj
  artifactKey: Guid(d8928ae63808136429ef1a58015496ad) Importer(815301076,1909f56bfc062723c751e8b465ee728b)
Start importing Assets/Farm Buildings - Sept 2018/OBJ/Fence.obj using Guid(d8928ae63808136429ef1a58015496ad) Importer(815301076,1909f56bfc062723c751e8b465ee728b)  -> (artifact id: '55221dfa380b1a3106cdfb585693497f') in 0.042578 seconds 
========================================================================
Received Import Request.
  Time since last request: 0.000023 seconds.
  path: Assets/Farm Buildings - Sept 2018/OBJ/TowerWindmill.obj
  artifactKey: Guid(3deaa7674769d4e49980634a543b9516) Importer(815301076,1909f56bfc062723c751e8b465ee728b)
Start importing Assets/Farm Buildings - Sept 2018/OBJ/TowerWindmill.obj using Guid(3deaa7674769d4e49980634a543b9516) Importer(815301076,1909f56bfc062723c751e8b465ee728b)  -> (artifact id: '27b426d75c9c8b405bf4d745371be0f8') in 0.086999 seconds 
========================================================================
Received Import Request.
  Time since last request: 109.991754 seconds.
  path: Assets/Handpainted_Grass_and_Ground_Textures
  artifactKey: Guid(3a10bc0d9b878364490ca6e16a19d84f) Importer(815301076,1909f56bfc062723c751e8b465ee728b)
Start importing Assets/Handpainted_Grass_and_Ground_Textures using Guid(3a10bc0d9b878364490ca6e16a19d84f) Importer(815301076,1909f56bfc062723c751e8b465ee728b)  -> (artifact id: '41b9733a9b753e611d01183cf769e47a') in 0.006074 seconds 
========================================================================
Received Import Request.
  Time since last request: 0.781313 seconds.
  path: Assets/Handpainted_Grass_and_Ground_Textures/Textures
  artifactKey: Guid(547dc1e76fb957e40b1d76175f4d934c) Importer(815301076,1909f56bfc062723c751e8b465ee728b)
Start importing Assets/Handpainted_Grass_and_Ground_Textures/Textures using Guid(547dc1e76fb957e40b1d76175f4d934c) Importer(815301076,1909f56bfc062723c751e8b465ee728b)  -> (artifact id: '73134088d08ad8af152c70f5db87d9b1') in 0.005133 seconds 
========================================================================
Received Import Request.
  Time since last request: 0.888078 seconds.
  path: Assets/Handpainted_Grass_and_Ground_Textures/Textures/Dirt
  artifactKey: Guid(22083d95b4249964287aee78fd90c573) Importer(815301076,1909f56bfc062723c751e8b465ee728b)
Start importing Assets/Handpainted_Grass_and_Ground_Textures/Textures/Dirt using Guid(22083d95b4249964287aee78fd90c573) Importer(815301076,1909f56bfc062723c751e8b465ee728b)  -> (artifact id: 'a368dc6593ba0078c132047caa625276') in 0.002316 seconds 
========================================================================
Received Import Request.
  Time since last request: 2.686400 seconds.
  path: Assets/Handpainted_Grass_and_Ground_Textures/Textures/Dirt/dirt_overcorrupted
  artifactKey: Guid(23dcc5694810a584b996111a33580dcb) Importer(815301076,1909f56bfc062723c751e8b465ee728b)
Start importing Assets/Handpainted_Grass_and_Ground_Textures/Textures/Dirt/dirt_overcorrupted using Guid(23dcc5694810a584b996111a33580dcb) Importer(815301076,1909f56bfc062723c751e8b465ee728b)  -> (artifact id: '4d6d8aa1e70c8c4a5875ab55ca2d6965') in 0.006566 seconds 
========================================================================
Received Import Request.
  Time since last request: 0.895406 seconds.
  path: Assets/Handpainted_Grass_and_Ground_Textures/Textures/Dirt/dirt_overdesatured
  artifactKey: Guid(6e831e5cdc136a34eb2dfec551657549) Importer(815301076,1909f56bfc062723c751e8b465ee728b)
Start importing Assets/Handpainted_Grass_and_Ground_Textures/Textures/Dirt/dirt_overdesatured using Guid(6e831e5cdc136a34eb2dfec551657549) Importer(815301076,1909f56bfc062723c751e8b465ee728b)  -> (artifact id: '6233362b20ce1258dfd13126b24c92c4') in 0.005870 seconds 
========================================================================
Received Import Request.
  Time since last request: 8.212664 seconds.
  path: Assets/Handpainted_Grass_and_Ground_Textures/Textures/Grass/Grass_swamp_lighted
  artifactKey: Guid(fe0923e3eeda74b4d85bb541f3470699) Importer(815301076,1909f56bfc062723c751e8b465ee728b)
Start importing Assets/Handpainted_Grass_and_Ground_Textures/Textures/Grass/Grass_swamp_lighted using Guid(fe0923e3eeda74b4d85bb541f3470699) Importer(815301076,1909f56bfc062723c751e8b465ee728b)  -> (artifact id: '1c0dc09a4105a970c1780e445c483040') in 0.005573 seconds 
========================================================================
Received Import Request.
  Time since last request: 0.595097 seconds.
  path: Assets/Handpainted_Grass_and_Ground_Textures/Textures/Grass/Grass_swamp_normal
  artifactKey: Guid(4955cc00e7e8e8041b11500025d625f6) Importer(815301076,1909f56bfc062723c751e8b465ee728b)
Start importing Assets/Handpainted_Grass_and_Ground_Textures/Textures/Grass/Grass_swamp_normal using Guid(4955cc00e7e8e8041b11500025d625f6) Importer(815301076,1909f56bfc062723c751e8b465ee728b)  -> (artifact id: 'f8467b7270e50de1011d0691542ebff7') in 0.005275 seconds 
========================================================================
Received Import Request.
  Time since last request: 0.423394 seconds.
  path: Assets/Handpainted_Grass_and_Ground_Textures/Textures/Grass/Grass_swamp_dark
  artifactKey: Guid(be36384a508ba5a47a59fae7425f50b3) Importer(815301076,1909f56bfc062723c751e8b465ee728b)
Start importing Assets/Handpainted_Grass_and_Ground_Textures/Textures/Grass/Grass_swamp_dark using Guid(be36384a508ba5a47a59fae7425f50b3) Importer(815301076,1909f56bfc062723c751e8b465ee728b)  -> (artifact id: 'fda9e88afb9757febde25a801d959dae') in 0.005134 seconds 
========================================================================
Received Import Request.
  Time since last request: 0.486463 seconds.
  path: Assets/Handpainted_Grass_and_Ground_Textures/Textures/Grass/Grass_overcorrupted
  artifactKey: Guid(34cb6fae8668a0d44a494267d88c792f) Importer(815301076,1909f56bfc062723c751e8b465ee728b)
Start importing Assets/Handpainted_Grass_and_Ground_Textures/Textures/Grass/Grass_overcorrupted using Guid(34cb6fae8668a0d44a494267d88c792f) Importer(815301076,1909f56bfc062723c751e8b465ee728b)  -> (artifact id: '9f9e48756eb1f185397070acbd1fab72') in 0.005801 seconds 
========================================================================
Received Import Request.
  Time since last request: 55.012320 seconds.
  path: Assets/Handpainted_Grass_and_Ground_Textures/Demo/terrain_layers/Grass_swamp_dark_left.terrainlayer
  artifactKey: Guid(d7db9727f3802a04cae590170e40b962) Importer(815301076,1909f56bfc062723c751e8b465ee728b)
Start importing Assets/Handpainted_Grass_and_Ground_Textures/Demo/terrain_layers/Grass_swamp_dark_left.terrainlayer using Guid(d7db9727f3802a04cae590170e40b962) Importer(815301076,1909f56bfc062723c751e8b465ee728b)  -> (artifact id: 'bb4d38e97333469db6bd77362a3286df') in 0.036541 seconds 
========================================================================
Received Import Request.
  Time since last request: 0.000027 seconds.
  path: Assets/Handpainted_Grass_and_Ground_Textures/Demo/terrain_layers/Grass_swamp_lighted_right.terrainlayer
  artifactKey: Guid(e72ccc2826f771a468073aa270e29fff) Importer(815301076,1909f56bfc062723c751e8b465ee728b)
Start importing Assets/Handpainted_Grass_and_Ground_Textures/Demo/terrain_layers/Grass_swamp_lighted_right.terrainlayer using Guid(e72ccc2826f771a468073aa270e29fff) Importer(815301076,1909f56bfc062723c751e8b465ee728b)  -> (artifact id: '525bb8fc3ecbd860bb736c05fee00be0') in 0.018874 seconds 
========================================================================
Received Import Request.
  Time since last request: 0.000026 seconds.
  path: Assets/Handpainted_Grass_and_Ground_Textures/Demo/terrain_layers/Grass_swamp_normal_up.terrainlayer
  artifactKey: Guid(69952f0c7c34dca489b4215ee2e77310) Importer(815301076,1909f56bfc062723c751e8b465ee728b)
Start importing Assets/Handpainted_Grass_and_Ground_Textures/Demo/terrain_layers/Grass_swamp_normal_up.terrainlayer using Guid(69952f0c7c34dca489b4215ee2e77310) Importer(815301076,1909f56bfc062723c751e8b465ee728b)  -> (artifact id: '13ba82aa2ab353f7a1e5412a8ccae830') in 0.030457 seconds 
========================================================================
Received Import Request.
  Time since last request: 0.000038 seconds.
  path: Assets/Handpainted_Grass_and_Ground_Textures/Demo/terrain_layers/Grass_swamp_normal_left.terrainlayer
  artifactKey: Guid(055834330a513be4794397d9ee7d6802) Importer(815301076,1909f56bfc062723c751e8b465ee728b)
Start importing Assets/Handpainted_Grass_and_Ground_Textures/Demo/terrain_layers/Grass_swamp_normal_left.terrainlayer using Guid(055834330a513be4794397d9ee7d6802) Importer(815301076,1909f56bfc062723c751e8b465ee728b)  -> (artifact id: '84d8852247b6a18290880954e7db3206') in 0.023856 seconds 
========================================================================
Received Import Request.
  Time since last request: 0.000047 seconds.
  path: Assets/Handpainted_Grass_and_Ground_Textures/Demo/terrain_layers/Grass_swamp_normal_down.terrainlayer
  artifactKey: Guid(05929a4aec087074ba39c7059d3324c2) Importer(815301076,1909f56bfc062723c751e8b465ee728b)
Start importing Assets/Handpainted_Grass_and_Ground_Textures/Demo/terrain_layers/Grass_swamp_normal_down.terrainlayer using Guid(05929a4aec087074ba39c7059d3324c2) Importer(815301076,1909f56bfc062723c751e8b465ee728b)  -> (artifact id: '847fbd91360675d55fc2f1b770756177') in 0.023036 seconds 
========================================================================
Received Import Request.
  Time since last request: 0.000027 seconds.
  path: Assets/Handpainted_Grass_and_Ground_Textures/Demo/terrain_layers/Grass_swamp_lighted_down.terrainlayer
  artifactKey: Guid(7652dbca45f54b2428b5131140fb55de) Importer(815301076,1909f56bfc062723c751e8b465ee728b)
Start importing Assets/Handpainted_Grass_and_Ground_Textures/Demo/terrain_layers/Grass_swamp_lighted_down.terrainlayer using Guid(7652dbca45f54b2428b5131140fb55de) Importer(815301076,1909f56bfc062723c751e8b465ee728b)  -> (artifact id: '29121f3d7ad4fcb3b5e2575bcad558d0') in 0.022535 seconds 
========================================================================
Received Import Request.
  Time since last request: 0.000033 seconds.
  path: Assets/Handpainted_Grass_and_Ground_Textures/Demo/terrain_layers/Grass_swamp_dark_up.terrainlayer
  artifactKey: Guid(ae6d998d1ab092a489d8fd2c714eea4e) Importer(815301076,1909f56bfc062723c751e8b465ee728b)
Start importing Assets/Handpainted_Grass_and_Ground_Textures/Demo/terrain_layers/Grass_swamp_dark_up.terrainlayer using Guid(ae6d998d1ab092a489d8fd2c714eea4e) Importer(815301076,1909f56bfc062723c751e8b465ee728b)  -> (artifact id: '3b846a52ccd49bb19498cb3ea599e8f8') in 0.086041 seconds 
========================================================================
Received Import Request.
  Time since last request: 2.885443 seconds.
  path: Assets/Handpainted_Grass_and_Ground_Textures/Demo/terrain_layers/Grass_swamp_dark_down.terrainlayer
  artifactKey: Guid(e77487ebc7a4c9747aae876dd8f3f576) Importer(815301076,1909f56bfc062723c751e8b465ee728b)
Start importing Assets/Handpainted_Grass_and_Ground_Textures/Demo/terrain_layers/Grass_swamp_dark_down.terrainlayer using Guid(e77487ebc7a4c9747aae876dd8f3f576) Importer(815301076,1909f56bfc062723c751e8b465ee728b)  -> (artifact id: '353e91ca09a622a89541bf9ba7a05d1e') in 0.013675 seconds 
========================================================================
Received Import Request.
  Time since last request: 438.550627 seconds.
  path: Assets
  artifactKey: Guid(00000000000000001000000000000000) Importer(815301076,1909f56bfc062723c751e8b465ee728b)
Start importing Assets using Guid(00000000000000001000000000000000) Importer(815301076,1909f56bfc062723c751e8b465ee728b)  -> (artifact id: '643dbe22ecb75e7bba7c4df53f6b1cbf') in 0.009504 seconds 
========================================================================
Received Import Request.
  Time since last request: 11.000241 seconds.
  path: Assets/New Material.mat
  artifactKey: Guid(8261480eedfb5cf4b8e903270346e785) Importer(815301076,1909f56bfc062723c751e8b465ee728b)
Start importing Assets/New Material.mat using Guid(8261480eedfb5cf4b8e903270346e785) Importer(815301076,1909f56bfc062723c751e8b465ee728b)  -> (artifact id: '69f0e65463d18e32e66f5377c775edd9') in 0.025529 seconds 
========================================================================
Received Import Request.
  Time since last request: 116.046896 seconds.
  path: Assets/Handpainted_Grass_and_Ground_Textures/Textures/Grass/Grass_normal/NewLayer 4.terrainlayer
  artifactKey: Guid(da63ef631c21a8a4d95269fbc82d8561) Importer(815301076,1909f56bfc062723c751e8b465ee728b)
Start importing Assets/Handpainted_Grass_and_Ground_Textures/Textures/Grass/Grass_normal/NewLayer 4.terrainlayer using Guid(da63ef631c21a8a4d95269fbc82d8561) Importer(815301076,1909f56bfc062723c751e8b465ee728b)  -> (artifact id: '41fc898afa03cc62b5feed1f8aaaa4a2') in 0.105927 seconds 
========================================================================
Received Import Request.
  Time since last request: 16.298404 seconds.
  path: Assets/Handpainted_Grass_and_Ground_Textures/Demo/terrain_layers/Grass_normal_down.terrainlayer
  artifactKey: Guid(68e602da48e73564e9f8e9125f0b8998) Importer(815301076,1909f56bfc062723c751e8b465ee728b)
Start importing Assets/Handpainted_Grass_and_Ground_Textures/Demo/terrain_layers/Grass_normal_down.terrainlayer using Guid(68e602da48e73564e9f8e9125f0b8998) Importer(815301076,1909f56bfc062723c751e8b465ee728b)  -> (artifact id: '3c2d75dae03f8cb39f42c7a0ea769c33') in 0.017165 seconds 
========================================================================
Received Prepare
Registering precompiled user dll's ...
Registered in 0.010214 seconds.
Begin MonoManager ReloadAssembly
Symbol file LoadedFromMemory doesn't match image E:\VR Development\Autumnotive\Library\PackageCache\com.unity.visualscripting@1.7.8\Editor\VisualScripting.Core\Dependencies\YamlDotNet\Unity.VisualScripting.YamlDotNet.dll
Symbol file LoadedFromMemory doesn't match image E:\VR Development\Autumnotive\Library\PackageCache\com.unity.visualscripting@1.7.8\Editor\VisualScripting.Core\Dependencies\DotNetZip\Unity.VisualScripting.IonicZip.dll
Native extension for WindowsStandalone target not found
Refreshing native plugins compatible for Editor in 1.38 ms, found 3 plugins.
Preloading 0 native plugins for Editor in 0.00 ms.
Mono: successfully reloaded assembly
- Completed reload, in  1.425 seconds
Domain Reload Profiling:
	ReloadAssembly (1426ms)
		BeginReloadAssembly (163ms)
			ExecutionOrderSort (0ms)
			DisableScriptedObjects (9ms)
			BackupInstance (0ms)
			ReleaseScriptingObjects (0ms)
			CreateAndSetChildDomain (50ms)
		EndReloadAssembly (1131ms)
			LoadAssemblies (125ms)
			RebuildTransferFunctionScriptingTraits (0ms)
			SetupTypeCache (290ms)
				TypeCache.Initialize (280ms)
					TypeCache.ScanAssembly (273ms)
				ResolveRequiredComponents (10ms)
			ReleaseScriptCaches (2ms)
			RebuildScriptCaches (49ms)
			SetupLoadedEditorAssemblies (563ms)
				LogAssemblyErrors (0ms)
				InitializePlatformSupportModulesInManaged (15ms)
				SetLoadedEditorAssemblies (7ms)
				RefreshPlugins (1ms)
				BeforeProcessingInitializeOnLoad (193ms)
				ProcessInitializeOnLoadAttributes (252ms)
				ProcessInitializeOnLoadMethodAttributes (88ms)
				AfterProcessingInitializeOnLoad (6ms)
				EditorAssembliesLoaded (0ms)
			ExecutionOrderSort2 (0ms)
			AwakeInstancesAfterBackupRestoration (12ms)
Platform modules already initialized, skipping
Refreshing native plugins compatible for Editor in 3.60 ms, found 3 plugins.
Preloading 0 native plugins for Editor in 0.00 ms.
Unloading 4938 Unused Serialized files (Serialized files now loaded: 0)
Unloading 24 unused Assets / (309.9 KB). Loaded Objects now: 5631.
Memory consumption went from 0.77 GB to 0.77 GB.
Total: 4.131800 ms (FindLiveObjects: 0.549600 ms CreateObjectMapping: 0.169100 ms MarkObjects: 3.321700 ms  DeleteObjects: 0.090100 ms)

AssetImportParameters requested are different than current active one (requested -> active):
  custom:video-decoder-ogg-theora: a1e56fd34408186e4bbccfd4996cb3dc -> 
  custom:container-muxer-webm: aa71ff27fc2769a1b78a27578f13a17b -> 
  custom:container-demuxer-webm: 4f35f7cbe854078d1ac9338744f61a02 -> 
  custom:video-encoder-webm-vp8: eb34c28f22e8b96e1ab97ce403110664 -> 
  custom:audio-encoder-webm-vorbis: bf7c407c2cedff20999df2af8eb42d56 -> 
  custom:framework-win-MediaFoundation: 216162199b28c13a410421893ffa2e32 -> 
  custom:container-demuxer-ogg: 62fdf1f143b41e24485cea50d1cbac27 -> 
  custom:video-decoder-webm-vp8: 9c59270c3fd7afecdb556c50c9e8de78 -> 
  custom:audio-decoder-ogg-vorbis: bf7c407c2cedff20999df2af8eb42d56 -> 
========================================================================
Received Import Request.
  Time since last request: 100.116425 seconds.
  path: Assets/Handpainted_Grass_and_Ground_Textures/Textures/Grass/Grass_normal/NewLayer 1.terrainlayer
  artifactKey: Guid(408432f320f8683459cbefea7db0ffbd) Importer(815301076,1909f56bfc062723c751e8b465ee728b)
Start importing Assets/Handpainted_Grass_and_Ground_Textures/Textures/Grass/Grass_normal/NewLayer 1.terrainlayer using Guid(408432f320f8683459cbefea7db0ffbd) Importer(815301076,1909f56bfc062723c751e8b465ee728b)  -> (artifact id: '5ad9220c7f1aaf6558c85faee4364e48') in 0.054740 seconds 
========================================================================
Received Import Request.
  Time since last request: 8.141874 seconds.
  path: Assets/Handpainted_Grass_and_Ground_Textures/Demo/terrain_layers/dirt_lighted_down.terrainlayer
  artifactKey: Guid(9d3c14d093c5efa488e582f9a1b2f663) Importer(815301076,1909f56bfc062723c751e8b465ee728b)
Start importing Assets/Handpainted_Grass_and_Ground_Textures/Demo/terrain_layers/dirt_lighted_down.terrainlayer using Guid(9d3c14d093c5efa488e582f9a1b2f663) Importer(815301076,1909f56bfc062723c751e8b465ee728b)  -> (artifact id: 'bb01657a2a7d710cb249dfcbc464ea27') in 0.159250 seconds 
========================================================================
Received Import Request.
  Time since last request: 0.481412 seconds.
  path: Assets/Handpainted_Grass_and_Ground_Textures/Textures/Grass/Grass_normal/NewLayer.terrainlayer
  artifactKey: Guid(b51ad75a6735cbc4d8af545b618d1b80) Importer(815301076,1909f56bfc062723c751e8b465ee728b)
Start importing Assets/Handpainted_Grass_and_Ground_Textures/Textures/Grass/Grass_normal/NewLayer.terrainlayer using Guid(b51ad75a6735cbc4d8af545b618d1b80) Importer(815301076,1909f56bfc062723c751e8b465ee728b)  -> (artifact id: '4a9695cb6622f0da3273ea4d7a5ca5fd') in 0.017396 seconds 
========================================================================
Received Import Request.
  Time since last request: 0.570202 seconds.
  path: Assets/Handpainted_Grass_and_Ground_Textures/Demo/terrain_layers/Grass_desatured_down.terrainlayer
  artifactKey: Guid(6cc09a088a350a64fa9c4fdadce1ce3b) Importer(815301076,1909f56bfc062723c751e8b465ee728b)
Start importing Assets/Handpainted_Grass_and_Ground_Textures/Demo/terrain_layers/Grass_desatured_down.terrainlayer using Guid(6cc09a088a350a64fa9c4fdadce1ce3b) Importer(815301076,1909f56bfc062723c751e8b465ee728b)  -> (artifact id: '3c1eeb8df3b5bff083dae1cdfe0ce75c') in 0.013810 seconds 
========================================================================
Received Import Request.
  Time since last request: 0.449382 seconds.
  path: Assets/Handpainted_Grass_and_Ground_Textures/Textures/Grass/Grass_normal/NewLayer 8.terrainlayer
  artifactKey: Guid(0480bc907e1b8d24480e74d51a727704) Importer(815301076,1909f56bfc062723c751e8b465ee728b)
Start importing Assets/Handpainted_Grass_and_Ground_Textures/Textures/Grass/Grass_normal/NewLayer 8.terrainlayer using Guid(0480bc907e1b8d24480e74d51a727704) Importer(815301076,1909f56bfc062723c751e8b465ee728b)  -> (artifact id: '95fd5b1e513848821b1be06354c5cff6') in 0.017812 seconds 
========================================================================
Received Import Request.
  Time since last request: 1.865753 seconds.
  path: Assets/Handpainted_Grass_and_Ground_Textures/Textures/Grass/Grass_normal/NewLayer 7.terrainlayer
  artifactKey: Guid(e54b38ab979278849bc6a2d2b8f1ed86) Importer(815301076,1909f56bfc062723c751e8b465ee728b)
Start importing Assets/Handpainted_Grass_and_Ground_Textures/Textures/Grass/Grass_normal/NewLayer 7.terrainlayer using Guid(e54b38ab979278849bc6a2d2b8f1ed86) Importer(815301076,1909f56bfc062723c751e8b465ee728b)  -> (artifact id: '58a44f506aa52f375bc2dfe0be7d285e') in 0.017345 seconds 
========================================================================
Received Import Request.
  Time since last request: 0.610923 seconds.
  path: Assets/Handpainted_Grass_and_Ground_Textures/Textures/Grass/Grass_normal/NewLayer 6.terrainlayer
  artifactKey: Guid(9fda5d47f56fb1f49aad5f1b884f21fa) Importer(815301076,1909f56bfc062723c751e8b465ee728b)
Start importing Assets/Handpainted_Grass_and_Ground_Textures/Textures/Grass/Grass_normal/NewLayer 6.terrainlayer using Guid(9fda5d47f56fb1f49aad5f1b884f21fa) Importer(815301076,1909f56bfc062723c751e8b465ee728b)  -> (artifact id: '1739604bc05cb12d79da31e1812ff3ab') in 0.016244 seconds 
========================================================================
Received Import Request.
  Time since last request: 0.169805 seconds.
  path: Assets/Handpainted_Grass_and_Ground_Textures/Textures/Grass/Grass_normal/NewLayer 5.terrainlayer
  artifactKey: Guid(72b11a658e531fa49bc5e6f0101ec1cb) Importer(815301076,1909f56bfc062723c751e8b465ee728b)
Start importing Assets/Handpainted_Grass_and_Ground_Textures/Textures/Grass/Grass_normal/NewLayer 5.terrainlayer using Guid(72b11a658e531fa49bc5e6f0101ec1cb) Importer(815301076,1909f56bfc062723c751e8b465ee728b)  -> (artifact id: '18493223102ce0a0ccb4d572e6200197') in 0.018690 seconds 
========================================================================
Received Import Request.
  Time since last request: 0.234618 seconds.
  path: Assets/Handpainted_Grass_and_Ground_Textures/Textures/Grass/Grass_normal/NewLayer 3.terrainlayer
  artifactKey: Guid(309825a850cc91e4a81b5e57dfb184f4) Importer(815301076,1909f56bfc062723c751e8b465ee728b)
Start importing Assets/Handpainted_Grass_and_Ground_Textures/Textures/Grass/Grass_normal/NewLayer 3.terrainlayer using Guid(309825a850cc91e4a81b5e57dfb184f4) Importer(815301076,1909f56bfc062723c751e8b465ee728b)  -> (artifact id: '4165359e70dbddf1895c2cbf9bd88352') in 0.038693 seconds 
========================================================================
Received Import Request.
  Time since last request: 0.238425 seconds.
  path: Assets/Handpainted_Grass_and_Ground_Textures/Textures/Grass/Grass_normal/NewLayer 2.terrainlayer
  artifactKey: Guid(5de729baa610dd74f821cedfa8eae311) Importer(815301076,1909f56bfc062723c751e8b465ee728b)
Start importing Assets/Handpainted_Grass_and_Ground_Textures/Textures/Grass/Grass_normal/NewLayer 2.terrainlayer using Guid(5de729baa610dd74f821cedfa8eae311) Importer(815301076,1909f56bfc062723c751e8b465ee728b)  -> (artifact id: '2a56527b38218efffe9310f3914506c2') in 0.018071 seconds 
