Using pre-set license
Built from '2022.1/staging' branch; Version is '2022.1.15f1 (42973686a05c) revision 4364086'; Using compiler version '192829333'; Build Type 'Release'
OS: 'Windows 11  (10.0.22000) 64bit Core' Language: 'en' Physical Memory: 16335 MB
BatchMode: 1, IsHumanControllingUs: 0, StartBugReporterOnCrash: 0, Is64bit: 1, IsPro: 1

COMMAND LINE ARGUMENTS:
C:\Program Files\Unity\Hub\Editor\2022.1.15f1\Editor\Unity.exe
-adb2
-batchMode
-noUpm
-name
AssetImportWorker4
-projectPath
E:/VR Development/Autumnotive
-logFile
Logs/AssetImportWorker4.log
-srvPort
60712
Successfully changed project path to: E:/VR Development/Autumnotive
E:/VR Development/Autumnotive
[UnityMemory] Configuration Parameters - Can be set up in boot.config
    "memorysetup-bucket-allocator-granularity=16"
    "memorysetup-bucket-allocator-bucket-count=8"
    "memorysetup-bucket-allocator-block-size=33554432"
    "memorysetup-bucket-allocator-block-count=8"
    "memorysetup-main-allocator-block-size=16777216"
    "memorysetup-thread-allocator-block-size=16777216"
    "memorysetup-gfx-main-allocator-block-size=16777216"
    "memorysetup-gfx-thread-allocator-block-size=16777216"
    "memorysetup-cache-allocator-block-size=4194304"
    "memorysetup-typetree-allocator-block-size=2097152"
    "memorysetup-profiler-bucket-allocator-granularity=16"
    "memorysetup-profiler-bucket-allocator-bucket-count=8"
    "memorysetup-profiler-bucket-allocator-block-size=33554432"
    "memorysetup-profiler-bucket-allocator-block-count=8"
    "memorysetup-profiler-allocator-block-size=16777216"
    "memorysetup-profiler-editor-allocator-block-size=1048576"
    "memorysetup-temp-allocator-size-main=16777216"
    "memorysetup-job-temp-allocator-block-size=2097152"
    "memorysetup-job-temp-allocator-block-size-background=1048576"
    "memorysetup-job-temp-allocator-reduction-small-platforms=262144"
    "memorysetup-temp-allocator-size-background-worker=32768"
    "memorysetup-temp-allocator-size-job-worker=262144"
    "memorysetup-temp-allocator-size-preload-manager=33554432"
    "memorysetup-temp-allocator-size-nav-mesh-worker=65536"
    "memorysetup-temp-allocator-size-audio-worker=65536"
    "memorysetup-temp-allocator-size-cloud-worker=32768"
    "memorysetup-temp-allocator-size-gi-baking-worker=262144"
    "memorysetup-temp-allocator-size-gfx=262144"
Refreshing native plugins compatible for Editor in 96.39 ms, found 3 plugins.
Preloading 0 native plugins for Editor in 0.00 ms.
Initialize engine version: 2022.1.15f1 (42973686a05c)
[Subsystems] Discovering subsystems at path C:/Program Files/Unity/Hub/Editor/2022.1.15f1/Editor/Data/Resources/UnitySubsystems
[Subsystems] Discovering subsystems at path E:/VR Development/Autumnotive/Assets
GfxDevice: creating device client; threaded=0; jobified=0
Direct3D:
    Version:  Direct3D 11.0 [level 11.1]
    Renderer: NVIDIA GeForce GTX 1660 Ti (ID=0x2182)
    Vendor:   NVIDIA
    VRAM:     5991 MB
    Driver:   31.0.15.1659
Initialize mono
Mono path[0] = 'C:/Program Files/Unity/Hub/Editor/2022.1.15f1/Editor/Data/Managed'
Mono path[1] = 'C:/Program Files/Unity/Hub/Editor/2022.1.15f1/Editor/Data/MonoBleedingEdge/lib/mono/unityjit-win32'
Mono config path = 'C:/Program Files/Unity/Hub/Editor/2022.1.15f1/Editor/Data/MonoBleedingEdge/etc'
Using monoOptions --debugger-agent=transport=dt_socket,embedding=1,server=y,suspend=n,address=127.0.0.1:56420
Begin MonoManager ReloadAssembly
Registering precompiled unity dll's ...
Register platform support module: C:/Program Files/Unity/Hub/Editor/2022.1.15f1/Editor/Data/PlaybackEngines/WindowsStandaloneSupport/UnityEditor.WindowsStandalone.Extensions.dll
Registered in 0.005659 seconds.
Native extension for WindowsStandalone target not found
Refreshing native plugins compatible for Editor in 100.40 ms, found 3 plugins.
Preloading 0 native plugins for Editor in 0.00 ms.
Mono: successfully reloaded assembly
- Completed reload, in  0.612 seconds
Domain Reload Profiling:
	ReloadAssembly (613ms)
		BeginReloadAssembly (62ms)
			ExecutionOrderSort (0ms)
			DisableScriptedObjects (0ms)
			BackupInstance (0ms)
			ReleaseScriptingObjects (0ms)
			CreateAndSetChildDomain (1ms)
		EndReloadAssembly (447ms)
			LoadAssemblies (60ms)
			RebuildTransferFunctionScriptingTraits (0ms)
			SetupTypeCache (102ms)
				TypeCache.Initialize (102ms)
					TypeCache.ScanAssembly (100ms)
				ResolveRequiredComponents (0ms)
			ReleaseScriptCaches (0ms)
			RebuildScriptCaches (23ms)
			SetupLoadedEditorAssemblies (266ms)
				LogAssemblyErrors (0ms)
				InitializePlatformSupportModulesInManaged (6ms)
				SetLoadedEditorAssemblies (5ms)
				RefreshPlugins (100ms)
				BeforeProcessingInitializeOnLoad (1ms)
				ProcessInitializeOnLoadAttributes (113ms)
				ProcessInitializeOnLoadMethodAttributes (40ms)
				AfterProcessingInitializeOnLoad (0ms)
				EditorAssembliesLoaded (0ms)
			ExecutionOrderSort2 (0ms)
			AwakeInstancesAfterBackupRestoration (0ms)
Platform modules already initialized, skipping
Registering precompiled user dll's ...
Registered in 0.011362 seconds.
Begin MonoManager ReloadAssembly
Symbol file LoadedFromMemory doesn't match image E:\VR Development\Autumnotive\Library\PackageCache\com.unity.visualscripting@1.7.8\Editor\VisualScripting.Core\Dependencies\YamlDotNet\Unity.VisualScripting.YamlDotNet.dll
Symbol file LoadedFromMemory doesn't match image E:\VR Development\Autumnotive\Library\PackageCache\com.unity.visualscripting@1.7.8\Editor\VisualScripting.Core\Dependencies\DotNetZip\Unity.VisualScripting.IonicZip.dll
Native extension for WindowsStandalone target not found
Refreshing native plugins compatible for Editor in 101.05 ms, found 3 plugins.
Preloading 0 native plugins for Editor in 0.00 ms.
Mono: successfully reloaded assembly
- Completed reload, in  1.267 seconds
Domain Reload Profiling:
	ReloadAssembly (1267ms)
		BeginReloadAssembly (100ms)
			ExecutionOrderSort (0ms)
			DisableScriptedObjects (5ms)
			BackupInstance (0ms)
			ReleaseScriptingObjects (0ms)
			CreateAndSetChildDomain (18ms)
		EndReloadAssembly (1054ms)
			LoadAssemblies (91ms)
			RebuildTransferFunctionScriptingTraits (0ms)
			SetupTypeCache (252ms)
				TypeCache.Initialize (241ms)
					TypeCache.ScanAssembly (237ms)
				ResolveRequiredComponents (11ms)
			ReleaseScriptCaches (1ms)
			RebuildScriptCaches (52ms)
			SetupLoadedEditorAssemblies (599ms)
				LogAssemblyErrors (0ms)
				InitializePlatformSupportModulesInManaged (4ms)
				SetLoadedEditorAssemblies (5ms)
				RefreshPlugins (101ms)
				BeforeProcessingInitializeOnLoad (179ms)
				ProcessInitializeOnLoadAttributes (235ms)
				ProcessInitializeOnLoadMethodAttributes (70ms)
				AfterProcessingInitializeOnLoad (6ms)
				EditorAssembliesLoaded (0ms)
			ExecutionOrderSort2 (0ms)
			AwakeInstancesAfterBackupRestoration (5ms)
Platform modules already initialized, skipping
========================================================================
Worker process is ready to serve import requests
Launched and connected shader compiler UnityShaderCompiler.exe after 0.05 seconds
Refreshing native plugins compatible for Editor in 0.87 ms, found 3 plugins.
Preloading 0 native plugins for Editor in 0.00 ms.
Unloading 5072 Unused Serialized files (Serialized files now loaded: 0)
Unloading 31 unused Assets / (350.4 KB). Loaded Objects now: 5530.
Memory consumption went from 0.79 GB to 0.79 GB.
Total: 3.345000 ms (FindLiveObjects: 0.387700 ms CreateObjectMapping: 0.119800 ms MarkObjects: 2.695500 ms  DeleteObjects: 0.141200 ms)

AssetImportParameters requested are different than current active one (requested -> active):
  custom:video-decoder-ogg-theora: a1e56fd34408186e4bbccfd4996cb3dc -> 
  custom:container-muxer-webm: aa71ff27fc2769a1b78a27578f13a17b -> 
  custom:container-demuxer-webm: 4f35f7cbe854078d1ac9338744f61a02 -> 
  custom:video-encoder-webm-vp8: eb34c28f22e8b96e1ab97ce403110664 -> 
  custom:audio-encoder-webm-vorbis: bf7c407c2cedff20999df2af8eb42d56 -> 
  custom:framework-win-MediaFoundation: 216162199b28c13a410421893ffa2e32 -> 
  custom:container-demuxer-ogg: 62fdf1f143b41e24485cea50d1cbac27 -> 
  custom:video-decoder-webm-vp8: 9c59270c3fd7afecdb556c50c9e8de78 -> 
  custom:audio-decoder-ogg-vorbis: bf7c407c2cedff20999df2af8eb42d56 -> 
========================================================================
Received Import Request.
  Time since last request: 29608.928953 seconds.
  path: Assets/vairogs_truck/textures/everytexture.com-stock-metal-texture-00022.jpg
  artifactKey: Guid(b378d5201a0b6b447be3a3988064e421) Importer(815301076,1909f56bfc062723c751e8b465ee728b)
Start importing Assets/vairogs_truck/textures/everytexture.com-stock-metal-texture-00022.jpg using Guid(b378d5201a0b6b447be3a3988064e421) Importer(815301076,1909f56bfc062723c751e8b465ee728b)  -> (artifact id: '903e8cfd43271ae3c70c65aa3ba7e56e') in 0.125881 seconds 
========================================================================
Received Import Request.
  Time since last request: 0.000033 seconds.
  path: Assets/vairogs_truck/textures/Metal004_1K_Metalness.jpg
  artifactKey: Guid(e4a45efac1d3fc344a9e995a3022eaf3) Importer(815301076,1909f56bfc062723c751e8b465ee728b)
Start importing Assets/vairogs_truck/textures/Metal004_1K_Metalness.jpg using Guid(e4a45efac1d3fc344a9e995a3022eaf3) Importer(815301076,1909f56bfc062723c751e8b465ee728b)  -> (artifact id: '046aea0acbc8271e82ec093ac64fbfcb') in 0.038232 seconds 
========================================================================
Received Import Request.
  Time since last request: 1.429357 seconds.
  path: Assets/vairogs_truck/textures/Metal025_1K_Color.jpg
  artifactKey: Guid(4de771dc7cd7e414ca992478fbacb19a) Importer(815301076,1909f56bfc062723c751e8b465ee728b)
Start importing Assets/vairogs_truck/textures/Metal025_1K_Color.jpg using Guid(4de771dc7cd7e414ca992478fbacb19a) Importer(815301076,1909f56bfc062723c751e8b465ee728b)  -> (artifact id: 'a5d9176a2e83268cacd6e65a3aed9655') in 0.021094 seconds 
========================================================================
Received Import Request.
  Time since last request: 0.773502 seconds.
  path: Assets/vairogs_truck/textures/Planks019_1K_Color.jpg
  artifactKey: Guid(ce6db500e38cadd4d87ee62a9853e4a7) Importer(815301076,1909f56bfc062723c751e8b465ee728b)
Start importing Assets/vairogs_truck/textures/Planks019_1K_Color.jpg using Guid(ce6db500e38cadd4d87ee62a9853e4a7) Importer(815301076,1909f56bfc062723c751e8b465ee728b)  -> (artifact id: 'a1178faf7ef7cbcbe2da5a0bfb2bf030') in 0.021314 seconds 
========================================================================
Received Import Request.
  Time since last request: 0.244471 seconds.
  path: Assets/vairogs_truck/textures/Planks019_1K_NormalGL.jpg
  artifactKey: Guid(b97f0da68df002841b496909076eddde) Importer(815301076,1909f56bfc062723c751e8b465ee728b)
Start importing Assets/vairogs_truck/textures/Planks019_1K_NormalGL.jpg using Guid(b97f0da68df002841b496909076eddde) Importer(815301076,1909f56bfc062723c751e8b465ee728b)  -> (artifact id: '4a5f2964c5fd9293147db30e63989ecc') in 0.048705 seconds 
========================================================================
Received Import Request.
  Time since last request: 4.898640 seconds.
  path: Assets/vairogs_truck/textures/Plastic011_1K_NormalGL.jpg
  artifactKey: Guid(8cf8bab5d84cfa64486dab96544ac165) Importer(815301076,1909f56bfc062723c751e8b465ee728b)
Start importing Assets/vairogs_truck/textures/Plastic011_1K_NormalGL.jpg using Guid(8cf8bab5d84cfa64486dab96544ac165) Importer(815301076,1909f56bfc062723c751e8b465ee728b)  -> (artifact id: '8739a3dbcf873caa01901123c8f0b3de') in 0.053516 seconds 
========================================================================
Received Import Request.
  Time since last request: 0.016774 seconds.
  path: Assets/vairogs_truck/textures/tyrediffusedirty.png
  artifactKey: Guid(5973f900d8a4936409f602aa670bf055) Importer(815301076,1909f56bfc062723c751e8b465ee728b)
Start importing Assets/vairogs_truck/textures/tyrediffusedirty.png using Guid(5973f900d8a4936409f602aa670bf055) Importer(815301076,1909f56bfc062723c751e8b465ee728b)  -> (artifact id: 'cb40ff36c70c9a81be91fc8bb0cab1b7') in 0.027595 seconds 
========================================================================
Received Import Request.
  Time since last request: 0.017351 seconds.
  path: Assets/vairogs_truck/textures/v8wheel_diffuse.png
  artifactKey: Guid(12fdef5b6d3484547976dc6a2f541af8) Importer(815301076,1909f56bfc062723c751e8b465ee728b)
Start importing Assets/vairogs_truck/textures/v8wheel_diffuse.png using Guid(12fdef5b6d3484547976dc6a2f541af8) Importer(815301076,1909f56bfc062723c751e8b465ee728b)  -> (artifact id: '2e678bf5a3768132b94e74ca6c9a2400') in 0.023898 seconds 
========================================================================
Received Import Request.
  Time since last request: 1.096858 seconds.
  path: Assets/vairogs_truck/textures/v8wheel_normal.png
  artifactKey: Guid(b20e5fa7ccd289a48a04dbacdb1e464b) Importer(815301076,1909f56bfc062723c751e8b465ee728b)
Start importing Assets/vairogs_truck/textures/v8wheel_normal.png using Guid(b20e5fa7ccd289a48a04dbacdb1e464b) Importer(815301076,1909f56bfc062723c751e8b465ee728b)  -> (artifact id: '4c60d6e89ff14ddb7ea987998e5c2e98') in 0.042890 seconds 
========================================================================
Received Import Request.
  Time since last request: 0.000019 seconds.
  path: Assets/vairogs_truck/textures/Wood073_1K_Roughness.jpg
  artifactKey: Guid(dfd0abfa7a7143e42a371054a49dbaf3) Importer(815301076,1909f56bfc062723c751e8b465ee728b)
Start importing Assets/vairogs_truck/textures/Wood073_1K_Roughness.jpg using Guid(dfd0abfa7a7143e42a371054a49dbaf3) Importer(815301076,1909f56bfc062723c751e8b465ee728b)  -> (artifact id: '9a4b05a4569031f9183308c493e78fed') in 0.026830 seconds 
========================================================================
Received Import Request.
  Time since last request: 140.747815 seconds.
  path: Assets/Buildings Pack - Jan 2019/OBJ/Building1_Small.mtl
  artifactKey: Guid(d0d790a7fde56b04696200000019f4ea) Importer(815301076,1909f56bfc062723c751e8b465ee728b)
Start importing Assets/Buildings Pack - Jan 2019/OBJ/Building1_Small.mtl using Guid(d0d790a7fde56b04696200000019f4ea) Importer(815301076,1909f56bfc062723c751e8b465ee728b)  -> (artifact id: '6792abf322f7ab0c4240f1e617d1eca2') in 0.007425 seconds 
========================================================================
Received Import Request.
  Time since last request: 671.664111 seconds.
  path: Assets/Stylized Brick Materials
  artifactKey: Guid(d1d68bcae00af3240bba50cd7040e43c) Importer(815301076,1909f56bfc062723c751e8b465ee728b)
Start importing Assets/Stylized Brick Materials using Guid(d1d68bcae00af3240bba50cd7040e43c) Importer(815301076,1909f56bfc062723c751e8b465ee728b)  -> (artifact id: 'fb07c14efba13f350f5fd13067da427d') in 0.006685 seconds 
========================================================================
Received Import Request.
  Time since last request: 2.126702 seconds.
  path: Assets/Stylized Brick Materials/Materials
  artifactKey: Guid(373460677ecc5804ebc28fe191cb38e3) Importer(815301076,1909f56bfc062723c751e8b465ee728b)
Start importing Assets/Stylized Brick Materials/Materials using Guid(373460677ecc5804ebc28fe191cb38e3) Importer(815301076,1909f56bfc062723c751e8b465ee728b)  -> (artifact id: 'bc42a04ab17b04e2b1a2126dd6787518') in 0.005439 seconds 
========================================================================
Received Import Request.
  Time since last request: 0.313953 seconds.
  path: Assets/Stylized Brick Materials/Textures
  artifactKey: Guid(89f723f7ca9d4eb42a05c54aa74f8dd7) Importer(815301076,1909f56bfc062723c751e8b465ee728b)
Start importing Assets/Stylized Brick Materials/Textures using Guid(89f723f7ca9d4eb42a05c54aa74f8dd7) Importer(815301076,1909f56bfc062723c751e8b465ee728b)  -> (artifact id: '722ada0b46bf6c8b6d4a10de479ad0e1') in 0.006096 seconds 
========================================================================
Received Import Request.
  Time since last request: 0.633713 seconds.
  path: Assets/Stylized Brick Materials/Materials/M_Brick01.mat
  artifactKey: Guid(2aec896d05d5c6c45a17eb104c430cd8) Importer(815301076,1909f56bfc062723c751e8b465ee728b)
Start importing Assets/Stylized Brick Materials/Materials/M_Brick01.mat using Guid(2aec896d05d5c6c45a17eb104c430cd8) Importer(815301076,1909f56bfc062723c751e8b465ee728b)  -> (artifact id: 'aa2c1ba574d492797aafe2f66ed7d28d') in 0.320537 seconds 
========================================================================
Received Import Request.
  Time since last request: 0.000027 seconds.
  path: Assets/Stylized Brick Materials/Materials/M_Stone02_Variant02.mat
  artifactKey: Guid(0558ea61733f64941a37cd788cdb9a0c) Importer(815301076,1909f56bfc062723c751e8b465ee728b)
Start importing Assets/Stylized Brick Materials/Materials/M_Stone02_Variant02.mat using Guid(0558ea61733f64941a37cd788cdb9a0c) Importer(815301076,1909f56bfc062723c751e8b465ee728b)  -> (artifact id: 'b8dcfc06a4b30e6f283c51b4dcd574ce') in 0.043511 seconds 
========================================================================
Received Import Request.
  Time since last request: 0.000040 seconds.
  path: Assets/Stylized Brick Materials/Materials/M_Brick04_Variant03.mat
  artifactKey: Guid(42d337526ee1691458e8b1a5b9a315e1) Importer(815301076,1909f56bfc062723c751e8b465ee728b)
Start importing Assets/Stylized Brick Materials/Materials/M_Brick04_Variant03.mat using Guid(42d337526ee1691458e8b1a5b9a315e1) Importer(815301076,1909f56bfc062723c751e8b465ee728b)  -> (artifact id: 'b14866af94cb9d2040d5430540388ee4') in 0.030336 seconds 
========================================================================
Received Import Request.
  Time since last request: 0.000020 seconds.
  path: Assets/Stylized Brick Materials/Materials/M_Stone02_Variant04.mat
  artifactKey: Guid(05ccc52f27c3f9944a5da9cb09d31343) Importer(815301076,1909f56bfc062723c751e8b465ee728b)
Start importing Assets/Stylized Brick Materials/Materials/M_Stone02_Variant04.mat using Guid(05ccc52f27c3f9944a5da9cb09d31343) Importer(815301076,1909f56bfc062723c751e8b465ee728b)  -> (artifact id: '416937c6b2013e94fb9777f6369c2e05') in 0.030406 seconds 
========================================================================
Received Import Request.
  Time since last request: 0.000023 seconds.
  path: Assets/Stylized Brick Materials/Materials/M_Brick03_Variant02.mat
  artifactKey: Guid(52c2c3fe231a6e745a53512ce32b14ce) Importer(815301076,1909f56bfc062723c751e8b465ee728b)
Start importing Assets/Stylized Brick Materials/Materials/M_Brick03_Variant02.mat using Guid(52c2c3fe231a6e745a53512ce32b14ce) Importer(815301076,1909f56bfc062723c751e8b465ee728b)  -> (artifact id: '56ee2b476c7c9ad1e0421a4a1fad9279') in 0.033112 seconds 
========================================================================
Received Import Request.
  Time since last request: 0.000033 seconds.
  path: Assets/Stylized Brick Materials/Materials/M_Brick05.mat
  artifactKey: Guid(5a3ac0d286a1b97438bdf12f82c4da87) Importer(815301076,1909f56bfc062723c751e8b465ee728b)
Start importing Assets/Stylized Brick Materials/Materials/M_Brick05.mat using Guid(5a3ac0d286a1b97438bdf12f82c4da87) Importer(815301076,1909f56bfc062723c751e8b465ee728b)  -> (artifact id: '2e0783d55fae3aa1c6de2a6f24183c0f') in 0.026491 seconds 
========================================================================
Received Import Request.
  Time since last request: 0.000029 seconds.
  path: Assets/Stylized Brick Materials/Materials/M_Brick04.mat
  artifactKey: Guid(dbc5829fc346fa64f84a8c2e7dd4aaf2) Importer(815301076,1909f56bfc062723c751e8b465ee728b)
Start importing Assets/Stylized Brick Materials/Materials/M_Brick04.mat using Guid(dbc5829fc346fa64f84a8c2e7dd4aaf2) Importer(815301076,1909f56bfc062723c751e8b465ee728b)  -> (artifact id: 'aab5167b12d34255602d6b313810c54e') in 0.032402 seconds 
========================================================================
Received Import Request.
  Time since last request: 0.000045 seconds.
  path: Assets/Stylized Brick Materials/Materials/M_Brick03_Variant05.mat
  artifactKey: Guid(dfdd3d48ec665b444b671788937386ff) Importer(815301076,1909f56bfc062723c751e8b465ee728b)
Start importing Assets/Stylized Brick Materials/Materials/M_Brick03_Variant05.mat using Guid(dfdd3d48ec665b444b671788937386ff) Importer(815301076,1909f56bfc062723c751e8b465ee728b)  -> (artifact id: 'dbea280adb4208b4917c2800ccf00434') in 0.025050 seconds 
========================================================================
Received Import Request.
  Time since last request: 0.000036 seconds.
  path: Assets/Stylized Brick Materials/Materials/M_Stone01.mat
  artifactKey: Guid(cc63e13cb45953849a973fc8923032c6) Importer(815301076,1909f56bfc062723c751e8b465ee728b)
Start importing Assets/Stylized Brick Materials/Materials/M_Stone01.mat using Guid(cc63e13cb45953849a973fc8923032c6) Importer(815301076,1909f56bfc062723c751e8b465ee728b)  -> (artifact id: '6cd7a806f41e079ccdfc4a9ef40fbd65') in 0.024336 seconds 
========================================================================
Received Import Request.
  Time since last request: 0.000027 seconds.
  path: Assets/Stylized Brick Materials/Materials/M_Stone02_Variant05.mat
  artifactKey: Guid(5d45d5b3a7d06434691080051f06e67f) Importer(815301076,1909f56bfc062723c751e8b465ee728b)
Start importing Assets/Stylized Brick Materials/Materials/M_Stone02_Variant05.mat using Guid(5d45d5b3a7d06434691080051f06e67f) Importer(815301076,1909f56bfc062723c751e8b465ee728b)  -> (artifact id: '20ea81a537660786054c42c376bd53a2') in 0.025286 seconds 
========================================================================
Received Import Request.
  Time since last request: 4.897157 seconds.
  path: Assets/Stylized Brick Materials/Textures/Brick01
  artifactKey: Guid(ba0e66f7dd582cf4c85e7aae2eef9501) Importer(815301076,1909f56bfc062723c751e8b465ee728b)
Start importing Assets/Stylized Brick Materials/Textures/Brick01 using Guid(ba0e66f7dd582cf4c85e7aae2eef9501) Importer(815301076,1909f56bfc062723c751e8b465ee728b)  -> (artifact id: 'fc34bb6c5c92425c04f21c5f1f300839') in 0.006470 seconds 
========================================================================
Received Import Request.
  Time since last request: 0.036278 seconds.
  path: Assets/Stylized Brick Materials/Textures/Brick01/T_brick_ao.png
  artifactKey: Guid(00aac2ceecee52848aece56d03126758) Importer(815301076,1909f56bfc062723c751e8b465ee728b)
Start importing Assets/Stylized Brick Materials/Textures/Brick01/T_brick_ao.png using Guid(00aac2ceecee52848aece56d03126758) Importer(815301076,1909f56bfc062723c751e8b465ee728b)  -> (artifact id: '1a792a61c1c5a79786f1568d99735f18') in 0.022816 seconds 
========================================================================
Received Import Request.
  Time since last request: 0.000029 seconds.
  path: Assets/Stylized Brick Materials/Textures/Brick01/T_brick_basecolor_Variant02.png
  artifactKey: Guid(e90dde19e6b8ea5429a9b6d9511e65af) Importer(815301076,1909f56bfc062723c751e8b465ee728b)
Start importing Assets/Stylized Brick Materials/Textures/Brick01/T_brick_basecolor_Variant02.png using Guid(e90dde19e6b8ea5429a9b6d9511e65af) Importer(815301076,1909f56bfc062723c751e8b465ee728b)  -> (artifact id: '365bcb6c4934c9297161d84bcdb83026') in 0.037560 seconds 
========================================================================
Received Import Request.
  Time since last request: 0.000031 seconds.
  path: Assets/Stylized Brick Materials/Textures/Brick01/T_brick_metallic.png
  artifactKey: Guid(b8376bd9b886c3a4898017221178aa12) Importer(815301076,1909f56bfc062723c751e8b465ee728b)
Start importing Assets/Stylized Brick Materials/Textures/Brick01/T_brick_metallic.png using Guid(b8376bd9b886c3a4898017221178aa12) Importer(815301076,1909f56bfc062723c751e8b465ee728b)  -> (artifact id: 'b8c10ffe48a790f33196d4dad542b8e7') in 0.022679 seconds 
========================================================================
Received Import Request.
  Time since last request: 0.000026 seconds.
  path: Assets/Stylized Brick Materials/Textures/Brick01/T_brick_basecolor_Variant03.png
  artifactKey: Guid(7b47dd74999412842acaaad05b27cc77) Importer(815301076,1909f56bfc062723c751e8b465ee728b)
Start importing Assets/Stylized Brick Materials/Textures/Brick01/T_brick_basecolor_Variant03.png using Guid(7b47dd74999412842acaaad05b27cc77) Importer(815301076,1909f56bfc062723c751e8b465ee728b)  -> (artifact id: 'c344accce2d1446106ab1eff4337b19d') in 0.110038 seconds 
========================================================================
Received Import Request.
  Time since last request: 1.987104 seconds.
  path: Assets/Stylized Brick Materials/Textures/Brick03
  artifactKey: Guid(6b1e45de96648dd4e8dfb4f1562fcd75) Importer(815301076,1909f56bfc062723c751e8b465ee728b)
Start importing Assets/Stylized Brick Materials/Textures/Brick03 using Guid(6b1e45de96648dd4e8dfb4f1562fcd75) Importer(815301076,1909f56bfc062723c751e8b465ee728b)  -> (artifact id: 'd37a4d05898392dd59065f4193007b10') in 0.006409 seconds 
========================================================================
Received Import Request.
  Time since last request: 0.026543 seconds.
  path: Assets/Stylized Brick Materials/Textures/Brick03/T_Brick03_ao.png
  artifactKey: Guid(8456a3e49e05ef94a8849a836ff2c706) Importer(815301076,1909f56bfc062723c751e8b465ee728b)
Start importing Assets/Stylized Brick Materials/Textures/Brick03/T_Brick03_ao.png using Guid(8456a3e49e05ef94a8849a836ff2c706) Importer(815301076,1909f56bfc062723c751e8b465ee728b)  -> (artifact id: 'a17041961cb0109ac3b48be9a71b24f0') in 0.018117 seconds 
========================================================================
Received Import Request.
  Time since last request: 0.000032 seconds.
  path: Assets/Stylized Brick Materials/Textures/Brick03/T_Brick03_baseColor_Variant04.png
  artifactKey: Guid(f4fc6b6ca105d964cbc224966682617c) Importer(815301076,1909f56bfc062723c751e8b465ee728b)
Start importing Assets/Stylized Brick Materials/Textures/Brick03/T_Brick03_baseColor_Variant04.png using Guid(f4fc6b6ca105d964cbc224966682617c) Importer(815301076,1909f56bfc062723c751e8b465ee728b)  -> (artifact id: 'd33e1739bba533fcee4bf0223e0c683d') in 0.020273 seconds 
========================================================================
Received Import Request.
  Time since last request: 0.000024 seconds.
  path: Assets/Stylized Brick Materials/Textures/Brick03/T_Brick03_baseColor_Variant07.png
  artifactKey: Guid(a007adbc83c495541b0eb6bdfdf801a3) Importer(815301076,1909f56bfc062723c751e8b465ee728b)
Start importing Assets/Stylized Brick Materials/Textures/Brick03/T_Brick03_baseColor_Variant07.png using Guid(a007adbc83c495541b0eb6bdfdf801a3) Importer(815301076,1909f56bfc062723c751e8b465ee728b)  -> (artifact id: '5b781e1ed2ec46cace86bdc503671dac') in 0.038797 seconds 
========================================================================
Received Import Request.
  Time since last request: 0.000041 seconds.
  path: Assets/Stylized Brick Materials/Textures/Brick03/T_Brick03_baseColor_Variant05.png
  artifactKey: Guid(31710aad91791344f81a3c45264dc840) Importer(815301076,1909f56bfc062723c751e8b465ee728b)
Start importing Assets/Stylized Brick Materials/Textures/Brick03/T_Brick03_baseColor_Variant05.png using Guid(31710aad91791344f81a3c45264dc840) Importer(815301076,1909f56bfc062723c751e8b465ee728b)  -> (artifact id: 'f48c497f7d8e64486526855fc3d1b8c8') in 0.019519 seconds 
========================================================================
Received Import Request.
  Time since last request: 0.000034 seconds.
  path: Assets/Stylized Brick Materials/Textures/Brick03/T_brick03_metallic.png
  artifactKey: Guid(1857878dc134f444e99603041feca3ba) Importer(815301076,1909f56bfc062723c751e8b465ee728b)
Start importing Assets/Stylized Brick Materials/Textures/Brick03/T_brick03_metallic.png using Guid(1857878dc134f444e99603041feca3ba) Importer(815301076,1909f56bfc062723c751e8b465ee728b)  -> (artifact id: '30ea8c9718da206f86f7ae2a5ae4ce1f') in 0.015777 seconds 
========================================================================
Received Import Request.
  Time since last request: 9.371569 seconds.
  path: Assets/Stylized Brick Materials/Textures/Stone
  artifactKey: Guid(b85cf625f9ca49945adee54233bce91d) Importer(815301076,1909f56bfc062723c751e8b465ee728b)
Start importing Assets/Stylized Brick Materials/Textures/Stone using Guid(b85cf625f9ca49945adee54233bce91d) Importer(815301076,1909f56bfc062723c751e8b465ee728b)  -> (artifact id: '82131a53e903eaa0fce7eac699441fa6') in 0.005920 seconds 
========================================================================
Received Import Request.
  Time since last request: 0.059269 seconds.
  path: Assets/Stylized Brick Materials/Textures/Stone/T_Stone01_ao.png
  artifactKey: Guid(89429ae1ccb416246b5bfe18fbe099de) Importer(815301076,1909f56bfc062723c751e8b465ee728b)
Start importing Assets/Stylized Brick Materials/Textures/Stone/T_Stone01_ao.png using Guid(89429ae1ccb416246b5bfe18fbe099de) Importer(815301076,1909f56bfc062723c751e8b465ee728b)  -> (artifact id: '74395edc17a05b6b6bec2aec09311a57') in 0.028369 seconds 
========================================================================
Received Import Request.
  Time since last request: 0.000036 seconds.
  path: Assets/Stylized Brick Materials/Textures/Stone/T_Stone01_basecolor_Variant04.png
  artifactKey: Guid(34aa1aec5585f7b439d109832e2a25a0) Importer(815301076,1909f56bfc062723c751e8b465ee728b)
Start importing Assets/Stylized Brick Materials/Textures/Stone/T_Stone01_basecolor_Variant04.png using Guid(34aa1aec5585f7b439d109832e2a25a0) Importer(815301076,1909f56bfc062723c751e8b465ee728b)  -> (artifact id: '376daadf86ecdd3e3ae97f75161882e8') in 0.022658 seconds 
========================================================================
Received Import Request.
  Time since last request: 0.000029 seconds.
  path: Assets/Stylized Brick Materials/Textures/Stone/T_Stone01_basecolor_Variant02.png
  artifactKey: Guid(368b6235e445efa4792349cf0321a3a8) Importer(815301076,1909f56bfc062723c751e8b465ee728b)
Start importing Assets/Stylized Brick Materials/Textures/Stone/T_Stone01_basecolor_Variant02.png using Guid(368b6235e445efa4792349cf0321a3a8) Importer(815301076,1909f56bfc062723c751e8b465ee728b)  -> (artifact id: '625da43c6d0750fae820679459c77d78') in 0.027074 seconds 
========================================================================
Received Import Request.
  Time since last request: 0.000033 seconds.
  path: Assets/Stylized Brick Materials/Textures/Stone/T_Stone01_normal.png
  artifactKey: Guid(03770cf663f78434c95c2e0e5147d7f8) Importer(815301076,1909f56bfc062723c751e8b465ee728b)
Start importing Assets/Stylized Brick Materials/Textures/Stone/T_Stone01_normal.png using Guid(03770cf663f78434c95c2e0e5147d7f8) Importer(815301076,1909f56bfc062723c751e8b465ee728b)  -> (artifact id: '71d169e661f0a7175f5157f1b85329dc') in 0.024546 seconds 
========================================================================
Received Import Request.
  Time since last request: 1.810108 seconds.
  path: Assets/Stylized Brick Materials/Textures/Brick05
  artifactKey: Guid(a4606799605c0664babff7aa492a9d1c) Importer(815301076,1909f56bfc062723c751e8b465ee728b)
Start importing Assets/Stylized Brick Materials/Textures/Brick05 using Guid(a4606799605c0664babff7aa492a9d1c) Importer(815301076,1909f56bfc062723c751e8b465ee728b)  -> (artifact id: '0c1c6af67ea9e075799a9c56aee17b45') in 0.006025 seconds 
========================================================================
Received Import Request.
  Time since last request: 0.042032 seconds.
  path: Assets/Stylized Brick Materials/Textures/Brick05/T_Brick05_ao.png
  artifactKey: Guid(6538878c3a1c9b8498146ae72fde3880) Importer(815301076,1909f56bfc062723c751e8b465ee728b)
Start importing Assets/Stylized Brick Materials/Textures/Brick05/T_Brick05_ao.png using Guid(6538878c3a1c9b8498146ae72fde3880) Importer(815301076,1909f56bfc062723c751e8b465ee728b)  -> (artifact id: '89f60639ce23e541182fdd2fcbca4687') in 0.021362 seconds 
========================================================================
Received Import Request.
  Time since last request: 0.000022 seconds.
  path: Assets/Stylized Brick Materials/Textures/Brick05/T_Brick05_normal.png
  artifactKey: Guid(193ea413bc221674aa0f2b90f348d5dd) Importer(815301076,1909f56bfc062723c751e8b465ee728b)
Start importing Assets/Stylized Brick Materials/Textures/Brick05/T_Brick05_normal.png using Guid(193ea413bc221674aa0f2b90f348d5dd) Importer(815301076,1909f56bfc062723c751e8b465ee728b)  -> (artifact id: '9a96ceefe9e208aa4f9ca77aed2dc018') in 0.024139 seconds 
========================================================================
Received Import Request.
  Time since last request: 136.134626 seconds.
  path: Assets/Stylized Brick Materials/Textures/Brick04
  artifactKey: Guid(07d0c14501bcf9547be37d790e1a27fe) Importer(815301076,1909f56bfc062723c751e8b465ee728b)
Start importing Assets/Stylized Brick Materials/Textures/Brick04 using Guid(07d0c14501bcf9547be37d790e1a27fe) Importer(815301076,1909f56bfc062723c751e8b465ee728b)  -> (artifact id: 'f86c68e8c52363b1a85c78f8cf2452fe') in 0.034319 seconds 
========================================================================
Received Import Request.
  Time since last request: 0.025030 seconds.
  path: Assets/Stylized Brick Materials/Textures/Brick04/T_Brick04_baseColor.png
  artifactKey: Guid(e60892e4de5b03446804550ab7568842) Importer(815301076,1909f56bfc062723c751e8b465ee728b)
Start importing Assets/Stylized Brick Materials/Textures/Brick04/T_Brick04_baseColor.png using Guid(e60892e4de5b03446804550ab7568842) Importer(815301076,1909f56bfc062723c751e8b465ee728b)  -> (artifact id: 'b9cdf616f5b1a387d34d0d70597125e7') in 0.023626 seconds 
========================================================================
Received Import Request.
  Time since last request: 0.000025 seconds.
  path: Assets/Stylized Brick Materials/Textures/Brick04/T_Brick04_baseColor_V3.png
  artifactKey: Guid(beb2dbb70a271184cba898f11d8d1cd9) Importer(815301076,1909f56bfc062723c751e8b465ee728b)
Start importing Assets/Stylized Brick Materials/Textures/Brick04/T_Brick04_baseColor_V3.png using Guid(beb2dbb70a271184cba898f11d8d1cd9) Importer(815301076,1909f56bfc062723c751e8b465ee728b)  -> (artifact id: 'ab1747b710f44c68be6296864af89505') in 0.031475 seconds 
========================================================================
Received Import Request.
  Time since last request: 0.000022 seconds.
  path: Assets/Stylized Brick Materials/Textures/Brick04/T_Brick04_output_normal.png
  artifactKey: Guid(ad39ad4f721700649bc053cfe93e63bc) Importer(815301076,1909f56bfc062723c751e8b465ee728b)
Start importing Assets/Stylized Brick Materials/Textures/Brick04/T_Brick04_output_normal.png using Guid(ad39ad4f721700649bc053cfe93e63bc) Importer(815301076,1909f56bfc062723c751e8b465ee728b)  -> (artifact id: 'c3feef8bb55116f228ca675cad069819') in 0.021437 seconds 
========================================================================
Received Import Request.
  Time since last request: 0.000032 seconds.
  path: Assets/Stylized Brick Materials/Textures/Brick04/T_Brick04_Metallic.png
  artifactKey: Guid(e3e471b8b53817846aaf37037abda635) Importer(815301076,1909f56bfc062723c751e8b465ee728b)
Start importing Assets/Stylized Brick Materials/Textures/Brick04/T_Brick04_Metallic.png using Guid(e3e471b8b53817846aaf37037abda635) Importer(815301076,1909f56bfc062723c751e8b465ee728b)  -> (artifact id: 'b29ff83b9545d8c5ba393a15300e8c9a') in 0.019071 seconds 
========================================================================
Received Import Request.
  Time since last request: 279.764096 seconds.
  path: Assets/Buildings Pack - Jan 2019/FBX/Building3_Big.fbx
  artifactKey: Guid(52ad8ab1bf9af3f4c90813087cd245f7) Importer(815301076,1909f56bfc062723c751e8b465ee728b)
Start importing Assets/Buildings Pack - Jan 2019/FBX/Building3_Big.fbx using Guid(52ad8ab1bf9af3f4c90813087cd245f7) Importer(815301076,1909f56bfc062723c751e8b465ee728b)  -> (artifact id: 'f3b4a4d19a5fc7b08103d7461a89b8de') in 0.055972 seconds 
========================================================================
Received Import Request.
  Time since last request: 0.473798 seconds.
  path: Assets/Buildings Pack - Jan 2019/FBX/Beige.mat
  artifactKey: Guid(654f0a918f27c5646b4a0f62ea1b9025) Importer(815301076,1909f56bfc062723c751e8b465ee728b)
Start importing Assets/Buildings Pack - Jan 2019/FBX/Beige.mat using Guid(654f0a918f27c5646b4a0f62ea1b9025) Importer(815301076,1909f56bfc062723c751e8b465ee728b)  -> (artifact id: 'e73070d47f22fd9bd8fb5d1d1c8c443e') in 0.019009 seconds 
========================================================================
Received Import Request.
  Time since last request: 0.000036 seconds.
  path: Assets/Buildings Pack - Jan 2019/FBX/DarkGrey.mat
  artifactKey: Guid(dab1cf38618e9604b9cee673188a720c) Importer(815301076,1909f56bfc062723c751e8b465ee728b)
Start importing Assets/Buildings Pack - Jan 2019/FBX/DarkGrey.mat using Guid(dab1cf38618e9604b9cee673188a720c) Importer(815301076,1909f56bfc062723c751e8b465ee728b)  -> (artifact id: '6cedb3513d5f600b38159fde0c02a801') in 0.024212 seconds 
========================================================================
Received Import Request.
  Time since last request: 0.000034 seconds.
  path: Assets/Buildings Pack - Jan 2019/FBX/LightYellow.mat
  artifactKey: Guid(26a466d4746a19640a31046ebef9db5a) Importer(815301076,1909f56bfc062723c751e8b465ee728b)
Start importing Assets/Buildings Pack - Jan 2019/FBX/LightYellow.mat using Guid(26a466d4746a19640a31046ebef9db5a) Importer(815301076,1909f56bfc062723c751e8b465ee728b)  -> (artifact id: '0cc7fd43c96baa13795b3b335c0e73c1') in 0.027856 seconds 
========================================================================
Received Import Request.
  Time since last request: 0.000029 seconds.
  path: Assets/Buildings Pack - Jan 2019/FBX/Brown.mat
  artifactKey: Guid(277a760b9d6227944a5f954643971d3b) Importer(815301076,1909f56bfc062723c751e8b465ee728b)
Start importing Assets/Buildings Pack - Jan 2019/FBX/Brown.mat using Guid(277a760b9d6227944a5f954643971d3b) Importer(815301076,1909f56bfc062723c751e8b465ee728b)  -> (artifact id: 'c35177c3856728da9bf53c3aec94a2f9') in 0.020766 seconds 
========================================================================
Received Import Request.
  Time since last request: 0.000023 seconds.
  path: Assets/Buildings Pack - Jan 2019/FBX/Grey.mat
  artifactKey: Guid(9cf667216edad29409bc189ac888c749) Importer(815301076,1909f56bfc062723c751e8b465ee728b)
Start importing Assets/Buildings Pack - Jan 2019/FBX/Grey.mat using Guid(9cf667216edad29409bc189ac888c749) Importer(815301076,1909f56bfc062723c751e8b465ee728b)  -> (artifact id: '36015d06ff4d3fed7b30ec09c08b3ae2') in 0.023330 seconds 
========================================================================
Received Import Request.
  Time since last request: 0.000033 seconds.
  path: Assets/Buildings Pack - Jan 2019/FBX/Building3_Big.fbx
  artifactKey: Guid(52ad8ab1bf9af3f4c90813087cd245f7) Importer(815301076,1909f56bfc062723c751e8b465ee728b)
Start importing Assets/Buildings Pack - Jan 2019/FBX/Building3_Big.fbx using Guid(52ad8ab1bf9af3f4c90813087cd245f7) Importer(815301076,1909f56bfc062723c751e8b465ee728b)  -> (artifact id: '83b06eb8a8a9bb7e0027c80d0328df6d') in 0.023527 seconds 
========================================================================
Received Import Request.
  Time since last request: 11.294093 seconds.
  path: Assets/Stylized Brick Materials/Materials/M_Brick01.mat
  artifactKey: Guid(2aec896d05d5c6c45a17eb104c430cd8) Importer(815301076,1909f56bfc062723c751e8b465ee728b)
Start importing Assets/Stylized Brick Materials/Materials/M_Brick01.mat using Guid(2aec896d05d5c6c45a17eb104c430cd8) Importer(815301076,1909f56bfc062723c751e8b465ee728b)  -> (artifact id: 'd535e17bd1fb9d256efd295b55af87fc') in 2.332008 seconds 
========================================================================
Received Import Request.
  Time since last request: 123.986121 seconds.
  path: Assets/Buildings Pack - Jan 2019/OBJ/Building1_Large.obj
  artifactKey: Guid(80fd296e726c26b4b95067b236077aa4) Importer(815301076,1909f56bfc062723c751e8b465ee728b)
Start importing Assets/Buildings Pack - Jan 2019/OBJ/Building1_Large.obj using Guid(80fd296e726c26b4b95067b236077aa4) Importer(815301076,1909f56bfc062723c751e8b465ee728b)  -> (artifact id: '256af2c6b3276691e943dc2dc732ed4d') in 0.037906 seconds 
========================================================================
Received Import Request.
  Time since last request: 7076.048130 seconds.
  path: Assets/Stylized Brick Materials/Materials/M_Brick01.mat
  artifactKey: Guid(2aec896d05d5c6c45a17eb104c430cd8) Importer(815301076,1909f56bfc062723c751e8b465ee728b)
Start importing Assets/Stylized Brick Materials/Materials/M_Brick01.mat using Guid(2aec896d05d5c6c45a17eb104c430cd8) Importer(815301076,1909f56bfc062723c751e8b465ee728b)  -> (artifact id: '3e79aa631d65ce1b77c3c177348ccd22') in 0.117310 seconds 
========================================================================
Received Import Request.
  Time since last request: 0.000054 seconds.
  path: Assets/Stylized Brick Materials/Materials/M_Stone02_Variant03.mat
  artifactKey: Guid(2c1dda915acb33641b57cf966bff604b) Importer(815301076,1909f56bfc062723c751e8b465ee728b)
Start importing Assets/Stylized Brick Materials/Materials/M_Stone02_Variant03.mat using Guid(2c1dda915acb33641b57cf966bff604b) Importer(815301076,1909f56bfc062723c751e8b465ee728b)  -> (artifact id: '69b9ca8f8ba1370d21ae705d1c5eb2fb') in 0.038432 seconds 
========================================================================
Received Import Request.
  Time since last request: 0.000031 seconds.
  path: Assets/Stylized Brick Materials/Materials/M_Brick04_Variant01.mat
  artifactKey: Guid(1aecaff51b2ae244c9826b86c7f9d6a7) Importer(815301076,1909f56bfc062723c751e8b465ee728b)
Start importing Assets/Stylized Brick Materials/Materials/M_Brick04_Variant01.mat using Guid(1aecaff51b2ae244c9826b86c7f9d6a7) Importer(815301076,1909f56bfc062723c751e8b465ee728b)  -> (artifact id: '062fd46062daa1c7ba6c5330ff515e9f') in 1.209698 seconds 
