Using pre-set license
Built from '2022.1/staging' branch; Version is '2022.1.15f1 (42973686a05c) revision 4364086'; Using compiler version '192829333'; Build Type 'Release'
OS: 'Windows 11  (10.0.22000) 64bit Core' Language: 'en' Physical Memory: 16335 MB
BatchMode: 1, IsHumanControllingUs: 0, StartBugReporterOnCrash: 0, Is64bit: 1, IsPro: 1

COMMAND LINE ARGUMENTS:
C:\Program Files\Unity\Hub\Editor\2022.1.15f1\Editor\Unity.exe
-adb2
-batchMode
-noUpm
-name
AssetImportWorker1
-projectPath
E:/VR Development/Autumnotive
-logFile
Logs/AssetImportWorker1.log
-srvPort
56863
Successfully changed project path to: E:/VR Development/Autumnotive
E:/VR Development/Autumnotive
[UnityMemory] Configuration Parameters - Can be set up in boot.config
    "memorysetup-bucket-allocator-granularity=16"
    "memorysetup-bucket-allocator-bucket-count=8"
    "memorysetup-bucket-allocator-block-size=33554432"
    "memorysetup-bucket-allocator-block-count=8"
    "memorysetup-main-allocator-block-size=16777216"
    "memorysetup-thread-allocator-block-size=16777216"
    "memorysetup-gfx-main-allocator-block-size=16777216"
    "memorysetup-gfx-thread-allocator-block-size=16777216"
    "memorysetup-cache-allocator-block-size=4194304"
    "memorysetup-typetree-allocator-block-size=2097152"
    "memorysetup-profiler-bucket-allocator-granularity=16"
    "memorysetup-profiler-bucket-allocator-bucket-count=8"
    "memorysetup-profiler-bucket-allocator-block-size=33554432"
    "memorysetup-profiler-bucket-allocator-block-count=8"
    "memorysetup-profiler-allocator-block-size=16777216"
    "memorysetup-profiler-editor-allocator-block-size=1048576"
    "memorysetup-temp-allocator-size-main=16777216"
    "memorysetup-job-temp-allocator-block-size=2097152"
    "memorysetup-job-temp-allocator-block-size-background=1048576"
    "memorysetup-job-temp-allocator-reduction-small-platforms=262144"
    "memorysetup-temp-allocator-size-background-worker=32768"
    "memorysetup-temp-allocator-size-job-worker=262144"
    "memorysetup-temp-allocator-size-preload-manager=33554432"
    "memorysetup-temp-allocator-size-nav-mesh-worker=65536"
    "memorysetup-temp-allocator-size-audio-worker=65536"
    "memorysetup-temp-allocator-size-cloud-worker=32768"
    "memorysetup-temp-allocator-size-gi-baking-worker=262144"
    "memorysetup-temp-allocator-size-gfx=262144"
Refreshing native plugins compatible for Editor in 137.60 ms, found 3 plugins.
Preloading 0 native plugins for Editor in 0.00 ms.
Initialize engine version: 2022.1.15f1 (42973686a05c)
[Subsystems] Discovering subsystems at path C:/Program Files/Unity/Hub/Editor/2022.1.15f1/Editor/Data/Resources/UnitySubsystems
[Subsystems] Discovering subsystems at path E:/VR Development/Autumnotive/Assets
GfxDevice: creating device client; threaded=0; jobified=0
Direct3D:
    Version:  Direct3D 11.0 [level 11.1]
    Renderer: NVIDIA GeForce GTX 1660 Ti (ID=0x2182)
    Vendor:   NVIDIA
    VRAM:     5991 MB
    Driver:   31.0.15.1659
Initialize mono
Mono path[0] = 'C:/Program Files/Unity/Hub/Editor/2022.1.15f1/Editor/Data/Managed'
Mono path[1] = 'C:/Program Files/Unity/Hub/Editor/2022.1.15f1/Editor/Data/MonoBleedingEdge/lib/mono/unityjit-win32'
Mono config path = 'C:/Program Files/Unity/Hub/Editor/2022.1.15f1/Editor/Data/MonoBleedingEdge/etc'
Using monoOptions --debugger-agent=transport=dt_socket,embedding=1,server=y,suspend=n,address=127.0.0.1:56024
Begin MonoManager ReloadAssembly
Registering precompiled unity dll's ...
Register platform support module: C:/Program Files/Unity/Hub/Editor/2022.1.15f1/Editor/Data/PlaybackEngines/WindowsStandaloneSupport/UnityEditor.WindowsStandalone.Extensions.dll
Registered in 0.007600 seconds.
Native extension for WindowsStandalone target not found
Refreshing native plugins compatible for Editor in 123.52 ms, found 3 plugins.
Preloading 0 native plugins for Editor in 0.00 ms.
Mono: successfully reloaded assembly
- Completed reload, in  0.768 seconds
Domain Reload Profiling:
	ReloadAssembly (769ms)
		BeginReloadAssembly (84ms)
			ExecutionOrderSort (0ms)
			DisableScriptedObjects (0ms)
			BackupInstance (0ms)
			ReleaseScriptingObjects (0ms)
			CreateAndSetChildDomain (1ms)
		EndReloadAssembly (567ms)
			LoadAssemblies (81ms)
			RebuildTransferFunctionScriptingTraits (0ms)
			SetupTypeCache (141ms)
				TypeCache.Initialize (141ms)
					TypeCache.ScanAssembly (139ms)
				ResolveRequiredComponents (0ms)
			ReleaseScriptCaches (0ms)
			RebuildScriptCaches (31ms)
			SetupLoadedEditorAssemblies (323ms)
				LogAssemblyErrors (0ms)
				InitializePlatformSupportModulesInManaged (8ms)
				SetLoadedEditorAssemblies (7ms)
				RefreshPlugins (124ms)
				BeforeProcessingInitializeOnLoad (1ms)
				ProcessInitializeOnLoadAttributes (134ms)
				ProcessInitializeOnLoadMethodAttributes (49ms)
				AfterProcessingInitializeOnLoad (0ms)
				EditorAssembliesLoaded (0ms)
			ExecutionOrderSort2 (0ms)
			AwakeInstancesAfterBackupRestoration (0ms)
Platform modules already initialized, skipping
Registering precompiled user dll's ...
Registered in 0.017050 seconds.
Begin MonoManager ReloadAssembly
Symbol file LoadedFromMemory doesn't match image E:\VR Development\Autumnotive\Library\PackageCache\com.unity.visualscripting@1.7.8\Editor\VisualScripting.Core\Dependencies\YamlDotNet\Unity.VisualScripting.YamlDotNet.dll
Symbol file LoadedFromMemory doesn't match image E:\VR Development\Autumnotive\Library\PackageCache\com.unity.visualscripting@1.7.8\Editor\VisualScripting.Core\Dependencies\DotNetZip\Unity.VisualScripting.IonicZip.dll
Native extension for WindowsStandalone target not found
Refreshing native plugins compatible for Editor in 130.39 ms, found 3 plugins.
Preloading 0 native plugins for Editor in 0.00 ms.
Mono: successfully reloaded assembly
- Completed reload, in  1.730 seconds
Domain Reload Profiling:
	ReloadAssembly (1731ms)
		BeginReloadAssembly (146ms)
			ExecutionOrderSort (0ms)
			DisableScriptedObjects (6ms)
			BackupInstance (0ms)
			ReleaseScriptingObjects (0ms)
			CreateAndSetChildDomain (28ms)
		EndReloadAssembly (1440ms)
			LoadAssemblies (132ms)
			RebuildTransferFunctionScriptingTraits (0ms)
			SetupTypeCache (358ms)
				TypeCache.Initialize (317ms)
					TypeCache.ScanAssembly (310ms)
				ResolveRequiredComponents (40ms)
			ReleaseScriptCaches (1ms)
			RebuildScriptCaches (66ms)
			SetupLoadedEditorAssemblies (789ms)
				LogAssemblyErrors (0ms)
				InitializePlatformSupportModulesInManaged (4ms)
				SetLoadedEditorAssemblies (5ms)
				RefreshPlugins (130ms)
				BeforeProcessingInitializeOnLoad (238ms)
				ProcessInitializeOnLoadAttributes (319ms)
				ProcessInitializeOnLoadMethodAttributes (87ms)
				AfterProcessingInitializeOnLoad (6ms)
				EditorAssembliesLoaded (0ms)
			ExecutionOrderSort2 (0ms)
			AwakeInstancesAfterBackupRestoration (6ms)
Platform modules already initialized, skipping
========================================================================
Worker process is ready to serve import requests
Launched and connected shader compiler UnityShaderCompiler.exe after 0.05 seconds
Refreshing native plugins compatible for Editor in 1.21 ms, found 3 plugins.
Preloading 0 native plugins for Editor in 0.00 ms.
Unloading 5070 Unused Serialized files (Serialized files now loaded: 0)
Unloading 31 unused Assets / (352.5 KB). Loaded Objects now: 5537.
Memory consumption went from 0.79 GB to 0.79 GB.
Total: 3.968800 ms (FindLiveObjects: 0.502000 ms CreateObjectMapping: 0.391100 ms MarkObjects: 2.760300 ms  DeleteObjects: 0.314400 ms)

AssetImportParameters requested are different than current active one (requested -> active):
  custom:video-decoder-ogg-theora: a1e56fd34408186e4bbccfd4996cb3dc -> 
  custom:container-muxer-webm: aa71ff27fc2769a1b78a27578f13a17b -> 
  custom:container-demuxer-webm: 4f35f7cbe854078d1ac9338744f61a02 -> 
  custom:video-encoder-webm-vp8: eb34c28f22e8b96e1ab97ce403110664 -> 
  custom:audio-encoder-webm-vorbis: bf7c407c2cedff20999df2af8eb42d56 -> 
  custom:framework-win-MediaFoundation: 216162199b28c13a410421893ffa2e32 -> 
  custom:container-demuxer-ogg: 62fdf1f143b41e24485cea50d1cbac27 -> 
  custom:video-decoder-webm-vp8: 9c59270c3fd7afecdb556c50c9e8de78 -> 
  custom:audio-decoder-ogg-vorbis: bf7c407c2cedff20999df2af8eb42d56 -> 
========================================================================
Received Import Request.
  Time since last request: 79677.440936 seconds.
  path: Assets/Stylized Nature Kit/Prefabs/Birch Trees/Birch Tree 5.prefab
  artifactKey: Guid(efd49cb640cc4554e9bdcd381151fa05) Importer(815301076,1909f56bfc062723c751e8b465ee728b)
Start importing Assets/Stylized Nature Kit/Prefabs/Birch Trees/Birch Tree 5.prefab using Guid(efd49cb640cc4554e9bdcd381151fa05) Importer(815301076,1909f56bfc062723c751e8b465ee728b)  -> (artifact id: 'bdb5080a240b2a00cda1ec1ec4cda373') in 0.292913 seconds 
========================================================================
Received Import Request.
  Time since last request: 63.439150 seconds.
  path: Assets/Stylized Nature Kit/Prefabs/Birch Trees/Birch Tree 2.prefab
  artifactKey: Guid(f7e392e8f67865443b864cd0ce4df972) Importer(815301076,1909f56bfc062723c751e8b465ee728b)
Start importing Assets/Stylized Nature Kit/Prefabs/Birch Trees/Birch Tree 2.prefab using Guid(f7e392e8f67865443b864cd0ce4df972) Importer(815301076,1909f56bfc062723c751e8b465ee728b)  -> (artifact id: 'f7a8c75b28a810468241803cb1e4f4d4') in 0.032882 seconds 
========================================================================
Received Import Request.
  Time since last request: 0.000024 seconds.
  path: Assets/Stylized Nature Kit/Prefabs/Birch Trees/Birch Tree 4.prefab
  artifactKey: Guid(1a0b0b3a3634a4442944899c744dab57) Importer(815301076,1909f56bfc062723c751e8b465ee728b)
Start importing Assets/Stylized Nature Kit/Prefabs/Birch Trees/Birch Tree 4.prefab using Guid(1a0b0b3a3634a4442944899c744dab57) Importer(815301076,1909f56bfc062723c751e8b465ee728b)  -> (artifact id: '4edcac54d9425639747933116e4e8bf3') in 0.362796 seconds 
========================================================================
Received Import Request.
  Time since last request: 829.012612 seconds.
  path: Assets/Stylized Nature Kit/Textures/Type 1 Grass.png
  artifactKey: Guid(9a2e087761e92c243bbeaa9ab3572142) Importer(815301076,1909f56bfc062723c751e8b465ee728b)
Start importing Assets/Stylized Nature Kit/Textures/Type 1 Grass.png using Guid(9a2e087761e92c243bbeaa9ab3572142) Importer(815301076,1909f56bfc062723c751e8b465ee728b)  -> (artifact id: '002add9e4077f3f2b8cdbebcab00a825') in 0.042762 seconds 
========================================================================
Received Import Request.
  Time since last request: 0.000666 seconds.
  path: Assets/Stylized Nature Kit/Textures/Type 2 Grass.png
  artifactKey: Guid(f979d4bfea97d7c4fa9bd8d217031fdd) Importer(815301076,1909f56bfc062723c751e8b465ee728b)
Start importing Assets/Stylized Nature Kit/Textures/Type 2 Grass.png using Guid(f979d4bfea97d7c4fa9bd8d217031fdd) Importer(815301076,1909f56bfc062723c751e8b465ee728b)  -> (artifact id: '5a4427d1206930354bc99bd2b7dba65b') in 0.015232 seconds 
========================================================================
Received Import Request.
  Time since last request: 33.409648 seconds.
  path: Assets/Ultimate Textured Building Pack - Dec 2019/Textured Models/Finished Textured Buildings/FBX/1Story.fbx
  artifactKey: Guid(eae8e6542c6e51d4d8d6742ee535e8cd) Importer(815301076,1909f56bfc062723c751e8b465ee728b)
Start importing Assets/Ultimate Textured Building Pack - Dec 2019/Textured Models/Finished Textured Buildings/FBX/1Story.fbx using Guid(eae8e6542c6e51d4d8d6742ee535e8cd) Importer(815301076,1909f56bfc062723c751e8b465ee728b)  -> (artifact id: '5ad78ee39cd5dda2c7e295d576cfe7af') in 0.065203 seconds 
========================================================================
Received Import Request.
  Time since last request: 0.000034 seconds.
  path: Assets/Ultimate Textured Building Pack - Dec 2019/Textured Models/Base Modular Buildings/Blends/1Story_Base.blend
  artifactKey: Guid(e50983d9358d6bf4094920ea730bf74c) Importer(815301076,1909f56bfc062723c751e8b465ee728b)
Start importing Assets/Ultimate Textured Building Pack - Dec 2019/Textured Models/Base Modular Buildings/Blends/1Story_Base.blend using Guid(e50983d9358d6bf4094920ea730bf74c) Importer(815301076,1909f56bfc062723c751e8b465ee728b)  -> (artifact id: '95f10dcbabe96c154d15ec0100fcdc7a') in 0.009101 seconds 
========================================================================
Received Import Request.
  Time since last request: 0.000045 seconds.
  path: Assets/Ultimate Textured Building Pack - Dec 2019/Textured Models/Base Modular Buildings/OBJ/1Story_Base.obj
  artifactKey: Guid(2d10871925d601e43ab1384bd34c6511) Importer(815301076,1909f56bfc062723c751e8b465ee728b)
Start importing Assets/Ultimate Textured Building Pack - Dec 2019/Textured Models/Base Modular Buildings/OBJ/1Story_Base.obj using Guid(2d10871925d601e43ab1384bd34c6511) Importer(815301076,1909f56bfc062723c751e8b465ee728b)  -> (artifact id: '643acf2fe6dadfa7dfcff0da8c739857') in 0.041084 seconds 
========================================================================
Received Import Request.
  Time since last request: 0.053641 seconds.
  path: Assets/Ultimate Textured Building Pack - Dec 2019/Textured Models/Finished Textured Buildings/OBJ/1Story_GableRoof.obj
  artifactKey: Guid(7c5e268c154483645b606562d32b55d4) Importer(815301076,1909f56bfc062723c751e8b465ee728b)
Start importing Assets/Ultimate Textured Building Pack - Dec 2019/Textured Models/Finished Textured Buildings/OBJ/1Story_GableRoof.obj using Guid(7c5e268c154483645b606562d32b55d4) Importer(815301076,1909f56bfc062723c751e8b465ee728b)  -> (artifact id: 'aac16d003539ec9d74f8cc4a37f43493') in 0.078097 seconds 
========================================================================
Received Import Request.
  Time since last request: 0.026332 seconds.
  path: Assets/Ultimate Textured Building Pack - Dec 2019/Models with Materials/Blends/1Story_GableRoof_Mat.blend
  artifactKey: Guid(660c13f48cdb53944b8412f711b76328) Importer(815301076,1909f56bfc062723c751e8b465ee728b)
Start importing Assets/Ultimate Textured Building Pack - Dec 2019/Models with Materials/Blends/1Story_GableRoof_Mat.blend using Guid(660c13f48cdb53944b8412f711b76328) Importer(815301076,1909f56bfc062723c751e8b465ee728b)  -> (artifact id: '3773ac01e4500b765bb356bd906195f6') in 0.009032 seconds 
========================================================================
Received Import Request.
  Time since last request: 0.081694 seconds.
  path: Assets/Ultimate Textured Building Pack - Dec 2019/Models with Materials/Blends/1Story_Mat.blend
  artifactKey: Guid(f7de7a8febf376840b5034c495cc4e59) Importer(815301076,1909f56bfc062723c751e8b465ee728b)
Start importing Assets/Ultimate Textured Building Pack - Dec 2019/Models with Materials/Blends/1Story_Mat.blend using Guid(f7de7a8febf376840b5034c495cc4e59) Importer(815301076,1909f56bfc062723c751e8b465ee728b)  -> (artifact id: '30ede7087205dc0a51a508d73062e2da') in 0.034154 seconds 
========================================================================
Received Import Request.
  Time since last request: 0.012017 seconds.
  path: Assets/Ultimate Textured Building Pack - Dec 2019/Models with Materials/FBX/1Story_Mat.fbx
  artifactKey: Guid(2138f95a7128e2640958a55025a154cd) Importer(815301076,1909f56bfc062723c751e8b465ee728b)
Start importing Assets/Ultimate Textured Building Pack - Dec 2019/Models with Materials/FBX/1Story_Mat.fbx using Guid(2138f95a7128e2640958a55025a154cd) Importer(815301076,1909f56bfc062723c751e8b465ee728b)  -> (artifact id: '47110f49fe5fccafb6303d5507c6f36a') in 0.095490 seconds 
========================================================================
Received Import Request.
  Time since last request: 0.000031 seconds.
  path: Assets/Ultimate Textured Building Pack - Dec 2019/Textured Models/Finished Textured Buildings/OBJ/1Story_RoundRoof.obj
  artifactKey: Guid(4c1654a176442794fa308ae773a9c237) Importer(815301076,1909f56bfc062723c751e8b465ee728b)
Start importing Assets/Ultimate Textured Building Pack - Dec 2019/Textured Models/Finished Textured Buildings/OBJ/1Story_RoundRoof.obj using Guid(4c1654a176442794fa308ae773a9c237) Importer(815301076,1909f56bfc062723c751e8b465ee728b)  -> (artifact id: 'f66e12cc5274ad2e9c6503b610fec83c') in 0.078041 seconds 
========================================================================
Received Import Request.
  Time since last request: 0.932581 seconds.
  path: Assets/Ultimate Textured Building Pack - Dec 2019/Textured Models/Base Modular Buildings/Blends/1Story_RoundRoof_Base.blend
  artifactKey: Guid(c2e7c64c9578ef840b2baead402d1b55) Importer(815301076,1909f56bfc062723c751e8b465ee728b)
Start importing Assets/Ultimate Textured Building Pack - Dec 2019/Textured Models/Base Modular Buildings/Blends/1Story_RoundRoof_Base.blend using Guid(c2e7c64c9578ef840b2baead402d1b55) Importer(815301076,1909f56bfc062723c751e8b465ee728b)  -> (artifact id: '8135866caa8515e61281e9415ae10b86') in 0.008511 seconds 
========================================================================
Received Import Request.
  Time since last request: 0.028590 seconds.
  path: Assets/Ultimate Textured Building Pack - Dec 2019/Textured Models/Base Modular Buildings/OBJ/1Story_RoundRoof_Base.obj
  artifactKey: Guid(e4b8e3b0561d1d944b92f6642009a302) Importer(815301076,1909f56bfc062723c751e8b465ee728b)
Start importing Assets/Ultimate Textured Building Pack - Dec 2019/Textured Models/Base Modular Buildings/OBJ/1Story_RoundRoof_Base.obj using Guid(e4b8e3b0561d1d944b92f6642009a302) Importer(815301076,1909f56bfc062723c751e8b465ee728b)  -> (artifact id: '3479ae041b63f44558cdf9a5b695cef8') in 0.054809 seconds 
========================================================================
Received Import Request.
  Time since last request: 0.071938 seconds.
  path: Assets/Ultimate Textured Building Pack - Dec 2019/Textured Models/Finished Textured Buildings/FBX/1Story_Sign.fbx
  artifactKey: Guid(801243f49e95b9e4791c5b0e341d2880) Importer(815301076,1909f56bfc062723c751e8b465ee728b)
Start importing Assets/Ultimate Textured Building Pack - Dec 2019/Textured Models/Finished Textured Buildings/FBX/1Story_Sign.fbx using Guid(801243f49e95b9e4791c5b0e341d2880) Importer(815301076,1909f56bfc062723c751e8b465ee728b)  -> (artifact id: '21b3b6078d3a22ceefff89dbb25171f5') in 0.052460 seconds 
========================================================================
Received Import Request.
  Time since last request: 0.000019 seconds.
  path: Assets/Ultimate Textured Building Pack - Dec 2019/Textured Models/Finished Textured Buildings/Blends/1Story_Sign.blend
  artifactKey: Guid(22c9f9a2c100ffb40a12aceb64cdfb31) Importer(815301076,1909f56bfc062723c751e8b465ee728b)
Start importing Assets/Ultimate Textured Building Pack - Dec 2019/Textured Models/Finished Textured Buildings/Blends/1Story_Sign.blend using Guid(22c9f9a2c100ffb40a12aceb64cdfb31) Importer(815301076,1909f56bfc062723c751e8b465ee728b)  -> (artifact id: '43eadeb9d06b1508b34eb57794e2c1bd') in 0.003171 seconds 
========================================================================
Received Import Request.
  Time since last request: 0.007755 seconds.
  path: Assets/Ultimate Textured Building Pack - Dec 2019/Textured Models/Base Modular Buildings/OBJ/1Story_Sign_Base.obj
  artifactKey: Guid(aa4bd78d27a5b3841b5c03858cf3742f) Importer(815301076,1909f56bfc062723c751e8b465ee728b)
Start importing Assets/Ultimate Textured Building Pack - Dec 2019/Textured Models/Base Modular Buildings/OBJ/1Story_Sign_Base.obj using Guid(aa4bd78d27a5b3841b5c03858cf3742f) Importer(815301076,1909f56bfc062723c751e8b465ee728b)  -> (artifact id: '36092102e15938b7840e1eb0623f6510') in 0.082707 seconds 
========================================================================
Received Import Request.
  Time since last request: 0.000020 seconds.
  path: Assets/Ultimate Textured Building Pack - Dec 2019/Models with Materials/Blends/1Story_Sign_Mat.blend
  artifactKey: Guid(bffa9349659b9f047810db9cee01343c) Importer(815301076,1909f56bfc062723c751e8b465ee728b)
Start importing Assets/Ultimate Textured Building Pack - Dec 2019/Models with Materials/Blends/1Story_Sign_Mat.blend using Guid(bffa9349659b9f047810db9cee01343c) Importer(815301076,1909f56bfc062723c751e8b465ee728b)  -> (artifact id: 'd5ead75bf082e49c508f1ebca1aad528') in 0.010507 seconds 
========================================================================
Received Import Request.
  Time since last request: 0.000037 seconds.
  path: Assets/Ultimate Textured Building Pack - Dec 2019/Textured Models/Base Modular Buildings/Blends/1Story_Sign_Base.blend
  artifactKey: Guid(dcb4037736b37174993da43e37a7783d) Importer(815301076,1909f56bfc062723c751e8b465ee728b)
Start importing Assets/Ultimate Textured Building Pack - Dec 2019/Textured Models/Base Modular Buildings/Blends/1Story_Sign_Base.blend using Guid(dcb4037736b37174993da43e37a7783d) Importer(815301076,1909f56bfc062723c751e8b465ee728b)  -> (artifact id: '812ae05ab06a4fdfca783ab46217b654') in 0.003604 seconds 
========================================================================
Received Import Request.
  Time since last request: 0.000019 seconds.
  path: Assets/Ultimate Textured Building Pack - Dec 2019/Models with Materials/FBX/1Story_Sign_Mat.fbx
  artifactKey: Guid(9e69aef7c3d9cf54a9b262a697851c94) Importer(815301076,1909f56bfc062723c751e8b465ee728b)
Start importing Assets/Ultimate Textured Building Pack - Dec 2019/Models with Materials/FBX/1Story_Sign_Mat.fbx using Guid(9e69aef7c3d9cf54a9b262a697851c94) Importer(815301076,1909f56bfc062723c751e8b465ee728b)  -> (artifact id: 'b6917ac4cfe5bd3fd909913dac8d79f5') in 0.070981 seconds 
========================================================================
Received Import Request.
  Time since last request: 0.017929 seconds.
  path: Assets/Ultimate Textured Building Pack - Dec 2019/Textured Models/Finished Textured Buildings/FBX/2Story.fbx
  artifactKey: Guid(b292c5d84c3e75b4eafa861b48e7d200) Importer(815301076,1909f56bfc062723c751e8b465ee728b)
Start importing Assets/Ultimate Textured Building Pack - Dec 2019/Textured Models/Finished Textured Buildings/FBX/2Story.fbx using Guid(b292c5d84c3e75b4eafa861b48e7d200) Importer(815301076,1909f56bfc062723c751e8b465ee728b)  -> (artifact id: 'ecbee016306bc3e6fc2454481c021dab') in 0.040719 seconds 
========================================================================
Received Import Request.
  Time since last request: 0.011187 seconds.
  path: Assets/Ultimate Textured Building Pack - Dec 2019/Textured Models/Finished Textured Buildings/Blends/2Story_2.blend
  artifactKey: Guid(bcee07aaa2fd4384a95afe05d56475a8) Importer(815301076,1909f56bfc062723c751e8b465ee728b)
Start importing Assets/Ultimate Textured Building Pack - Dec 2019/Textured Models/Finished Textured Buildings/Blends/2Story_2.blend using Guid(bcee07aaa2fd4384a95afe05d56475a8) Importer(815301076,1909f56bfc062723c751e8b465ee728b)  -> (artifact id: '907a15aaf6a9c9e77e775b93772a9462') in 0.006847 seconds 
========================================================================
Received Import Request.
  Time since last request: 0.022005 seconds.
  path: Assets/Ultimate Textured Building Pack - Dec 2019/Models with Materials/Blends/2Story_2_Mat.blend
  artifactKey: Guid(85c3fa14e5f2b544e8fbb7d68adb297f) Importer(815301076,1909f56bfc062723c751e8b465ee728b)
Start importing Assets/Ultimate Textured Building Pack - Dec 2019/Models with Materials/Blends/2Story_2_Mat.blend using Guid(85c3fa14e5f2b544e8fbb7d68adb297f) Importer(815301076,1909f56bfc062723c751e8b465ee728b)  -> (artifact id: 'd97759367a94644ee387a5a09c0ab3cb') in 0.009562 seconds 
========================================================================
Received Import Request.
  Time since last request: 0.121987 seconds.
  path: Assets/Ultimate Textured Building Pack - Dec 2019/Textured Models/Finished Textured Buildings/FBX/2Story_Balcony.fbx
  artifactKey: Guid(f3407073e03485a4fa4f105825e3ec96) Importer(815301076,1909f56bfc062723c751e8b465ee728b)
Start importing Assets/Ultimate Textured Building Pack - Dec 2019/Textured Models/Finished Textured Buildings/FBX/2Story_Balcony.fbx using Guid(f3407073e03485a4fa4f105825e3ec96) Importer(815301076,1909f56bfc062723c751e8b465ee728b)  -> (artifact id: '700327a4ea365a8fbc3f89438582e417') in 0.058088 seconds 
========================================================================
Received Import Request.
  Time since last request: 0.103805 seconds.
  path: Assets/Ultimate Textured Building Pack - Dec 2019/Textured Models/Base Modular Buildings/FBX/2Story_Base.fbx
  artifactKey: Guid(ff10fd56323214d4fb76cdfb879f4545) Importer(815301076,1909f56bfc062723c751e8b465ee728b)
Start importing Assets/Ultimate Textured Building Pack - Dec 2019/Textured Models/Base Modular Buildings/FBX/2Story_Base.fbx using Guid(ff10fd56323214d4fb76cdfb879f4545) Importer(815301076,1909f56bfc062723c751e8b465ee728b)  -> (artifact id: 'a6aa2b9499c978be328a5603e8930fce') in 0.097436 seconds 
========================================================================
Received Import Request.
  Time since last request: 0.000029 seconds.
  path: Assets/Ultimate Textured Building Pack - Dec 2019/Textured Models/Finished Textured Buildings/FBX/2Story_Center.fbx
  artifactKey: Guid(c18e28571748dd4448264f429d354d19) Importer(815301076,1909f56bfc062723c751e8b465ee728b)
Start importing Assets/Ultimate Textured Building Pack - Dec 2019/Textured Models/Finished Textured Buildings/FBX/2Story_Center.fbx using Guid(c18e28571748dd4448264f429d354d19) Importer(815301076,1909f56bfc062723c751e8b465ee728b)  -> (artifact id: '000a3d10b52c7d2b8a7c4810588ab38d') in 0.046548 seconds 
========================================================================
Received Import Request.
  Time since last request: 0.007175 seconds.
  path: Assets/Ultimate Textured Building Pack - Dec 2019/Textured Models/Base Modular Buildings/FBX/2Story_Center_Base.fbx
  artifactKey: Guid(5cd97ce78df113949a4af92cc5d4041e) Importer(815301076,1909f56bfc062723c751e8b465ee728b)
Start importing Assets/Ultimate Textured Building Pack - Dec 2019/Textured Models/Base Modular Buildings/FBX/2Story_Center_Base.fbx using Guid(5cd97ce78df113949a4af92cc5d4041e) Importer(815301076,1909f56bfc062723c751e8b465ee728b)  -> (artifact id: 'f4706fb32475b5b91420203a5c6eb68a') in 0.074059 seconds 
========================================================================
Received Import Request.
  Time since last request: 49.868675 seconds.
  path: Assets/Stylized Nature Kit/Prefabs/Broadleaf Trees/Broadleaf Tree 2.prefab
  artifactKey: Guid(13192ab6d52889641ad5c9c029d053e2) Importer(815301076,1909f56bfc062723c751e8b465ee728b)
Start importing Assets/Stylized Nature Kit/Prefabs/Broadleaf Trees/Broadleaf Tree 2.prefab using Guid(13192ab6d52889641ad5c9c029d053e2) Importer(815301076,1909f56bfc062723c751e8b465ee728b)  -> (artifact id: 'd3089983e0d162854a87d31c6410f877') in 0.139164 seconds 
========================================================================
Received Import Request.
  Time since last request: 0.000038 seconds.
  path: Assets/Stylized Nature Kit/Prefabs/Broadleaf Trees/Broadleaf Tree 4.prefab
  artifactKey: Guid(b62fe8a734168f44fb3563ad32d2b726) Importer(815301076,1909f56bfc062723c751e8b465ee728b)
Start importing Assets/Stylized Nature Kit/Prefabs/Broadleaf Trees/Broadleaf Tree 4.prefab using Guid(b62fe8a734168f44fb3563ad32d2b726) Importer(815301076,1909f56bfc062723c751e8b465ee728b)  -> (artifact id: 'dd799b01a1bf889d0a036df1b3a3551d') in 0.183113 seconds 
========================================================================
Received Import Request.
  Time since last request: 285.357001 seconds.
  path: Assets/vairogs_truck/source/bakelite.mat
  artifactKey: Guid(9b4d96ba2904bc44fa8be484bd63b139) Importer(815301076,1909f56bfc062723c751e8b465ee728b)
Start importing Assets/vairogs_truck/source/bakelite.mat using Guid(9b4d96ba2904bc44fa8be484bd63b139) Importer(815301076,1909f56bfc062723c751e8b465ee728b)  -> (artifact id: '9e0d560d3201077b6143d1e1ed5ee5e2') in 0.050380 seconds 
========================================================================
Received Import Request.
  Time since last request: 0.000031 seconds.
  path: Assets/vairogs_truck/source/seats.mat
  artifactKey: Guid(7b27a5506d0e7c74faa1b30db2466900) Importer(815301076,1909f56bfc062723c751e8b465ee728b)
Start importing Assets/vairogs_truck/source/seats.mat using Guid(7b27a5506d0e7c74faa1b30db2466900) Importer(815301076,1909f56bfc062723c751e8b465ee728b)  -> (artifact id: '0be9a7d249022cc544d6ea0822363647') in 0.025469 seconds 
========================================================================
Received Import Request.
  Time since last request: 0.000056 seconds.
  path: Assets/vairogs_truck/source/wood.mat
  artifactKey: Guid(688528981e015b44cb11e6d07b409031) Importer(815301076,1909f56bfc062723c751e8b465ee728b)
Start importing Assets/vairogs_truck/source/wood.mat using Guid(688528981e015b44cb11e6d07b409031) Importer(815301076,1909f56bfc062723c751e8b465ee728b)  -> (artifact id: '37db8d09f47e5704dfcdeda26dbe66ef') in 0.095432 seconds 
========================================================================
Received Import Request.
  Time since last request: 0.000047 seconds.
  path: Assets/vairogs_truck/source/tail light.mat
  artifactKey: Guid(08bcd64f2654cfe4b9768b5e26338f22) Importer(815301076,1909f56bfc062723c751e8b465ee728b)
Start importing Assets/vairogs_truck/source/tail light.mat using Guid(08bcd64f2654cfe4b9768b5e26338f22) Importer(815301076,1909f56bfc062723c751e8b465ee728b)  -> (artifact id: 'caa3e6db21daacd50956f219a0afd775') in 0.028690 seconds 
========================================================================
Received Import Request.
  Time since last request: 0.000037 seconds.
  path: Assets/vairogs_truck/source/material.mat
  artifactKey: Guid(8adf222f4edc8f149a749feb14cbaab4) Importer(815301076,1909f56bfc062723c751e8b465ee728b)
Start importing Assets/vairogs_truck/source/material.mat using Guid(8adf222f4edc8f149a749feb14cbaab4) Importer(815301076,1909f56bfc062723c751e8b465ee728b)  -> (artifact id: 'a767abcc9d9c20a4cd49480470142d74') in 0.045599 seconds 
========================================================================
Received Import Request.
  Time since last request: 0.000031 seconds.
  path: Assets/vairogs_truck/source/Metallic.mat
  artifactKey: Guid(3c7b75513197ea84b9f16d947164253e) Importer(815301076,1909f56bfc062723c751e8b465ee728b)
Start importing Assets/vairogs_truck/source/Metallic.mat using Guid(3c7b75513197ea84b9f16d947164253e) Importer(815301076,1909f56bfc062723c751e8b465ee728b)  -> (artifact id: '7ada8c81352242e25817be85e25cfd4c') in 0.031253 seconds 
========================================================================
Received Import Request.
  Time since last request: 0.000034 seconds.
  path: Assets/vairogs_truck/source/van_paint_2.mat
  artifactKey: Guid(f684714124c896947a6f352f2c4460eb) Importer(815301076,1909f56bfc062723c751e8b465ee728b)
Start importing Assets/vairogs_truck/source/van_paint_2.mat using Guid(f684714124c896947a6f352f2c4460eb) Importer(815301076,1909f56bfc062723c751e8b465ee728b)  -> (artifact id: 'e8ad9d0fafd36ed47a7cdbaf23363648') in 0.095841 seconds 
========================================================================
Received Import Request.
  Time since last request: 0.000044 seconds.
  path: Assets/vairogs_truck/source/tyre texture bake.mat
  artifactKey: Guid(a5538360bc1d0d14b8846e31d6a0306e) Importer(815301076,1909f56bfc062723c751e8b465ee728b)
Start importing Assets/vairogs_truck/source/tyre texture bake.mat using Guid(a5538360bc1d0d14b8846e31d6a0306e) Importer(815301076,1909f56bfc062723c751e8b465ee728b)  -> (artifact id: 'c4c9e1ab4af78bc121558e99fc2e7c15') in 0.035154 seconds 
========================================================================
Received Import Request.
  Time since last request: 0.000035 seconds.
  path: Assets/vairogs_truck/source/planks.mat
  artifactKey: Guid(2ee89a3111541e84aa157abec081bc99) Importer(815301076,1909f56bfc062723c751e8b465ee728b)
Start importing Assets/vairogs_truck/source/planks.mat using Guid(2ee89a3111541e84aa157abec081bc99) Importer(815301076,1909f56bfc062723c751e8b465ee728b)  -> (artifact id: '35b41e18bc2098f0a7ab13a5da6d4066') in 0.044918 seconds 
========================================================================
Received Import Request.
  Time since last request: 0.000049 seconds.
  path: Assets/vairogs_truck/source/grooves.mat
  artifactKey: Guid(bdfe615f1424f8d43ad3d024506fcdac) Importer(815301076,1909f56bfc062723c751e8b465ee728b)
Start importing Assets/vairogs_truck/source/grooves.mat using Guid(bdfe615f1424f8d43ad3d024506fcdac) Importer(815301076,1909f56bfc062723c751e8b465ee728b)  -> (artifact id: '7710fc49e9e38fcea304a4f9c1d8bfc8') in 0.022440 seconds 
========================================================================
Received Import Request.
  Time since last request: 0.000032 seconds.
  path: Assets/vairogs_truck/source/interior.mat
  artifactKey: Guid(afb1a0956790e9f41b8faabfe1bcf8bb) Importer(815301076,1909f56bfc062723c751e8b465ee728b)
Start importing Assets/vairogs_truck/source/interior.mat using Guid(afb1a0956790e9f41b8faabfe1bcf8bb) Importer(815301076,1909f56bfc062723c751e8b465ee728b)  -> (artifact id: 'aeae79ed426ac316711b008b33b4eb86') in 0.027820 seconds 
========================================================================
Received Import Request.
  Time since last request: 74.898130 seconds.
  path: Assets/Stylized Nature Kit/Prefabs/Birch Trees/Birch Tree 5.prefab
  artifactKey: Guid(efd49cb640cc4554e9bdcd381151fa05) Importer(815301076,1909f56bfc062723c751e8b465ee728b)
Start importing Assets/Stylized Nature Kit/Prefabs/Birch Trees/Birch Tree 5.prefab using Guid(efd49cb640cc4554e9bdcd381151fa05) Importer(815301076,1909f56bfc062723c751e8b465ee728b)  -> (artifact id: 'e15d1cf3db38df8b8e4c222c08f325cb') in 0.044522 seconds 
========================================================================
Received Import Request.
  Time since last request: 0.000035 seconds.
  path: Assets/Stylized Nature Kit/Prefabs/Broadleaf Trees/Broadleaf Tree 3.prefab
  artifactKey: Guid(5bcf70bf8c3ff7b40b2f14b5928994df) Importer(815301076,1909f56bfc062723c751e8b465ee728b)
Start importing Assets/Stylized Nature Kit/Prefabs/Broadleaf Trees/Broadleaf Tree 3.prefab using Guid(5bcf70bf8c3ff7b40b2f14b5928994df) Importer(815301076,1909f56bfc062723c751e8b465ee728b)  -> (artifact id: '11fa77fc2da4d9c24d4066fc51f3c749') in 1.724066 seconds 
========================================================================
Received Import Request.
  Time since last request: 0.000034 seconds.
  path: Assets/Stylized Nature Kit/Prefabs/Broadleaf Trees/Broadleaf Tree 5.prefab
  artifactKey: Guid(2958d882f01566843bc985c1ce67e961) Importer(815301076,1909f56bfc062723c751e8b465ee728b)
Start importing Assets/Stylized Nature Kit/Prefabs/Broadleaf Trees/Broadleaf Tree 5.prefab using Guid(2958d882f01566843bc985c1ce67e961) Importer(815301076,1909f56bfc062723c751e8b465ee728b)  -> (artifact id: '5eeff4f4378a9c4ebda6be36306484fa') in 0.037029 seconds 
========================================================================
Received Import Request.
  Time since last request: 0.000028 seconds.
  path: Assets/Stylized Nature Kit/Prefabs/Broadleaf Trees/Broadleaf Tree 2.prefab
  artifactKey: Guid(13192ab6d52889641ad5c9c029d053e2) Importer(815301076,1909f56bfc062723c751e8b465ee728b)
Start importing Assets/Stylized Nature Kit/Prefabs/Broadleaf Trees/Broadleaf Tree 2.prefab using Guid(13192ab6d52889641ad5c9c029d053e2) Importer(815301076,1909f56bfc062723c751e8b465ee728b)  -> (artifact id: '2b18008239357d64a3f50764e3275f9c') in 0.025433 seconds 
========================================================================
Received Import Request.
  Time since last request: 0.000047 seconds.
  path: Assets/Stylized Nature Kit/Prefabs/Broadleaf Trees/Broadleaf Tree 4.prefab
  artifactKey: Guid(b62fe8a734168f44fb3563ad32d2b726) Importer(815301076,1909f56bfc062723c751e8b465ee728b)
Start importing Assets/Stylized Nature Kit/Prefabs/Broadleaf Trees/Broadleaf Tree 4.prefab using Guid(b62fe8a734168f44fb3563ad32d2b726) Importer(815301076,1909f56bfc062723c751e8b465ee728b)  -> (artifact id: 'c50b2ecc510f306fc74fcf44010edfc6') in 0.139569 seconds 
========================================================================
Received Import Request.
  Time since last request: 0.000029 seconds.
  path: Assets/Stylized Nature Kit/Prefabs/Birch Trees/Birch Tree 2.prefab
  artifactKey: Guid(f7e392e8f67865443b864cd0ce4df972) Importer(815301076,1909f56bfc062723c751e8b465ee728b)
Start importing Assets/Stylized Nature Kit/Prefabs/Birch Trees/Birch Tree 2.prefab using Guid(f7e392e8f67865443b864cd0ce4df972) Importer(815301076,1909f56bfc062723c751e8b465ee728b)  -> (artifact id: '51f9e00f39c5a2846ce99ee3a273dd96') in 0.050341 seconds 
========================================================================
Received Import Request.
  Time since last request: 2101.736322 seconds.
  path: Assets/Stylized Nature Kit/Prefabs/Rock Cliffs/Rock Cliff 1.prefab
  artifactKey: Guid(2c4d842cbb13a1646afd9b887499a694) Importer(815301076,1909f56bfc062723c751e8b465ee728b)
Start importing Assets/Stylized Nature Kit/Prefabs/Rock Cliffs/Rock Cliff 1.prefab using Guid(2c4d842cbb13a1646afd9b887499a694) Importer(815301076,1909f56bfc062723c751e8b465ee728b)  -> (artifact id: '0f21ca4e59648ac0419090a8d99b8821') in 0.285677 seconds 
========================================================================
Received Import Request.
  Time since last request: 0.000049 seconds.
  path: Assets/Stylized Nature Kit/Prefabs/Rock Cliffs/Rock Cliff 3.prefab
  artifactKey: Guid(202b324524862254f848e1bcfa8df895) Importer(815301076,1909f56bfc062723c751e8b465ee728b)
Start importing Assets/Stylized Nature Kit/Prefabs/Rock Cliffs/Rock Cliff 3.prefab using Guid(202b324524862254f848e1bcfa8df895) Importer(815301076,1909f56bfc062723c751e8b465ee728b)  -> (artifact id: '1f6cad5537560ab6dd2b8413cf36be48') in 0.086834 seconds 
========================================================================
Received Import Request.
  Time since last request: 0.000043 seconds.
  path: Assets/Stylized Nature Kit/Prefabs/Rock Cliffs/Rock Cliff 4.prefab
  artifactKey: Guid(1cd5eaf88b4fc1943bd9c967248528ef) Importer(815301076,1909f56bfc062723c751e8b465ee728b)
Start importing Assets/Stylized Nature Kit/Prefabs/Rock Cliffs/Rock Cliff 4.prefab using Guid(1cd5eaf88b4fc1943bd9c967248528ef) Importer(815301076,1909f56bfc062723c751e8b465ee728b)  -> (artifact id: 'f32957062e9e41411d5e083f74e60215') in 0.073098 seconds 
========================================================================
Received Import Request.
  Time since last request: 83.534835 seconds.
  path: Assets/Stylized Nature Kit/Prefabs/Logs/Log 1.prefab
  artifactKey: Guid(050f54333f6174d40a03435e0a2a5cf3) Importer(815301076,1909f56bfc062723c751e8b465ee728b)
Start importing Assets/Stylized Nature Kit/Prefabs/Logs/Log 1.prefab using Guid(050f54333f6174d40a03435e0a2a5cf3) Importer(815301076,1909f56bfc062723c751e8b465ee728b)  -> (artifact id: '88f7a079e09bfbf22d79064ae8448513') in 0.154217 seconds 
========================================================================
Received Import Request.
  Time since last request: 170.556940 seconds.
  path: Assets/Stylized Nature Kit/Prefabs/Dead Shrubs/Dead Shrub 2.prefab
  artifactKey: Guid(26ef92f95a9573f429e5484bb184be4a) Importer(815301076,1909f56bfc062723c751e8b465ee728b)
Start importing Assets/Stylized Nature Kit/Prefabs/Dead Shrubs/Dead Shrub 2.prefab using Guid(26ef92f95a9573f429e5484bb184be4a) Importer(815301076,1909f56bfc062723c751e8b465ee728b)  -> (artifact id: '49b95fb50b0aab01d6af1c2ea9e46af6') in 0.129265 seconds 
========================================================================
Received Import Request.
  Time since last request: 0.000028 seconds.
  path: Assets/Stylized Nature Kit/Prefabs/Dead Shrubs/Dead Shrub 3.prefab
  artifactKey: Guid(db9bc33350762db4eb4014a5943ff97c) Importer(815301076,1909f56bfc062723c751e8b465ee728b)
Start importing Assets/Stylized Nature Kit/Prefabs/Dead Shrubs/Dead Shrub 3.prefab using Guid(db9bc33350762db4eb4014a5943ff97c) Importer(815301076,1909f56bfc062723c751e8b465ee728b)  -> (artifact id: 'e06bc8a28209d8e79b250aa38c9ff97e') in 0.073718 seconds 
========================================================================
Received Import Request.
  Time since last request: 1563.232870 seconds.
  path: Assets/Stylized Nature Kit/Prefabs/Shrubs/Shrub 2.prefab
  artifactKey: Guid(840b6d9c8aa1e544485a558ec529ae2e) Importer(815301076,1909f56bfc062723c751e8b465ee728b)
Start importing Assets/Stylized Nature Kit/Prefabs/Shrubs/Shrub 2.prefab using Guid(840b6d9c8aa1e544485a558ec529ae2e) Importer(815301076,1909f56bfc062723c751e8b465ee728b)  -> (artifact id: '756d3a61ffc8b71314dc50c6a96550c1') in 1.614862 seconds 
========================================================================
Received Import Request.
  Time since last request: 19.375901 seconds.
  path: Assets/Stylized Nature Kit/Prefabs/Sticks/Stick 2.prefab
  artifactKey: Guid(ec2203bf2d538be408a99851ae4951e3) Importer(815301076,1909f56bfc062723c751e8b465ee728b)
Start importing Assets/Stylized Nature Kit/Prefabs/Sticks/Stick 2.prefab using Guid(ec2203bf2d538be408a99851ae4951e3) Importer(815301076,1909f56bfc062723c751e8b465ee728b)  -> (artifact id: 'f825e0d318771aee42c0166648f0f951') in 0.050787 seconds 
========================================================================
Received Import Request.
  Time since last request: 24.682212 seconds.
  path: Assets/Stylized Nature Kit/Prefabs/Young Fir Trees/Young Fir Tree 2.prefab
  artifactKey: Guid(2c93d655d377db04a90876fde484aa18) Importer(815301076,1909f56bfc062723c751e8b465ee728b)
Start importing Assets/Stylized Nature Kit/Prefabs/Young Fir Trees/Young Fir Tree 2.prefab using Guid(2c93d655d377db04a90876fde484aa18) Importer(815301076,1909f56bfc062723c751e8b465ee728b)  -> (artifact id: '3b70c8fb089709daf12dc4d2ae01e39c') in 0.093550 seconds 
========================================================================
Received Import Request.
  Time since last request: 11.165837 seconds.
  path: Assets/Stylized Nature Kit/Prefabs/Flower Shrubs/Flower Shurb 2.prefab
  artifactKey: Guid(c0fcd0d3add2a834184581109bc7ea40) Importer(815301076,1909f56bfc062723c751e8b465ee728b)
Start importing Assets/Stylized Nature Kit/Prefabs/Flower Shrubs/Flower Shurb 2.prefab using Guid(c0fcd0d3add2a834184581109bc7ea40) Importer(815301076,1909f56bfc062723c751e8b465ee728b)  -> (artifact id: '7f0fd4f716c0438af17c636c443df4ca') in 0.166749 seconds 
========================================================================
Received Import Request.
  Time since last request: 2.645577 seconds.
  path: Assets/Stylized Nature Kit/Prefabs/Flowers/Type 1 Flower 2.prefab
  artifactKey: Guid(f050cb037835dc9449e7faf1d7bb42b2) Importer(815301076,1909f56bfc062723c751e8b465ee728b)
Start importing Assets/Stylized Nature Kit/Prefabs/Flowers/Type 1 Flower 2.prefab using Guid(f050cb037835dc9449e7faf1d7bb42b2) Importer(815301076,1909f56bfc062723c751e8b465ee728b)  -> (artifact id: '3c1c292cfa1ed31561dcd514c2b01bf0') in 0.101256 seconds 
========================================================================
Received Import Request.
  Time since last request: 0.000026 seconds.
  path: Assets/Stylized Nature Kit/Prefabs/Flowers/Type 2 Flower 2.prefab
  artifactKey: Guid(d992b908ffc2c3146a7c3c0d4748315e) Importer(815301076,1909f56bfc062723c751e8b465ee728b)
Start importing Assets/Stylized Nature Kit/Prefabs/Flowers/Type 2 Flower 2.prefab using Guid(d992b908ffc2c3146a7c3c0d4748315e) Importer(815301076,1909f56bfc062723c751e8b465ee728b)  -> (artifact id: '529ea38bc56ca3c5ada5b5829780328a') in 0.101229 seconds 
========================================================================
Received Import Request.
  Time since last request: 102.046288 seconds.
  path: Assets/Stylized Nature Kit/Prefabs/Grass Hills/Grass Hill 2.prefab
  artifactKey: Guid(f57165587c1c9fb44946d4fb78a74622) Importer(815301076,1909f56bfc062723c751e8b465ee728b)
Start importing Assets/Stylized Nature Kit/Prefabs/Grass Hills/Grass Hill 2.prefab using Guid(f57165587c1c9fb44946d4fb78a74622) Importer(815301076,1909f56bfc062723c751e8b465ee728b)  -> (artifact id: 'c037827023be41c59eb6e8e2ac62c7db') in 0.199348 seconds 
========================================================================
Received Import Request.
  Time since last request: 0.000042 seconds.
  path: Assets/Stylized Nature Kit/Prefabs/Grass Hills/Grass Hill 4.prefab
  artifactKey: Guid(3a5282eb3ba166449b93b69903d3b8e9) Importer(815301076,1909f56bfc062723c751e8b465ee728b)
Start importing Assets/Stylized Nature Kit/Prefabs/Grass Hills/Grass Hill 4.prefab using Guid(3a5282eb3ba166449b93b69903d3b8e9) Importer(815301076,1909f56bfc062723c751e8b465ee728b)  -> (artifact id: '5a2eb9c0b0db5ca01a65969394816570') in 0.106202 seconds 
========================================================================
Received Import Request.
  Time since last request: 6.970651 seconds.
  path: Assets/Stylized Nature Kit/Prefabs/Lily Pads/Lily Pad 2.prefab
  artifactKey: Guid(9ff457a2d04c94a45919ff25641a7439) Importer(815301076,1909f56bfc062723c751e8b465ee728b)
Start importing Assets/Stylized Nature Kit/Prefabs/Lily Pads/Lily Pad 2.prefab using Guid(9ff457a2d04c94a45919ff25641a7439) Importer(815301076,1909f56bfc062723c751e8b465ee728b)  -> (artifact id: '58a82a9ebdb2481280997878f745eef3') in 0.067450 seconds 
========================================================================
Received Import Request.
  Time since last request: 49.369652 seconds.
  path: Assets/Stylized Nature Kit/Materials/Shrub Leaves.mat
  artifactKey: Guid(2a934d6672439b9459f00df575c5b718) Importer(815301076,1909f56bfc062723c751e8b465ee728b)
Start importing Assets/Stylized Nature Kit/Materials/Shrub Leaves.mat using Guid(2a934d6672439b9459f00df575c5b718) Importer(815301076,1909f56bfc062723c751e8b465ee728b)  -> (artifact id: 'b039b9fa3c7edd66fa8750cea0d020eb') in 0.031200 seconds 
========================================================================
Received Import Request.
  Time since last request: 350.764675 seconds.
  path: Assets/Stylized Nature Kit/Prefabs/Broadleaf Trees/Broadleaf Tree 2.prefab
  artifactKey: Guid(13192ab6d52889641ad5c9c029d053e2) Importer(815301076,1909f56bfc062723c751e8b465ee728b)
Start importing Assets/Stylized Nature Kit/Prefabs/Broadleaf Trees/Broadleaf Tree 2.prefab using Guid(13192ab6d52889641ad5c9c029d053e2) Importer(815301076,1909f56bfc062723c751e8b465ee728b)  -> (artifact id: '79c381f3e193250775e31c0d3cf824eb') in 0.036430 seconds 
========================================================================
Received Import Request.
  Time since last request: 0.000030 seconds.
  path: Assets/Stylized Nature Kit/Prefabs/Broadleaf Trees/Broadleaf Tree 3.prefab
  artifactKey: Guid(5bcf70bf8c3ff7b40b2f14b5928994df) Importer(815301076,1909f56bfc062723c751e8b465ee728b)
Start importing Assets/Stylized Nature Kit/Prefabs/Broadleaf Trees/Broadleaf Tree 3.prefab using Guid(5bcf70bf8c3ff7b40b2f14b5928994df) Importer(815301076,1909f56bfc062723c751e8b465ee728b)  -> (artifact id: '4eaf731c38a2cf049ff0af7db0f9359d') in 0.046819 seconds 
========================================================================
Received Import Request.
  Time since last request: 0.000027 seconds.
  path: Assets/Stylized Nature Kit/Prefabs/Broadleaf Trees/Broadleaf Tree 4.prefab
  artifactKey: Guid(b62fe8a734168f44fb3563ad32d2b726) Importer(815301076,1909f56bfc062723c751e8b465ee728b)
Start importing Assets/Stylized Nature Kit/Prefabs/Broadleaf Trees/Broadleaf Tree 4.prefab using Guid(b62fe8a734168f44fb3563ad32d2b726) Importer(815301076,1909f56bfc062723c751e8b465ee728b)  -> (artifact id: 'b38b0a288a97a4150d618b2369c86479') in 0.028705 seconds 
========================================================================
Received Import Request.
  Time since last request: 91.789493 seconds.
  path: Assets/Stylized Nature Kit/Prefabs/Grass/Type 1 Grass 2.prefab
  artifactKey: Guid(483e474e91672cb4fa69d10344042feb) Importer(815301076,1909f56bfc062723c751e8b465ee728b)
Start importing Assets/Stylized Nature Kit/Prefabs/Grass/Type 1 Grass 2.prefab using Guid(483e474e91672cb4fa69d10344042feb) Importer(815301076,1909f56bfc062723c751e8b465ee728b)  -> (artifact id: '35bfa20377b61be60f6c1c2eb4a9a1b4') in 0.257393 seconds 
