Using pre-set license
Built from '2022.1/staging' branch; Version is '2022.1.15f1 (42973686a05c) revision 4364086'; Using compiler version '192829333'; Build Type 'Release'
OS: 'Windows 11  (10.0.22000) 64bit Core' Language: 'en' Physical Memory: 16335 MB
BatchMode: 1, IsHumanControllingUs: 0, StartBugReporterOnCrash: 0, Is64bit: 1, IsPro: 1

COMMAND LINE ARGUMENTS:
C:\Program Files\Unity\Hub\Editor\2022.1.15f1\Editor\Unity.exe
-adb2
-batchMode
-noUpm
-name
AssetImportWorker8
-projectPath
E:/VR Development/Autumnotive
-logFile
Logs/AssetImportWorker8.log
-srvPort
64063
Successfully changed project path to: E:/VR Development/Autumnotive
E:/VR Development/Autumnotive
[UnityMemory] Configuration Parameters - Can be set up in boot.config
    "memorysetup-bucket-allocator-granularity=16"
    "memorysetup-bucket-allocator-bucket-count=8"
    "memorysetup-bucket-allocator-block-size=33554432"
    "memorysetup-bucket-allocator-block-count=8"
    "memorysetup-main-allocator-block-size=16777216"
    "memorysetup-thread-allocator-block-size=16777216"
    "memorysetup-gfx-main-allocator-block-size=16777216"
    "memorysetup-gfx-thread-allocator-block-size=16777216"
    "memorysetup-cache-allocator-block-size=4194304"
    "memorysetup-typetree-allocator-block-size=2097152"
    "memorysetup-profiler-bucket-allocator-granularity=16"
    "memorysetup-profiler-bucket-allocator-bucket-count=8"
    "memorysetup-profiler-bucket-allocator-block-size=33554432"
    "memorysetup-profiler-bucket-allocator-block-count=8"
    "memorysetup-profiler-allocator-block-size=16777216"
    "memorysetup-profiler-editor-allocator-block-size=1048576"
    "memorysetup-temp-allocator-size-main=16777216"
    "memorysetup-job-temp-allocator-block-size=2097152"
    "memorysetup-job-temp-allocator-block-size-background=1048576"
    "memorysetup-job-temp-allocator-reduction-small-platforms=262144"
    "memorysetup-temp-allocator-size-background-worker=32768"
    "memorysetup-temp-allocator-size-job-worker=262144"
    "memorysetup-temp-allocator-size-preload-manager=33554432"
    "memorysetup-temp-allocator-size-nav-mesh-worker=65536"
    "memorysetup-temp-allocator-size-audio-worker=65536"
    "memorysetup-temp-allocator-size-cloud-worker=32768"
    "memorysetup-temp-allocator-size-gi-baking-worker=262144"
    "memorysetup-temp-allocator-size-gfx=262144"
Refreshing native plugins compatible for Editor in 101.35 ms, found 3 plugins.
Preloading 0 native plugins for Editor in 0.00 ms.
Initialize engine version: 2022.1.15f1 (42973686a05c)
[Subsystems] Discovering subsystems at path C:/Program Files/Unity/Hub/Editor/2022.1.15f1/Editor/Data/Resources/UnitySubsystems
[Subsystems] Discovering subsystems at path E:/VR Development/Autumnotive/Assets
GfxDevice: creating device client; threaded=0; jobified=0
Direct3D:
    Version:  Direct3D 11.0 [level 11.1]
    Renderer: NVIDIA GeForce GTX 1660 Ti (ID=0x2182)
    Vendor:   NVIDIA
    VRAM:     5991 MB
    Driver:   31.0.15.1659
Initialize mono
Mono path[0] = 'C:/Program Files/Unity/Hub/Editor/2022.1.15f1/Editor/Data/Managed'
Mono path[1] = 'C:/Program Files/Unity/Hub/Editor/2022.1.15f1/Editor/Data/MonoBleedingEdge/lib/mono/unityjit-win32'
Mono config path = 'C:/Program Files/Unity/Hub/Editor/2022.1.15f1/Editor/Data/MonoBleedingEdge/etc'
Using monoOptions --debugger-agent=transport=dt_socket,embedding=1,server=y,suspend=n,address=127.0.0.1:56956
Begin MonoManager ReloadAssembly
Registering precompiled unity dll's ...
Register platform support module: C:/Program Files/Unity/Hub/Editor/2022.1.15f1/Editor/Data/PlaybackEngines/WindowsStandaloneSupport/UnityEditor.WindowsStandalone.Extensions.dll
Registered in 0.005119 seconds.
Native extension for WindowsStandalone target not found
Refreshing native plugins compatible for Editor in 100.72 ms, found 3 plugins.
Preloading 0 native plugins for Editor in 0.00 ms.
Mono: successfully reloaded assembly
- Completed reload, in  0.608 seconds
Domain Reload Profiling:
	ReloadAssembly (608ms)
		BeginReloadAssembly (56ms)
			ExecutionOrderSort (0ms)
			DisableScriptedObjects (0ms)
			BackupInstance (0ms)
			ReleaseScriptingObjects (0ms)
			CreateAndSetChildDomain (1ms)
		EndReloadAssembly (459ms)
			LoadAssemblies (55ms)
			RebuildTransferFunctionScriptingTraits (0ms)
			SetupTypeCache (104ms)
				TypeCache.Initialize (103ms)
					TypeCache.ScanAssembly (100ms)
				ResolveRequiredComponents (1ms)
			ReleaseScriptCaches (0ms)
			RebuildScriptCaches (32ms)
			SetupLoadedEditorAssemblies (262ms)
				LogAssemblyErrors (0ms)
				InitializePlatformSupportModulesInManaged (7ms)
				SetLoadedEditorAssemblies (5ms)
				RefreshPlugins (101ms)
				BeforeProcessingInitializeOnLoad (1ms)
				ProcessInitializeOnLoadAttributes (110ms)
				ProcessInitializeOnLoadMethodAttributes (38ms)
				AfterProcessingInitializeOnLoad (0ms)
				EditorAssembliesLoaded (0ms)
			ExecutionOrderSort2 (0ms)
			AwakeInstancesAfterBackupRestoration (0ms)
Platform modules already initialized, skipping
Registering precompiled user dll's ...
Registered in 0.009847 seconds.
Begin MonoManager ReloadAssembly
Symbol file LoadedFromMemory doesn't match image E:\VR Development\Autumnotive\Library\PackageCache\com.unity.visualscripting@1.7.8\Editor\VisualScripting.Core\Dependencies\YamlDotNet\Unity.VisualScripting.YamlDotNet.dll
Symbol file LoadedFromMemory doesn't match image E:\VR Development\Autumnotive\Library\PackageCache\com.unity.visualscripting@1.7.8\Editor\VisualScripting.Core\Dependencies\DotNetZip\Unity.VisualScripting.IonicZip.dll
Native extension for WindowsStandalone target not found
Refreshing native plugins compatible for Editor in 100.63 ms, found 3 plugins.
Preloading 0 native plugins for Editor in 0.00 ms.
Mono: successfully reloaded assembly
- Completed reload, in  1.236 seconds
Domain Reload Profiling:
	ReloadAssembly (1237ms)
		BeginReloadAssembly (107ms)
			ExecutionOrderSort (0ms)
			DisableScriptedObjects (6ms)
			BackupInstance (0ms)
			ReleaseScriptingObjects (0ms)
			CreateAndSetChildDomain (19ms)
		EndReloadAssembly (1019ms)
			LoadAssemblies (88ms)
			RebuildTransferFunctionScriptingTraits (0ms)
			SetupTypeCache (232ms)
				TypeCache.Initialize (222ms)
					TypeCache.ScanAssembly (218ms)
				ResolveRequiredComponents (11ms)
			ReleaseScriptCaches (1ms)
			RebuildScriptCaches (50ms)
			SetupLoadedEditorAssemblies (583ms)
				LogAssemblyErrors (0ms)
				InitializePlatformSupportModulesInManaged (4ms)
				SetLoadedEditorAssemblies (4ms)
				RefreshPlugins (101ms)
				BeforeProcessingInitializeOnLoad (157ms)
				ProcessInitializeOnLoadAttributes (243ms)
				ProcessInitializeOnLoadMethodAttributes (69ms)
				AfterProcessingInitializeOnLoad (5ms)
				EditorAssembliesLoaded (0ms)
			ExecutionOrderSort2 (0ms)
			AwakeInstancesAfterBackupRestoration (5ms)
Platform modules already initialized, skipping
========================================================================
Worker process is ready to serve import requests
Launched and connected shader compiler UnityShaderCompiler.exe after 0.05 seconds
Refreshing native plugins compatible for Editor in 1.02 ms, found 3 plugins.
Preloading 0 native plugins for Editor in 0.00 ms.
Unloading 5072 Unused Serialized files (Serialized files now loaded: 0)
Unloading 31 unused Assets / (351.8 KB). Loaded Objects now: 5538.
Memory consumption went from 0.79 GB to 0.79 GB.
Total: 3.724900 ms (FindLiveObjects: 0.448600 ms CreateObjectMapping: 0.122200 ms MarkObjects: 2.972300 ms  DeleteObjects: 0.180500 ms)

AssetImportParameters requested are different than current active one (requested -> active):
  custom:video-decoder-ogg-theora: a1e56fd34408186e4bbccfd4996cb3dc -> 
  custom:container-muxer-webm: aa71ff27fc2769a1b78a27578f13a17b -> 
  custom:container-demuxer-webm: 4f35f7cbe854078d1ac9338744f61a02 -> 
  custom:video-encoder-webm-vp8: eb34c28f22e8b96e1ab97ce403110664 -> 
  custom:audio-encoder-webm-vorbis: bf7c407c2cedff20999df2af8eb42d56 -> 
  custom:framework-win-MediaFoundation: 216162199b28c13a410421893ffa2e32 -> 
  custom:container-demuxer-ogg: 62fdf1f143b41e24485cea50d1cbac27 -> 
  custom:video-decoder-webm-vp8: 9c59270c3fd7afecdb556c50c9e8de78 -> 
  custom:audio-decoder-ogg-vorbis: bf7c407c2cedff20999df2af8eb42d56 -> 
========================================================================
Received Import Request.
  Time since last request: 11178.755470 seconds.
  path: Assets/Stylized Nature Kit/Terrain Textures/Grass.png
  artifactKey: Guid(23cefff06e4aab4458c175ad7e4abdc1) Importer(815301076,1909f56bfc062723c751e8b465ee728b)
Start importing Assets/Stylized Nature Kit/Terrain Textures/Grass.png using Guid(23cefff06e4aab4458c175ad7e4abdc1) Importer(815301076,1909f56bfc062723c751e8b465ee728b)  -> (artifact id: '621c599f02522e861b617eaf92aa870d') in 0.115092 seconds 
========================================================================
Received Import Request.
  Time since last request: 14.472143 seconds.
  path: Assets/Ultimate Textured Building Pack - Dec 2019/Textured Models/Textures/Texture_Dark.png
  artifactKey: Guid(e6d94a4c9f6e29a4d96378015c44f3ee) Importer(815301076,1909f56bfc062723c751e8b465ee728b)
Start importing Assets/Ultimate Textured Building Pack - Dec 2019/Textured Models/Textures/Texture_Dark.png using Guid(e6d94a4c9f6e29a4d96378015c44f3ee) Importer(815301076,1909f56bfc062723c751e8b465ee728b)  -> (artifact id: '7d0962f0edac76cbea1a7a48e34c894a') in 0.012597 seconds 
========================================================================
Received Import Request.
  Time since last request: 0.021261 seconds.
  path: Assets/Ultimate Textured Building Pack - Dec 2019/Textured Models/Textures/Texture_DarkBlue.png
  artifactKey: Guid(977899c3f95db404b8ec385c48d75151) Importer(815301076,1909f56bfc062723c751e8b465ee728b)
Start importing Assets/Ultimate Textured Building Pack - Dec 2019/Textured Models/Textures/Texture_DarkBlue.png using Guid(977899c3f95db404b8ec385c48d75151) Importer(815301076,1909f56bfc062723c751e8b465ee728b)  -> (artifact id: '67538fdcbdfa1df3e7c7fc0ca351d3bf') in 0.011997 seconds 
========================================================================
Received Import Request.
  Time since last request: 0.000015 seconds.
  path: Assets/Ultimate Textured Building Pack - Dec 2019/Textured Models/Textures/Texture_DarkPurple.png
  artifactKey: Guid(22410fb94504b6741bfffeac12b0cf3e) Importer(815301076,1909f56bfc062723c751e8b465ee728b)
Start importing Assets/Ultimate Textured Building Pack - Dec 2019/Textured Models/Textures/Texture_DarkPurple.png using Guid(22410fb94504b6741bfffeac12b0cf3e) Importer(815301076,1909f56bfc062723c751e8b465ee728b)  -> (artifact id: 'dd563c4d7000ca54fee442658ead68da') in 0.014068 seconds 
========================================================================
Received Import Request.
  Time since last request: 0.000019 seconds.
  path: Assets/Ultimate Textured Building Pack - Dec 2019/Textured Models/Textures/Texture_Light.png
  artifactKey: Guid(a989e46a5ad86c64ca1aa467c18babf0) Importer(815301076,1909f56bfc062723c751e8b465ee728b)
Start importing Assets/Ultimate Textured Building Pack - Dec 2019/Textured Models/Textures/Texture_Light.png using Guid(a989e46a5ad86c64ca1aa467c18babf0) Importer(815301076,1909f56bfc062723c751e8b465ee728b)  -> (artifact id: 'ddf6d0cf640f23d6b3614a80bf76d329') in 0.042622 seconds 
========================================================================
Received Import Request.
  Time since last request: 0.000029 seconds.
  path: Assets/Ultimate Textured Building Pack - Dec 2019/Textured Models/Textures/Texture_Red.png
  artifactKey: Guid(81470d1afe561ac47881c5aa2736bc89) Importer(815301076,1909f56bfc062723c751e8b465ee728b)
Start importing Assets/Ultimate Textured Building Pack - Dec 2019/Textured Models/Textures/Texture_Red.png using Guid(81470d1afe561ac47881c5aa2736bc89) Importer(815301076,1909f56bfc062723c751e8b465ee728b)  -> (artifact id: '5b56ea0410480bab84a81350cab9f9cb') in 0.024626 seconds 
========================================================================
Received Import Request.
  Time since last request: 0.000040 seconds.
  path: Assets/Ultimate Textured Building Pack - Dec 2019/Textured Models/Textures/Texture_Yellow.png
  artifactKey: Guid(b756725bf130a424fabe7ad23625d006) Importer(815301076,1909f56bfc062723c751e8b465ee728b)
Start importing Assets/Ultimate Textured Building Pack - Dec 2019/Textured Models/Textures/Texture_Yellow.png using Guid(b756725bf130a424fabe7ad23625d006) Importer(815301076,1909f56bfc062723c751e8b465ee728b)  -> (artifact id: 'd1219a54d1855472b68197493d90d59f') in 0.018107 seconds 
========================================================================
Received Import Request.
  Time since last request: 7.571589 seconds.
  path: Assets/Ultimate Textured Building Pack - Dec 2019/Models with Materials/OBJ/1Story_Mat.obj
  artifactKey: Guid(4f8f263b933b70548acdc4db13ccd564) Importer(815301076,1909f56bfc062723c751e8b465ee728b)
Start importing Assets/Ultimate Textured Building Pack - Dec 2019/Models with Materials/OBJ/1Story_Mat.obj using Guid(4f8f263b933b70548acdc4db13ccd564) Importer(815301076,1909f56bfc062723c751e8b465ee728b)  -> (artifact id: '4256ba88c34381b806e048cde6488c71') in 0.387717 seconds 
========================================================================
Received Import Request.
  Time since last request: 0.000032 seconds.
  path: Assets/Ultimate Textured Building Pack - Dec 2019/Models with Materials/OBJ/2Story_Sidehouse_Mat.obj
  artifactKey: Guid(84c2bb7d4b3f30c4e925b953335ff2cb) Importer(815301076,1909f56bfc062723c751e8b465ee728b)
Start importing Assets/Ultimate Textured Building Pack - Dec 2019/Models with Materials/OBJ/2Story_Sidehouse_Mat.obj using Guid(84c2bb7d4b3f30c4e925b953335ff2cb) Importer(815301076,1909f56bfc062723c751e8b465ee728b)  -> (artifact id: '4ed090652368141fdeb6279be206bbd6') in 0.106055 seconds 
========================================================================
Received Import Request.
  Time since last request: 0.000034 seconds.
  path: Assets/Ultimate Textured Building Pack - Dec 2019/Models with Materials/OBJ/2Story_Wide_2Doors_Mat.obj
  artifactKey: Guid(1a687df10b2bd4e4882f8ac8ac6020d5) Importer(815301076,1909f56bfc062723c751e8b465ee728b)
Start importing Assets/Ultimate Textured Building Pack - Dec 2019/Models with Materials/OBJ/2Story_Wide_2Doors_Mat.obj using Guid(1a687df10b2bd4e4882f8ac8ac6020d5) Importer(815301076,1909f56bfc062723c751e8b465ee728b)  -> (artifact id: 'd489aa9175dffebffadaad2bd45be77f') in 0.133780 seconds 
========================================================================
Received Import Request.
  Time since last request: 0.000020 seconds.
  path: Assets/Ultimate Textured Building Pack - Dec 2019/Models with Materials/OBJ/2Story_RoundRoof_Mat.obj
  artifactKey: Guid(53240fed7a5491d4da9636138e0f9368) Importer(815301076,1909f56bfc062723c751e8b465ee728b)
Start importing Assets/Ultimate Textured Building Pack - Dec 2019/Models with Materials/OBJ/2Story_RoundRoof_Mat.obj using Guid(53240fed7a5491d4da9636138e0f9368) Importer(815301076,1909f56bfc062723c751e8b465ee728b)  -> (artifact id: 'b2a393bdfc21254cc90b2bcb2db9fe09') in 0.065822 seconds 
========================================================================
Received Import Request.
  Time since last request: 0.000028 seconds.
  path: Assets/Ultimate Textured Building Pack - Dec 2019/Models with Materials/OBJ/4Story_Mat.obj
  artifactKey: Guid(a676f6133bfd58442a06fafe01b4ae69) Importer(815301076,1909f56bfc062723c751e8b465ee728b)
Start importing Assets/Ultimate Textured Building Pack - Dec 2019/Models with Materials/OBJ/4Story_Mat.obj using Guid(a676f6133bfd58442a06fafe01b4ae69) Importer(815301076,1909f56bfc062723c751e8b465ee728b)  -> (artifact id: '9d14494cd74d9c51334d2566619d365b') in 0.092035 seconds 
========================================================================
Received Import Request.
  Time since last request: 0.000061 seconds.
  path: Assets/Ultimate Textured Building Pack - Dec 2019/Models with Materials/OBJ/3Story_Slim_Mat.obj
  artifactKey: Guid(55a28b035e077be45aa139f6fe00b32d) Importer(815301076,1909f56bfc062723c751e8b465ee728b)
Start importing Assets/Ultimate Textured Building Pack - Dec 2019/Models with Materials/OBJ/3Story_Slim_Mat.obj using Guid(55a28b035e077be45aa139f6fe00b32d) Importer(815301076,1909f56bfc062723c751e8b465ee728b)  -> (artifact id: '9d27355023d0df3469f3882fce273055') in 0.099746 seconds 
========================================================================
Received Import Request.
  Time since last request: 0.000024 seconds.
  path: Assets/Ultimate Textured Building Pack - Dec 2019/Models with Materials/OBJ/2Story_2_Mat.obj
  artifactKey: Guid(c7219839707a4ec43b3cb86c6f3f4c58) Importer(815301076,1909f56bfc062723c751e8b465ee728b)
Start importing Assets/Ultimate Textured Building Pack - Dec 2019/Models with Materials/OBJ/2Story_2_Mat.obj using Guid(c7219839707a4ec43b3cb86c6f3f4c58) Importer(815301076,1909f56bfc062723c751e8b465ee728b)  -> (artifact id: '9cdc15ff267a619d8e486c15c90a456b') in 0.094269 seconds 
========================================================================
Received Import Request.
  Time since last request: 0.000033 seconds.
  path: Assets/Ultimate Textured Building Pack - Dec 2019/Models with Materials/OBJ/2Story_Sign_Mat.obj
  artifactKey: Guid(3870808fc9b929b44a0a902423c625e5) Importer(815301076,1909f56bfc062723c751e8b465ee728b)
Start importing Assets/Ultimate Textured Building Pack - Dec 2019/Models with Materials/OBJ/2Story_Sign_Mat.obj using Guid(3870808fc9b929b44a0a902423c625e5) Importer(815301076,1909f56bfc062723c751e8b465ee728b)  -> (artifact id: 'c23b456c647d7dfeae6d8934d8f9e1c3') in 0.087583 seconds 
========================================================================
Received Import Request.
  Time since last request: 0.000029 seconds.
  path: Assets/Ultimate Textured Building Pack - Dec 2019/Models with Materials/OBJ/2Story_Columns_Mat.obj
  artifactKey: Guid(23e1595ceeac93a459695d3f1a23d056) Importer(815301076,1909f56bfc062723c751e8b465ee728b)
Start importing Assets/Ultimate Textured Building Pack - Dec 2019/Models with Materials/OBJ/2Story_Columns_Mat.obj using Guid(23e1595ceeac93a459695d3f1a23d056) Importer(815301076,1909f56bfc062723c751e8b465ee728b)  -> (artifact id: 'ed4f00eff1420b2b1e21644e4acd740b') in 0.095152 seconds 
========================================================================
Received Import Request.
  Time since last request: 0.000031 seconds.
  path: Assets/Ultimate Textured Building Pack - Dec 2019/Models with Materials/OBJ/1Story_Sign_Mat.obj
  artifactKey: Guid(6ef0826b2171811438042218789f074c) Importer(815301076,1909f56bfc062723c751e8b465ee728b)
Start importing Assets/Ultimate Textured Building Pack - Dec 2019/Models with Materials/OBJ/1Story_Sign_Mat.obj using Guid(6ef0826b2171811438042218789f074c) Importer(815301076,1909f56bfc062723c751e8b465ee728b)  -> (artifact id: 'a201590195b1878b1618d12ca338037a') in 0.087034 seconds 
========================================================================
Received Import Request.
  Time since last request: 0.000027 seconds.
  path: Assets/Ultimate Textured Building Pack - Dec 2019/Models with Materials/OBJ/1Story_Mat.mtl
  artifactKey: Guid(8dcc215bbc3f034448028a133b5a791c) Importer(815301076,1909f56bfc062723c751e8b465ee728b)
Start importing Assets/Ultimate Textured Building Pack - Dec 2019/Models with Materials/OBJ/1Story_Mat.mtl using Guid(8dcc215bbc3f034448028a133b5a791c) Importer(815301076,1909f56bfc062723c751e8b465ee728b)  -> (artifact id: '1ef808146ad159ba18ab5e621693fefa') in 0.007275 seconds 
========================================================================
Received Import Request.
  Time since last request: 0.000027 seconds.
  path: Assets/Ultimate Textured Building Pack - Dec 2019/Models with Materials/OBJ/2Story_Center_Mat.obj
  artifactKey: Guid(339b0fd3d37d73a4c821b223c1aa258d) Importer(815301076,1909f56bfc062723c751e8b465ee728b)
Start importing Assets/Ultimate Textured Building Pack - Dec 2019/Models with Materials/OBJ/2Story_Center_Mat.obj using Guid(339b0fd3d37d73a4c821b223c1aa258d) Importer(815301076,1909f56bfc062723c751e8b465ee728b)  -> (artifact id: 'aaae34bc5bcc99038c59695c9eff8487') in 0.086079 seconds 
========================================================================
Received Import Request.
  Time since last request: 0.000029 seconds.
  path: Assets/Ultimate Textured Building Pack - Dec 2019/Models with Materials/OBJ/2Story_Slim_Mat.obj
  artifactKey: Guid(6516534b962ce09458053ebd3c13c98d) Importer(815301076,1909f56bfc062723c751e8b465ee728b)
Start importing Assets/Ultimate Textured Building Pack - Dec 2019/Models with Materials/OBJ/2Story_Slim_Mat.obj using Guid(6516534b962ce09458053ebd3c13c98d) Importer(815301076,1909f56bfc062723c751e8b465ee728b)  -> (artifact id: 'da7a6c8d4eac65816a74229f8420196a') in 0.093186 seconds 
Editor requested this worker to shutdown with reason: Scaling down because of idle timeout
AssetImportWorker is now disconnected from the server
Process exiting
Exiting without the bug reporter. Application will terminate with return code 0