Using pre-set license
Built from '2022.1/staging' branch; Version is '2022.1.15f1 (42973686a05c) revision 4364086'; Using compiler version '192829333'; Build Type 'Release'
OS: 'Windows 10  (10.0.19043) 64bit Professional' Language: 'en' Physical Memory: 16269 MB
BatchMode: 1, IsHumanControllingUs: 0, StartBugReporterOnCrash: 0, Is64bit: 1, IsPro: 1

COMMAND LINE ARGUMENTS:
C:\Program Files\Unity\Hub\Editor\2022.1.15f1\Editor\Unity.exe
-adb2
-batchMode
-noUpm
-name
AssetImportWorker0
-projectPath
C:/Users/boram/Desktop/Autumnotive
-logFile
Logs/AssetImportWorker0.log
-srvPort
58647
Successfully changed project path to: C:/Users/boram/Desktop/Autumnotive
C:/Users/boram/Desktop/Autumnotive
[UnityMemory] Configuration Parameters - Can be set up in boot.config
    "memorysetup-bucket-allocator-granularity=16"
    "memorysetup-bucket-allocator-bucket-count=8"
    "memorysetup-bucket-allocator-block-size=33554432"
    "memorysetup-bucket-allocator-block-count=8"
    "memorysetup-main-allocator-block-size=16777216"
    "memorysetup-thread-allocator-block-size=16777216"
    "memorysetup-gfx-main-allocator-block-size=16777216"
    "memorysetup-gfx-thread-allocator-block-size=16777216"
    "memorysetup-cache-allocator-block-size=4194304"
    "memorysetup-typetree-allocator-block-size=2097152"
    "memorysetup-profiler-bucket-allocator-granularity=16"
    "memorysetup-profiler-bucket-allocator-bucket-count=8"
    "memorysetup-profiler-bucket-allocator-block-size=33554432"
    "memorysetup-profiler-bucket-allocator-block-count=8"
    "memorysetup-profiler-allocator-block-size=16777216"
    "memorysetup-profiler-editor-allocator-block-size=1048576"
    "memorysetup-temp-allocator-size-main=16777216"
    "memorysetup-job-temp-allocator-block-size=2097152"
    "memorysetup-job-temp-allocator-block-size-background=1048576"
    "memorysetup-job-temp-allocator-reduction-small-platforms=262144"
    "memorysetup-temp-allocator-size-background-worker=32768"
    "memorysetup-temp-allocator-size-job-worker=262144"
    "memorysetup-temp-allocator-size-preload-manager=33554432"
    "memorysetup-temp-allocator-size-nav-mesh-worker=65536"
    "memorysetup-temp-allocator-size-audio-worker=65536"
    "memorysetup-temp-allocator-size-cloud-worker=32768"
    "memorysetup-temp-allocator-size-gi-baking-worker=262144"
    "memorysetup-temp-allocator-size-gfx=262144"
Refreshing native plugins compatible for Editor in 179.76 ms, found 3 plugins.
Preloading 0 native plugins for Editor in 0.00 ms.
Initialize engine version: 2022.1.15f1 (42973686a05c)
[Subsystems] Discovering subsystems at path C:/Program Files/Unity/Hub/Editor/2022.1.15f1/Editor/Data/Resources/UnitySubsystems
[Subsystems] Discovering subsystems at path C:/Users/boram/Desktop/Autumnotive/Assets
GfxDevice: creating device client; threaded=0; jobified=0
Direct3D:
    Version:  Direct3D 11.0 [level 11.1]
    Renderer: NVIDIA GeForce GTX 1050 (ID=0x1c8d)
    Vendor:   NVIDIA
    VRAM:     1977 MB
    Driver:   30.0.14.7219
Initialize mono
Mono path[0] = 'C:/Program Files/Unity/Hub/Editor/2022.1.15f1/Editor/Data/Managed'
Mono path[1] = 'C:/Program Files/Unity/Hub/Editor/2022.1.15f1/Editor/Data/MonoBleedingEdge/lib/mono/unityjit-win32'
Mono config path = 'C:/Program Files/Unity/Hub/Editor/2022.1.15f1/Editor/Data/MonoBleedingEdge/etc'
Using monoOptions --debugger-agent=transport=dt_socket,embedding=1,server=y,suspend=n,address=127.0.0.1:56136
Begin MonoManager ReloadAssembly
Registering precompiled unity dll's ...
Register platform support module: C:/Program Files/Unity/Hub/Editor/2022.1.15f1/Editor/Data/PlaybackEngines/WindowsStandaloneSupport/UnityEditor.WindowsStandalone.Extensions.dll
Registered in 0.015732 seconds.
Native extension for WindowsStandalone target not found
Refreshing native plugins compatible for Editor in 185.88 ms, found 3 plugins.
Preloading 0 native plugins for Editor in 0.00 ms.
Mono: successfully reloaded assembly
- Completed reload, in  1.261 seconds
Domain Reload Profiling:
	ReloadAssembly (1262ms)
		BeginReloadAssembly (134ms)
			ExecutionOrderSort (0ms)
			DisableScriptedObjects (0ms)
			BackupInstance (0ms)
			ReleaseScriptingObjects (0ms)
			CreateAndSetChildDomain (1ms)
		EndReloadAssembly (868ms)
			LoadAssemblies (127ms)
			RebuildTransferFunctionScriptingTraits (0ms)
			SetupTypeCache (209ms)
				TypeCache.Initialize (209ms)
					TypeCache.ScanAssembly (205ms)
				ResolveRequiredComponents (1ms)
			ReleaseScriptCaches (0ms)
			RebuildScriptCaches (47ms)
			SetupLoadedEditorAssemblies (529ms)
				LogAssemblyErrors (0ms)
				InitializePlatformSupportModulesInManaged (12ms)
				SetLoadedEditorAssemblies (9ms)
				RefreshPlugins (186ms)
				BeforeProcessingInitializeOnLoad (2ms)
				ProcessInitializeOnLoadAttributes (237ms)
				ProcessInitializeOnLoadMethodAttributes (83ms)
				AfterProcessingInitializeOnLoad (0ms)
				EditorAssembliesLoaded (0ms)
			ExecutionOrderSort2 (0ms)
			AwakeInstancesAfterBackupRestoration (0ms)
Platform modules already initialized, skipping
Registering precompiled user dll's ...
Registered in 0.016271 seconds.
Begin MonoManager ReloadAssembly
Symbol file LoadedFromMemory doesn't match image C:\Users\boram\Desktop\Autumnotive\Library\PackageCache\com.unity.visualscripting@1.7.8\Editor\VisualScripting.Core\Dependencies\YamlDotNet\Unity.VisualScripting.YamlDotNet.dll
Symbol file LoadedFromMemory doesn't match image C:\Users\boram\Desktop\Autumnotive\Library\PackageCache\com.unity.visualscripting@1.7.8\Editor\VisualScripting.Core\Dependencies\DotNetZip\Unity.VisualScripting.IonicZip.dll
Native extension for WindowsStandalone target not found
Refreshing native plugins compatible for Editor in 232.67 ms, found 3 plugins.
Preloading 0 native plugins for Editor in 0.00 ms.
Mono: successfully reloaded assembly
- Completed reload, in  2.461 seconds
Domain Reload Profiling:
	ReloadAssembly (2462ms)
		BeginReloadAssembly (207ms)
			ExecutionOrderSort (0ms)
			DisableScriptedObjects (10ms)
			BackupInstance (0ms)
			ReleaseScriptingObjects (0ms)
			CreateAndSetChildDomain (39ms)
		EndReloadAssembly (1960ms)
			LoadAssemblies (151ms)
			RebuildTransferFunctionScriptingTraits (0ms)
			SetupTypeCache (521ms)
				TypeCache.Initialize (500ms)
					TypeCache.ScanAssembly (494ms)
				ResolveRequiredComponents (21ms)
			ReleaseScriptCaches (1ms)
			RebuildScriptCaches (119ms)
			SetupLoadedEditorAssemblies (1052ms)
				LogAssemblyErrors (0ms)
				InitializePlatformSupportModulesInManaged (9ms)
				SetLoadedEditorAssemblies (10ms)
				RefreshPlugins (233ms)
				BeforeProcessingInitializeOnLoad (183ms)
				ProcessInitializeOnLoadAttributes (441ms)
				ProcessInitializeOnLoadMethodAttributes (158ms)
				AfterProcessingInitializeOnLoad (17ms)
				EditorAssembliesLoaded (0ms)
			ExecutionOrderSort2 (0ms)
			AwakeInstancesAfterBackupRestoration (15ms)
Platform modules already initialized, skipping
========================================================================
Worker process is ready to serve import requests
Launched and connected shader compiler UnityShaderCompiler.exe after 0.08 seconds
Refreshing native plugins compatible for Editor in 2.25 ms, found 3 plugins.
Preloading 0 native plugins for Editor in 0.00 ms.
Unloading 5070 Unused Serialized files (Serialized files now loaded: 0)
Unloading 31 unused Assets / (352.3 KB). Loaded Objects now: 5537.
Memory consumption went from 0.79 GB to 0.79 GB.
Total: 6.351800 ms (FindLiveObjects: 0.669700 ms CreateObjectMapping: 0.925600 ms MarkObjects: 4.468200 ms  DeleteObjects: 0.287000 ms)

AssetImportParameters requested are different than current active one (requested -> active):
  custom:video-decoder-ogg-theora: a1e56fd34408186e4bbccfd4996cb3dc -> 
  custom:container-muxer-webm: aa71ff27fc2769a1b78a27578f13a17b -> 
  custom:container-demuxer-webm: 4f35f7cbe854078d1ac9338744f61a02 -> 
  custom:video-encoder-webm-vp8: eb34c28f22e8b96e1ab97ce403110664 -> 
  custom:video-codec-MediaFoundation-h265: 746d11721c4dcdbdad8f713fa42b33f4 -> 
  custom:audio-encoder-webm-vorbis: bf7c407c2cedff20999df2af8eb42d56 -> 
  custom:framework-win-MediaFoundation: 216162199b28c13a410421893ffa2e32 -> 
  custom:container-demuxer-ogg: 62fdf1f143b41e24485cea50d1cbac27 -> 
  custom:video-decoder-webm-vp8: 9c59270c3fd7afecdb556c50c9e8de78 -> 
  custom:audio-decoder-ogg-vorbis: bf7c407c2cedff20999df2af8eb42d56 -> 
========================================================================
Received Import Request.
  Time since last request: 153524.031622 seconds.
  path: Assets/Stylized Nature Kit/Prefabs/Small Rocks/Small Rock 1.prefab
  artifactKey: Guid(21f966637651fe543a3d970d2600adb8) Importer(815301076,1909f56bfc062723c751e8b465ee728b)
Start importing Assets/Stylized Nature Kit/Prefabs/Small Rocks/Small Rock 1.prefab using Guid(21f966637651fe543a3d970d2600adb8) Importer(815301076,1909f56bfc062723c751e8b465ee728b)  -> (artifact id: '8cbb45db104ee2ad819a0f363d0c4438') in 0.474114 seconds 
========================================================================
Received Import Request.
  Time since last request: 0.000045 seconds.
  path: Assets/Stylized Nature Kit/Prefabs/Small Rocks/Small Rock 4.prefab
  artifactKey: Guid(d7026c09f3906494c9427818eb71dd20) Importer(815301076,1909f56bfc062723c751e8b465ee728b)
Start importing Assets/Stylized Nature Kit/Prefabs/Small Rocks/Small Rock 4.prefab using Guid(d7026c09f3906494c9427818eb71dd20) Importer(815301076,1909f56bfc062723c751e8b465ee728b)  -> (artifact id: '89081dec2ff0ba067d3ccf55f7ceca5b') in 0.025978 seconds 
========================================================================
Received Import Request.
  Time since last request: 0.000049 seconds.
  path: Assets/Farm Buildings - Sept 2018/FBX/Silo_House.fbx
  artifactKey: Guid(53f111b57b8142c4989b72b4b5dfae3c) Importer(815301076,1909f56bfc062723c751e8b465ee728b)
Start importing Assets/Farm Buildings - Sept 2018/FBX/Silo_House.fbx using Guid(53f111b57b8142c4989b72b4b5dfae3c) Importer(815301076,1909f56bfc062723c751e8b465ee728b)  -> (artifact id: 'f02437f940c30356926dacc14e4f54d5') in 0.158794 seconds 
========================================================================
Received Import Request.
  Time since last request: 0.000045 seconds.
  path: Assets/Stylized Nature Kit/Meshes/Sticks/Stick 2.fbx
  artifactKey: Guid(53f70fa1f7d02334793856240709b47c) Importer(815301076,1909f56bfc062723c751e8b465ee728b)
Start importing Assets/Stylized Nature Kit/Meshes/Sticks/Stick 2.fbx using Guid(53f70fa1f7d02334793856240709b47c) Importer(815301076,1909f56bfc062723c751e8b465ee728b)  -> (artifact id: 'f8c75edf85df9ddaa33961f7d4129d64') in 0.137831 seconds 
========================================================================
Received Import Request.
  Time since last request: 0.000035 seconds.
  path: Assets/Stylized Nature Kit/Prefabs/Small Terrains/Small Terrrain 4.prefab
  artifactKey: Guid(a2fe5d43a58a4874abf6a6375c7a7844) Importer(815301076,1909f56bfc062723c751e8b465ee728b)
Start importing Assets/Stylized Nature Kit/Prefabs/Small Terrains/Small Terrrain 4.prefab using Guid(a2fe5d43a58a4874abf6a6375c7a7844) Importer(815301076,1909f56bfc062723c751e8b465ee728b)  -> (artifact id: 'cf09eca66a6164f9773eb6b222a97954') in 0.033185 seconds 
========================================================================
Received Import Request.
  Time since last request: 0.000072 seconds.
  path: Assets/Stylized Nature Kit/Prefabs/Small Rocks/Small Rock 5.prefab
  artifactKey: Guid(4819feda8e664ed43bfa8d90ff5a4995) Importer(815301076,1909f56bfc062723c751e8b465ee728b)
Start importing Assets/Stylized Nature Kit/Prefabs/Small Rocks/Small Rock 5.prefab using Guid(4819feda8e664ed43bfa8d90ff5a4995) Importer(815301076,1909f56bfc062723c751e8b465ee728b)  -> (artifact id: '54bdc2f63a47db089b576bbbba787381') in 0.037441 seconds 
========================================================================
Received Import Request.
  Time since last request: 0.000038 seconds.
  path: Assets/Farm Buildings - Sept 2018/OBJ/Silo.obj
  artifactKey: Guid(1943b858625115547a651ea1c23f4c12) Importer(815301076,1909f56bfc062723c751e8b465ee728b)
Start importing Assets/Farm Buildings - Sept 2018/OBJ/Silo.obj using Guid(1943b858625115547a651ea1c23f4c12) Importer(815301076,1909f56bfc062723c751e8b465ee728b)  -> (artifact id: '06d550006f5ca5c4063e0889f84b09e6') in 0.170520 seconds 
========================================================================
Received Import Request.
  Time since last request: 0.000061 seconds.
  path: Assets/Stylized Nature Kit/Meshes/Small Rocks/Small Rock 1.fbx
  artifactKey: Guid(b53571133faf56a4f8e1c0da212a34eb) Importer(815301076,1909f56bfc062723c751e8b465ee728b)
Start importing Assets/Stylized Nature Kit/Meshes/Small Rocks/Small Rock 1.fbx using Guid(b53571133faf56a4f8e1c0da212a34eb) Importer(815301076,1909f56bfc062723c751e8b465ee728b)  -> (artifact id: '1306b0c629cfaebd2f2e06300dd38a73') in 0.101184 seconds 
========================================================================
Received Import Request.
  Time since last request: 0.000048 seconds.
  path: Assets/Stylized Nature Kit/Meshes/Small Rocks/Small Rock 5.fbx
  artifactKey: Guid(88a74d52ed782904cb802045a1ffb3fb) Importer(815301076,1909f56bfc062723c751e8b465ee728b)
Start importing Assets/Stylized Nature Kit/Meshes/Small Rocks/Small Rock 5.fbx using Guid(88a74d52ed782904cb802045a1ffb3fb) Importer(815301076,1909f56bfc062723c751e8b465ee728b)  -> (artifact id: '6c4600bcf42a5f7c8ee5b1a0ce751870') in 0.195822 seconds 
========================================================================
Received Import Request.
  Time since last request: 0.000056 seconds.
  path: Assets/Ultimate Textured Building Pack - Dec 2019/Textured Models/Base Modular Parts/FBX/Staircase.fbx
  artifactKey: Guid(8f25b00d1d1c03441814f9d2dcac6828) Importer(815301076,1909f56bfc062723c751e8b465ee728b)
Start importing Assets/Ultimate Textured Building Pack - Dec 2019/Textured Models/Base Modular Parts/FBX/Staircase.fbx using Guid(8f25b00d1d1c03441814f9d2dcac6828) Importer(815301076,1909f56bfc062723c751e8b465ee728b)  -> (artifact id: '57de10668fd4bab3ba41af8cc9e2f81b') in 0.055246 seconds 
========================================================================
Received Import Request.
  Time since last request: 0.000044 seconds.
  path: Assets/Farm Buildings - Sept 2018/FBX/Silo.fbx
  artifactKey: Guid(5baf9dd415b42654c9f06fc802412a25) Importer(815301076,1909f56bfc062723c751e8b465ee728b)
Start importing Assets/Farm Buildings - Sept 2018/FBX/Silo.fbx using Guid(5baf9dd415b42654c9f06fc802412a25) Importer(815301076,1909f56bfc062723c751e8b465ee728b)  -> (artifact id: 'a22b547a4f90f7b39e4f8b07218efc70') in 0.074254 seconds 
========================================================================
Received Import Request.
  Time since last request: 0.000036 seconds.
  path: Assets/Stylized Nature Kit/Prefabs/Small Terrains/Small Terrrain 5.prefab
  artifactKey: Guid(6d2ad71bf33fd4d48a435f9642291b97) Importer(815301076,1909f56bfc062723c751e8b465ee728b)
Start importing Assets/Stylized Nature Kit/Prefabs/Small Terrains/Small Terrrain 5.prefab using Guid(6d2ad71bf33fd4d48a435f9642291b97) Importer(815301076,1909f56bfc062723c751e8b465ee728b)  -> (artifact id: '05f1d8be318a9a8182292374996db031') in 0.021672 seconds 
========================================================================
Received Import Request.
  Time since last request: 0.000037 seconds.
  path: Assets/Stylized Nature Kit/Prefabs/Small Rocks/Small Rock 3.prefab
  artifactKey: Guid(92d0ab02799dc1a429c39814db252d0c) Importer(815301076,1909f56bfc062723c751e8b465ee728b)
Start importing Assets/Stylized Nature Kit/Prefabs/Small Rocks/Small Rock 3.prefab using Guid(92d0ab02799dc1a429c39814db252d0c) Importer(815301076,1909f56bfc062723c751e8b465ee728b)  -> (artifact id: '15426437d6bed88ee1e91c1bcad29098') in 0.023952 seconds 
Editor requested this worker to shutdown with reason: Scaling down because of idle timeout
AssetImportWorker is now disconnected from the server
Process exiting
Exiting without the bug reporter. Application will terminate with return code 0