Using pre-set license
Built from '2022.1/staging' branch; Version is '2022.1.15f1 (42973686a05c) revision 4364086'; Using compiler version '192829333'; Build Type 'Release'
OS: 'Windows 11  (10.0.22000) 64bit Core' Language: 'en' Physical Memory: 16335 MB
BatchMode: 1, IsHumanControllingUs: 0, StartBugReporterOnCrash: 0, Is64bit: 1, IsPro: 1

COMMAND LINE ARGUMENTS:
C:\Program Files\Unity\Hub\Editor\2022.1.15f1\Editor\Unity.exe
-adb2
-batchMode
-noUpm
-name
AssetImportWorker5
-projectPath
E:/VR Development/Autumnotive
-logFile
Logs/AssetImportWorker5.log
-srvPort
64063
Successfully changed project path to: E:/VR Development/Autumnotive
E:/VR Development/Autumnotive
[UnityMemory] Configuration Parameters - Can be set up in boot.config
    "memorysetup-bucket-allocator-granularity=16"
    "memorysetup-bucket-allocator-bucket-count=8"
    "memorysetup-bucket-allocator-block-size=33554432"
    "memorysetup-bucket-allocator-block-count=8"
    "memorysetup-main-allocator-block-size=16777216"
    "memorysetup-thread-allocator-block-size=16777216"
    "memorysetup-gfx-main-allocator-block-size=16777216"
    "memorysetup-gfx-thread-allocator-block-size=16777216"
    "memorysetup-cache-allocator-block-size=4194304"
    "memorysetup-typetree-allocator-block-size=2097152"
    "memorysetup-profiler-bucket-allocator-granularity=16"
    "memorysetup-profiler-bucket-allocator-bucket-count=8"
    "memorysetup-profiler-bucket-allocator-block-size=33554432"
    "memorysetup-profiler-bucket-allocator-block-count=8"
    "memorysetup-profiler-allocator-block-size=16777216"
    "memorysetup-profiler-editor-allocator-block-size=1048576"
    "memorysetup-temp-allocator-size-main=16777216"
    "memorysetup-job-temp-allocator-block-size=2097152"
    "memorysetup-job-temp-allocator-block-size-background=1048576"
    "memorysetup-job-temp-allocator-reduction-small-platforms=262144"
    "memorysetup-temp-allocator-size-background-worker=32768"
    "memorysetup-temp-allocator-size-job-worker=262144"
    "memorysetup-temp-allocator-size-preload-manager=33554432"
    "memorysetup-temp-allocator-size-nav-mesh-worker=65536"
    "memorysetup-temp-allocator-size-audio-worker=65536"
    "memorysetup-temp-allocator-size-cloud-worker=32768"
    "memorysetup-temp-allocator-size-gi-baking-worker=262144"
    "memorysetup-temp-allocator-size-gfx=262144"
Refreshing native plugins compatible for Editor in 112.53 ms, found 3 plugins.
Preloading 0 native plugins for Editor in 0.00 ms.
Initialize engine version: 2022.1.15f1 (42973686a05c)
[Subsystems] Discovering subsystems at path C:/Program Files/Unity/Hub/Editor/2022.1.15f1/Editor/Data/Resources/UnitySubsystems
[Subsystems] Discovering subsystems at path E:/VR Development/Autumnotive/Assets
GfxDevice: creating device client; threaded=0; jobified=0
Direct3D:
    Version:  Direct3D 11.0 [level 11.1]
    Renderer: NVIDIA GeForce GTX 1660 Ti (ID=0x2182)
    Vendor:   NVIDIA
    VRAM:     5991 MB
    Driver:   31.0.15.1659
Initialize mono
Mono path[0] = 'C:/Program Files/Unity/Hub/Editor/2022.1.15f1/Editor/Data/Managed'
Mono path[1] = 'C:/Program Files/Unity/Hub/Editor/2022.1.15f1/Editor/Data/MonoBleedingEdge/lib/mono/unityjit-win32'
Mono config path = 'C:/Program Files/Unity/Hub/Editor/2022.1.15f1/Editor/Data/MonoBleedingEdge/etc'
Using monoOptions --debugger-agent=transport=dt_socket,embedding=1,server=y,suspend=n,address=127.0.0.1:56808
Begin MonoManager ReloadAssembly
Registering precompiled unity dll's ...
Register platform support module: C:/Program Files/Unity/Hub/Editor/2022.1.15f1/Editor/Data/PlaybackEngines/WindowsStandaloneSupport/UnityEditor.WindowsStandalone.Extensions.dll
Registered in 0.005743 seconds.
Native extension for WindowsStandalone target not found
Refreshing native plugins compatible for Editor in 97.71 ms, found 3 plugins.
Preloading 0 native plugins for Editor in 0.00 ms.
Mono: successfully reloaded assembly
- Completed reload, in  0.596 seconds
Domain Reload Profiling:
	ReloadAssembly (597ms)
		BeginReloadAssembly (62ms)
			ExecutionOrderSort (0ms)
			DisableScriptedObjects (0ms)
			BackupInstance (0ms)
			ReleaseScriptingObjects (0ms)
			CreateAndSetChildDomain (1ms)
		EndReloadAssembly (436ms)
			LoadAssemblies (60ms)
			RebuildTransferFunctionScriptingTraits (0ms)
			SetupTypeCache (96ms)
				TypeCache.Initialize (96ms)
					TypeCache.ScanAssembly (95ms)
				ResolveRequiredComponents (0ms)
			ReleaseScriptCaches (0ms)
			RebuildScriptCaches (25ms)
			SetupLoadedEditorAssemblies (258ms)
				LogAssemblyErrors (0ms)
				InitializePlatformSupportModulesInManaged (6ms)
				SetLoadedEditorAssemblies (5ms)
				RefreshPlugins (98ms)
				BeforeProcessingInitializeOnLoad (1ms)
				ProcessInitializeOnLoadAttributes (112ms)
				ProcessInitializeOnLoadMethodAttributes (37ms)
				AfterProcessingInitializeOnLoad (0ms)
				EditorAssembliesLoaded (0ms)
			ExecutionOrderSort2 (0ms)
			AwakeInstancesAfterBackupRestoration (0ms)
Platform modules already initialized, skipping
Registering precompiled user dll's ...
Registered in 0.014294 seconds.
Begin MonoManager ReloadAssembly
Symbol file LoadedFromMemory doesn't match image E:\VR Development\Autumnotive\Library\PackageCache\com.unity.visualscripting@1.7.8\Editor\VisualScripting.Core\Dependencies\YamlDotNet\Unity.VisualScripting.YamlDotNet.dll
Symbol file LoadedFromMemory doesn't match image E:\VR Development\Autumnotive\Library\PackageCache\com.unity.visualscripting@1.7.8\Editor\VisualScripting.Core\Dependencies\DotNetZip\Unity.VisualScripting.IonicZip.dll
Native extension for WindowsStandalone target not found
Refreshing native plugins compatible for Editor in 99.56 ms, found 3 plugins.
Preloading 0 native plugins for Editor in 0.00 ms.
Mono: successfully reloaded assembly
- Completed reload, in  1.241 seconds
Domain Reload Profiling:
	ReloadAssembly (1242ms)
		BeginReloadAssembly (96ms)
			ExecutionOrderSort (0ms)
			DisableScriptedObjects (4ms)
			BackupInstance (0ms)
			ReleaseScriptingObjects (0ms)
			CreateAndSetChildDomain (16ms)
		EndReloadAssembly (1026ms)
			LoadAssemblies (94ms)
			RebuildTransferFunctionScriptingTraits (0ms)
			SetupTypeCache (238ms)
				TypeCache.Initialize (229ms)
					TypeCache.ScanAssembly (226ms)
				ResolveRequiredComponents (9ms)
			ReleaseScriptCaches (1ms)
			RebuildScriptCaches (51ms)
			SetupLoadedEditorAssemblies (587ms)
				LogAssemblyErrors (0ms)
				InitializePlatformSupportModulesInManaged (3ms)
				SetLoadedEditorAssemblies (4ms)
				RefreshPlugins (100ms)
				BeforeProcessingInitializeOnLoad (159ms)
				ProcessInitializeOnLoadAttributes (238ms)
				ProcessInitializeOnLoadMethodAttributes (77ms)
				AfterProcessingInitializeOnLoad (6ms)
				EditorAssembliesLoaded (0ms)
			ExecutionOrderSort2 (0ms)
			AwakeInstancesAfterBackupRestoration (5ms)
Platform modules already initialized, skipping
========================================================================
Worker process is ready to serve import requests
Launched and connected shader compiler UnityShaderCompiler.exe after 0.05 seconds
Refreshing native plugins compatible for Editor in 0.90 ms, found 3 plugins.
Preloading 0 native plugins for Editor in 0.00 ms.
Unloading 5072 Unused Serialized files (Serialized files now loaded: 0)
Unloading 31 unused Assets / (352.4 KB). Loaded Objects now: 5540.
Memory consumption went from 0.79 GB to 0.79 GB.
Total: 3.393400 ms (FindLiveObjects: 0.385000 ms CreateObjectMapping: 0.135500 ms MarkObjects: 2.692100 ms  DeleteObjects: 0.179900 ms)

AssetImportParameters requested are different than current active one (requested -> active):
  custom:video-decoder-ogg-theora: a1e56fd34408186e4bbccfd4996cb3dc -> 
  custom:container-muxer-webm: aa71ff27fc2769a1b78a27578f13a17b -> 
  custom:container-demuxer-webm: 4f35f7cbe854078d1ac9338744f61a02 -> 
  custom:video-encoder-webm-vp8: eb34c28f22e8b96e1ab97ce403110664 -> 
  custom:audio-encoder-webm-vorbis: bf7c407c2cedff20999df2af8eb42d56 -> 
  custom:framework-win-MediaFoundation: 216162199b28c13a410421893ffa2e32 -> 
  custom:container-demuxer-ogg: 62fdf1f143b41e24485cea50d1cbac27 -> 
  custom:video-decoder-webm-vp8: 9c59270c3fd7afecdb556c50c9e8de78 -> 
  custom:audio-decoder-ogg-vorbis: bf7c407c2cedff20999df2af8eb42d56 -> 
========================================================================
Received Import Request.
  Time since last request: 6317.429776 seconds.
  path: Assets/Stylized Nature Kit/Prefabs/Branches/Branch 2.prefab
  artifactKey: Guid(ecfc2a0e035f7eb46a19120422b7f3b3) Importer(815301076,1909f56bfc062723c751e8b465ee728b)
Start importing Assets/Stylized Nature Kit/Prefabs/Branches/Branch 2.prefab using Guid(ecfc2a0e035f7eb46a19120422b7f3b3) Importer(815301076,1909f56bfc062723c751e8b465ee728b)  -> (artifact id: 'a9da958137ad8b1f5475ac1c79e23c48') in 0.284292 seconds 
========================================================================
Received Import Request.
  Time since last request: 1.515905 seconds.
  path: Assets/Stylized Nature Kit/Prefabs/Broadleaf Trees/Broadleaf Tree 2.prefab
  artifactKey: Guid(13192ab6d52889641ad5c9c029d053e2) Importer(815301076,1909f56bfc062723c751e8b465ee728b)
Start importing Assets/Stylized Nature Kit/Prefabs/Broadleaf Trees/Broadleaf Tree 2.prefab using Guid(13192ab6d52889641ad5c9c029d053e2) Importer(815301076,1909f56bfc062723c751e8b465ee728b)  -> (artifact id: '51684e6c8dbfa04d651f55d3f924e380') in 0.034595 seconds 
========================================================================
Received Import Request.
  Time since last request: 0.000025 seconds.
  path: Assets/Stylized Nature Kit/Prefabs/Broadleaf Trees/Broadleaf Tree 5.prefab
  artifactKey: Guid(2958d882f01566843bc985c1ce67e961) Importer(815301076,1909f56bfc062723c751e8b465ee728b)
Start importing Assets/Stylized Nature Kit/Prefabs/Broadleaf Trees/Broadleaf Tree 5.prefab using Guid(2958d882f01566843bc985c1ce67e961) Importer(815301076,1909f56bfc062723c751e8b465ee728b)  -> (artifact id: '0bd41170a3385f233c28149c4a258fcc') in 0.035316 seconds 
========================================================================
Received Import Request.
  Time since last request: 4.076745 seconds.
  path: Assets/Stylized Nature Kit/Prefabs/Small Rocks/Small Rock 2.prefab
  artifactKey: Guid(7b1c777fbbe6fe4439963bca04baa2e1) Importer(815301076,1909f56bfc062723c751e8b465ee728b)
Start importing Assets/Stylized Nature Kit/Prefabs/Small Rocks/Small Rock 2.prefab using Guid(7b1c777fbbe6fe4439963bca04baa2e1) Importer(815301076,1909f56bfc062723c751e8b465ee728b)  -> (artifact id: 'e3c975ef95822116c0f993dda1323149') in 0.019504 seconds 
========================================================================
Received Import Request.
  Time since last request: 0.000048 seconds.
  path: Assets/Stylized Nature Kit/Prefabs/Small Rocks/Small Rock 5.prefab
  artifactKey: Guid(4819feda8e664ed43bfa8d90ff5a4995) Importer(815301076,1909f56bfc062723c751e8b465ee728b)
Start importing Assets/Stylized Nature Kit/Prefabs/Small Rocks/Small Rock 5.prefab using Guid(4819feda8e664ed43bfa8d90ff5a4995) Importer(815301076,1909f56bfc062723c751e8b465ee728b)  -> (artifact id: 'a22dcaf5132c6d0a9e7efd831568b584') in 0.047254 seconds 
========================================================================
Received Import Request.
  Time since last request: 62.780514 seconds.
  path: Assets/Stylized Nature Kit/Prefabs/Young Fir Trees/Young Fir Tree 2.prefab
  artifactKey: Guid(2c93d655d377db04a90876fde484aa18) Importer(815301076,1909f56bfc062723c751e8b465ee728b)
Start importing Assets/Stylized Nature Kit/Prefabs/Young Fir Trees/Young Fir Tree 2.prefab using Guid(2c93d655d377db04a90876fde484aa18) Importer(815301076,1909f56bfc062723c751e8b465ee728b)  -> (artifact id: '638e29a95befa3c7a8fd8e4e81457569') in 0.022940 seconds 
========================================================================
Received Prepare
Refreshing native plugins compatible for Editor in 10.83 ms, found 3 plugins.
Preloading 0 native plugins for Editor in 0.00 ms.
Unloading 26 Unused Serialized files (Serialized files now loaded: 0)
Unloading 24 unused Assets / (307.2 KB). Loaded Objects now: 5632.
Memory consumption went from 125.2 MB to 124.9 MB.
Total: 6.440700 ms (FindLiveObjects: 0.676000 ms CreateObjectMapping: 0.473700 ms MarkObjects: 5.155800 ms  DeleteObjects: 0.133900 ms)

AssetImportParameters requested are different than current active one (requested -> active):
  custom:video-decoder-ogg-theora: a1e56fd34408186e4bbccfd4996cb3dc -> 
  custom:container-muxer-webm: aa71ff27fc2769a1b78a27578f13a17b -> 
  custom:container-demuxer-webm: 4f35f7cbe854078d1ac9338744f61a02 -> 
  custom:video-encoder-webm-vp8: eb34c28f22e8b96e1ab97ce403110664 -> 
  custom:audio-encoder-webm-vorbis: bf7c407c2cedff20999df2af8eb42d56 -> 
  custom:framework-win-MediaFoundation: 216162199b28c13a410421893ffa2e32 -> 
  custom:container-demuxer-ogg: 62fdf1f143b41e24485cea50d1cbac27 -> 
  custom:video-decoder-webm-vp8: 9c59270c3fd7afecdb556c50c9e8de78 -> 
  custom:audio-decoder-ogg-vorbis: bf7c407c2cedff20999df2af8eb42d56 -> 
========================================================================
Received Import Request.
  Time since last request: 183.898339 seconds.
  path: Assets/New Terrain.asset
  artifactKey: Guid(cc7acc5dbca69e744afddca797608344) Importer(815301076,1909f56bfc062723c751e8b465ee728b)
Start importing Assets/New Terrain.asset using Guid(cc7acc5dbca69e744afddca797608344) Importer(815301076,1909f56bfc062723c751e8b465ee728b)  -> (artifact id: '83c59cb648bf5172bc169ef8c68f4b49') in 0.059197 seconds 
========================================================================
Received Import Request.
  Time since last request: 0.000024 seconds.
  path: Assets/UniversalRenderPipelineGlobalSettings.asset
  artifactKey: Guid(18dc0cd2c080841dea60987a38ce93fa) Importer(815301076,1909f56bfc062723c751e8b465ee728b)
Start importing Assets/UniversalRenderPipelineGlobalSettings.asset using Guid(18dc0cd2c080841dea60987a38ce93fa) Importer(815301076,1909f56bfc062723c751e8b465ee728b)  -> (artifact id: '42a8a3b908823387a171f2697a39620d') in 0.007500 seconds 
========================================================================
Received Import Request.
  Time since last request: 0.000030 seconds.
  path: Assets/TerrainData_7fe6ee75-91a9-4ec5-8092-ba602323603e.asset
  artifactKey: Guid(64b8416687af6b349bba9ea70df5c8ec) Importer(815301076,1909f56bfc062723c751e8b465ee728b)
Start importing Assets/TerrainData_7fe6ee75-91a9-4ec5-8092-ba602323603e.asset using Guid(64b8416687af6b349bba9ea70df5c8ec) Importer(815301076,1909f56bfc062723c751e8b465ee728b)  -> (artifact id: 'd90f7557c5e6a5330585d6b99ca9d014') in 0.385394 seconds 
========================================================================
Received Import Request.
  Time since last request: 12.955355 seconds.
  path: Assets/Stylized Nature Kit/Materials/Broadleaf Trees Leaves.mat
  artifactKey: Guid(adfa1aa13965d144a8a48a91519088f8) Importer(815301076,1909f56bfc062723c751e8b465ee728b)
Start importing Assets/Stylized Nature Kit/Materials/Broadleaf Trees Leaves.mat using Guid(adfa1aa13965d144a8a48a91519088f8) Importer(815301076,1909f56bfc062723c751e8b465ee728b)  -> (artifact id: '48c0b211205ed19f64d8026ad131daa9') in 0.029966 seconds 
========================================================================
Received Import Request.
  Time since last request: 0.000043 seconds.
  path: Assets/Stylized Nature Kit/Materials/Shrubs Flower.mat
  artifactKey: Guid(5f72c96c2bbddd948bfafabed8e519af) Importer(815301076,1909f56bfc062723c751e8b465ee728b)
Start importing Assets/Stylized Nature Kit/Materials/Shrubs Flower.mat using Guid(5f72c96c2bbddd948bfafabed8e519af) Importer(815301076,1909f56bfc062723c751e8b465ee728b)  -> (artifact id: 'fcbd66b38f87fda356183e3d81a76aa8') in 1.271334 seconds 
========================================================================
Received Import Request.
  Time since last request: 0.000025 seconds.
  path: Assets/Stylized Nature Kit/Materials/Plant 2.mat
  artifactKey: Guid(0342be97c15a3b64288b9fd152fbd2c6) Importer(815301076,1909f56bfc062723c751e8b465ee728b)
Start importing Assets/Stylized Nature Kit/Materials/Plant 2.mat using Guid(0342be97c15a3b64288b9fd152fbd2c6) Importer(815301076,1909f56bfc062723c751e8b465ee728b)  -> (artifact id: '3437d7bdf5e4df3d55ac1d656f4884b1') in 0.018273 seconds 
========================================================================
Received Import Request.
  Time since last request: 0.000035 seconds.
  path: Assets/Stylized Nature Kit/Materials/Sky.mat
  artifactKey: Guid(aca3847aba2df9c45922fd105977c15d) Importer(815301076,1909f56bfc062723c751e8b465ee728b)
Start importing Assets/Stylized Nature Kit/Materials/Sky.mat using Guid(aca3847aba2df9c45922fd105977c15d) Importer(815301076,1909f56bfc062723c751e8b465ee728b)  -> (artifact id: 'b6d19132b84202f1e6f12db9d0eadb43') in 0.028900 seconds 
========================================================================
Received Import Request.
  Time since last request: 0.000028 seconds.
  path: Assets/Stylized Nature Kit/Materials/Flower Leaf.mat
  artifactKey: Guid(10d1e5fa1fdbb574aa5b4f2402b99e1b) Importer(815301076,1909f56bfc062723c751e8b465ee728b)
Start importing Assets/Stylized Nature Kit/Materials/Flower Leaf.mat using Guid(10d1e5fa1fdbb574aa5b4f2402b99e1b) Importer(815301076,1909f56bfc062723c751e8b465ee728b)  -> (artifact id: 'feb6c99419073a805d871d2bddfb1738') in 0.017331 seconds 
========================================================================
Received Import Request.
  Time since last request: 0.000023 seconds.
  path: Assets/Stylized Nature Kit/Materials/Type 1 Flower.mat
  artifactKey: Guid(88f05d2515776bc41af3fc5f712cc564) Importer(815301076,1909f56bfc062723c751e8b465ee728b)
Start importing Assets/Stylized Nature Kit/Materials/Type 1 Flower.mat using Guid(88f05d2515776bc41af3fc5f712cc564) Importer(815301076,1909f56bfc062723c751e8b465ee728b)  -> (artifact id: '3f999ff162e98bcf0ee9512e58e57c73') in 0.021072 seconds 
========================================================================
Received Import Request.
  Time since last request: 0.000037 seconds.
  path: Assets/Stylized Nature Kit/Materials/Plant 3.mat
  artifactKey: Guid(632bcf4f9f9bcdb4ab15612cd1c79c83) Importer(815301076,1909f56bfc062723c751e8b465ee728b)
Start importing Assets/Stylized Nature Kit/Materials/Plant 3.mat using Guid(632bcf4f9f9bcdb4ab15612cd1c79c83) Importer(815301076,1909f56bfc062723c751e8b465ee728b)  -> (artifact id: 'b72b317fb0457a8cc35de972e5ca278c') in 0.035050 seconds 
========================================================================
Received Import Request.
  Time since last request: 0.000033 seconds.
  path: Assets/Stylized Nature Kit/Materials/Type 2 Flower.mat
  artifactKey: Guid(255f405191e0b7b49a763ca83cda87b4) Importer(815301076,1909f56bfc062723c751e8b465ee728b)
Start importing Assets/Stylized Nature Kit/Materials/Type 2 Flower.mat using Guid(255f405191e0b7b49a763ca83cda87b4) Importer(815301076,1909f56bfc062723c751e8b465ee728b)  -> (artifact id: '11f75bfeb03df7e9d07ec2a62d0c118e') in 0.023755 seconds 
========================================================================
Received Import Request.
  Time since last request: 0.000046 seconds.
  path: Assets/Stylized Nature Kit/Materials/Reed Grass.mat
  artifactKey: Guid(d3cc92e2f76f9fd4f8c2432f00664679) Importer(815301076,1909f56bfc062723c751e8b465ee728b)
Start importing Assets/Stylized Nature Kit/Materials/Reed Grass.mat using Guid(d3cc92e2f76f9fd4f8c2432f00664679) Importer(815301076,1909f56bfc062723c751e8b465ee728b)  -> (artifact id: '5f1861004c4235c68ef896b2ef48a5bb') in 0.019130 seconds 
========================================================================
Received Import Request.
  Time since last request: 0.000023 seconds.
  path: Assets/Stylized Nature Kit/Materials/Plant 1.mat
  artifactKey: Guid(fc92c30a2942a8944a1b15140e3f9cc5) Importer(815301076,1909f56bfc062723c751e8b465ee728b)
Start importing Assets/Stylized Nature Kit/Materials/Plant 1.mat using Guid(fc92c30a2942a8944a1b15140e3f9cc5) Importer(815301076,1909f56bfc062723c751e8b465ee728b)  -> (artifact id: 'b248276fe2ce54844827def2b7632326') in 0.022449 seconds 
========================================================================
Received Import Request.
  Time since last request: 0.000029 seconds.
  path: Assets/Stylized Nature Kit/Materials/Type 2 Grass.mat
  artifactKey: Guid(27cf595961461044a8324bc378a87e8e) Importer(815301076,1909f56bfc062723c751e8b465ee728b)
Start importing Assets/Stylized Nature Kit/Materials/Type 2 Grass.mat using Guid(27cf595961461044a8324bc378a87e8e) Importer(815301076,1909f56bfc062723c751e8b465ee728b)  -> (artifact id: '323284bf61c4c1bd2eff5745e0438fdb') in 0.018248 seconds 
========================================================================
Received Import Request.
  Time since last request: 5.940606 seconds.
  path: Assets/Stylized Nature Kit/Prefabs/Dead Trees/Dead Tree 2.prefab
  artifactKey: Guid(62eadbe11c8934b46ba3914e7b4f5acd) Importer(815301076,1909f56bfc062723c751e8b465ee728b)
Start importing Assets/Stylized Nature Kit/Prefabs/Dead Trees/Dead Tree 2.prefab using Guid(62eadbe11c8934b46ba3914e7b4f5acd) Importer(815301076,1909f56bfc062723c751e8b465ee728b)  -> (artifact id: '9f9a7ad07338b6b3b7ca3b06aa1001d7') in 0.078388 seconds 
========================================================================
Received Import Request.
  Time since last request: 0.000020 seconds.
  path: Assets/Stylized Nature Kit/Prefabs/Dead Trees/Dead Tree 4.prefab
  artifactKey: Guid(6c6ad38a772b0824281d0a69a9c4068f) Importer(815301076,1909f56bfc062723c751e8b465ee728b)
Start importing Assets/Stylized Nature Kit/Prefabs/Dead Trees/Dead Tree 4.prefab using Guid(6c6ad38a772b0824281d0a69a9c4068f) Importer(815301076,1909f56bfc062723c751e8b465ee728b)  -> (artifact id: 'e22e1f159f64cd780ad0a4fd5cc67bb1') in 0.072708 seconds 
========================================================================
Received Import Request.
  Time since last request: 0.000019 seconds.
  path: Assets/Stylized Nature Kit/Prefabs/Dead Trees/Dead Tree 7.prefab
  artifactKey: Guid(403704a44a0f6814dba6a2420be2a2e6) Importer(815301076,1909f56bfc062723c751e8b465ee728b)
Start importing Assets/Stylized Nature Kit/Prefabs/Dead Trees/Dead Tree 7.prefab using Guid(403704a44a0f6814dba6a2420be2a2e6) Importer(815301076,1909f56bfc062723c751e8b465ee728b)  -> (artifact id: 'a10f0df59868095e167b514719c16a89') in 0.181853 seconds 
========================================================================
Received Import Request.
  Time since last request: 29.964994 seconds.
  path: Assets/Stylized Nature Kit/Prefabs/Plants/Plant 2.prefab
  artifactKey: Guid(106618758ddfac942a294427b914b673) Importer(815301076,1909f56bfc062723c751e8b465ee728b)
Start importing Assets/Stylized Nature Kit/Prefabs/Plants/Plant 2.prefab using Guid(106618758ddfac942a294427b914b673) Importer(815301076,1909f56bfc062723c751e8b465ee728b)  -> (artifact id: 'b7f416ad41dacd60e07a1c093c147ef9') in 0.014435 seconds 
Editor requested this worker to shutdown with reason: Scaling down because of idle timeout
AssetImportWorker is now disconnected from the server
Process exiting
Exiting without the bug reporter. Application will terminate with return code 0