Using pre-set license
Built from '2022.1/staging' branch; Version is '2022.1.15f1 (42973686a05c) revision 4364086'; Using compiler version '192829333'; Build Type 'Release'
OS: 'Windows 11  (10.0.22000) 64bit Core' Language: 'en' Physical Memory: 16335 MB
BatchMode: 1, IsHumanControllingUs: 0, StartBugReporterOnCrash: 0, Is64bit: 1, IsPro: 1

COMMAND LINE ARGUMENTS:
C:\Program Files\Unity\Hub\Editor\2022.1.15f1\Editor\Unity.exe
-adb2
-batchMode
-noUpm
-name
AssetImportWorker5
-projectPath
E:/VR Development/Autumnotive
-logFile
Logs/AssetImportWorker5.log
-srvPort
60712
Successfully changed project path to: E:/VR Development/Autumnotive
E:/VR Development/Autumnotive
[UnityMemory] Configuration Parameters - Can be set up in boot.config
    "memorysetup-bucket-allocator-granularity=16"
    "memorysetup-bucket-allocator-bucket-count=8"
    "memorysetup-bucket-allocator-block-size=33554432"
    "memorysetup-bucket-allocator-block-count=8"
    "memorysetup-main-allocator-block-size=16777216"
    "memorysetup-thread-allocator-block-size=16777216"
    "memorysetup-gfx-main-allocator-block-size=16777216"
    "memorysetup-gfx-thread-allocator-block-size=16777216"
    "memorysetup-cache-allocator-block-size=4194304"
    "memorysetup-typetree-allocator-block-size=2097152"
    "memorysetup-profiler-bucket-allocator-granularity=16"
    "memorysetup-profiler-bucket-allocator-bucket-count=8"
    "memorysetup-profiler-bucket-allocator-block-size=33554432"
    "memorysetup-profiler-bucket-allocator-block-count=8"
    "memorysetup-profiler-allocator-block-size=16777216"
    "memorysetup-profiler-editor-allocator-block-size=1048576"
    "memorysetup-temp-allocator-size-main=16777216"
    "memorysetup-job-temp-allocator-block-size=2097152"
    "memorysetup-job-temp-allocator-block-size-background=1048576"
    "memorysetup-job-temp-allocator-reduction-small-platforms=262144"
    "memorysetup-temp-allocator-size-background-worker=32768"
    "memorysetup-temp-allocator-size-job-worker=262144"
    "memorysetup-temp-allocator-size-preload-manager=33554432"
    "memorysetup-temp-allocator-size-nav-mesh-worker=65536"
    "memorysetup-temp-allocator-size-audio-worker=65536"
    "memorysetup-temp-allocator-size-cloud-worker=32768"
    "memorysetup-temp-allocator-size-gi-baking-worker=262144"
    "memorysetup-temp-allocator-size-gfx=262144"
Refreshing native plugins compatible for Editor in 147.85 ms, found 3 plugins.
Preloading 0 native plugins for Editor in 0.00 ms.
Initialize engine version: 2022.1.15f1 (42973686a05c)
[Subsystems] Discovering subsystems at path C:/Program Files/Unity/Hub/Editor/2022.1.15f1/Editor/Data/Resources/UnitySubsystems
[Subsystems] Discovering subsystems at path E:/VR Development/Autumnotive/Assets
GfxDevice: creating device client; threaded=0; jobified=0
Direct3D:
    Version:  Direct3D 11.0 [level 11.1]
    Renderer: NVIDIA GeForce GTX 1660 Ti (ID=0x2182)
    Vendor:   NVIDIA
    VRAM:     5991 MB
    Driver:   31.0.15.1659
Initialize mono
Mono path[0] = 'C:/Program Files/Unity/Hub/Editor/2022.1.15f1/Editor/Data/Managed'
Mono path[1] = 'C:/Program Files/Unity/Hub/Editor/2022.1.15f1/Editor/Data/MonoBleedingEdge/lib/mono/unityjit-win32'
Mono config path = 'C:/Program Files/Unity/Hub/Editor/2022.1.15f1/Editor/Data/MonoBleedingEdge/etc'
Using monoOptions --debugger-agent=transport=dt_socket,embedding=1,server=y,suspend=n,address=127.0.0.1:56248
Begin MonoManager ReloadAssembly
Registering precompiled unity dll's ...
Register platform support module: C:/Program Files/Unity/Hub/Editor/2022.1.15f1/Editor/Data/PlaybackEngines/WindowsStandaloneSupport/UnityEditor.WindowsStandalone.Extensions.dll
Registered in 0.005964 seconds.
Native extension for WindowsStandalone target not found
Refreshing native plugins compatible for Editor in 94.31 ms, found 3 plugins.
Preloading 0 native plugins for Editor in 0.00 ms.
Mono: successfully reloaded assembly
- Completed reload, in  0.632 seconds
Domain Reload Profiling:
	ReloadAssembly (632ms)
		BeginReloadAssembly (60ms)
			ExecutionOrderSort (0ms)
			DisableScriptedObjects (0ms)
			BackupInstance (0ms)
			ReleaseScriptingObjects (0ms)
			CreateAndSetChildDomain (1ms)
		EndReloadAssembly (466ms)
			LoadAssemblies (58ms)
			RebuildTransferFunctionScriptingTraits (0ms)
			SetupTypeCache (130ms)
				TypeCache.Initialize (130ms)
					TypeCache.ScanAssembly (129ms)
				ResolveRequiredComponents (0ms)
			ReleaseScriptCaches (0ms)
			RebuildScriptCaches (22ms)
			SetupLoadedEditorAssemblies (257ms)
				LogAssemblyErrors (0ms)
				InitializePlatformSupportModulesInManaged (7ms)
				SetLoadedEditorAssemblies (6ms)
				RefreshPlugins (94ms)
				BeforeProcessingInitializeOnLoad (1ms)
				ProcessInitializeOnLoadAttributes (112ms)
				ProcessInitializeOnLoadMethodAttributes (37ms)
				AfterProcessingInitializeOnLoad (0ms)
				EditorAssembliesLoaded (0ms)
			ExecutionOrderSort2 (0ms)
			AwakeInstancesAfterBackupRestoration (0ms)
Platform modules already initialized, skipping
Registering precompiled user dll's ...
Registered in 0.010462 seconds.
Begin MonoManager ReloadAssembly
Symbol file LoadedFromMemory doesn't match image E:\VR Development\Autumnotive\Library\PackageCache\com.unity.visualscripting@1.7.8\Editor\VisualScripting.Core\Dependencies\YamlDotNet\Unity.VisualScripting.YamlDotNet.dll
Symbol file LoadedFromMemory doesn't match image E:\VR Development\Autumnotive\Library\PackageCache\com.unity.visualscripting@1.7.8\Editor\VisualScripting.Core\Dependencies\DotNetZip\Unity.VisualScripting.IonicZip.dll
Native extension for WindowsStandalone target not found
Refreshing native plugins compatible for Editor in 110.20 ms, found 3 plugins.
Preloading 0 native plugins for Editor in 0.00 ms.
Mono: successfully reloaded assembly
- Completed reload, in  1.316 seconds
Domain Reload Profiling:
	ReloadAssembly (1317ms)
		BeginReloadAssembly (101ms)
			ExecutionOrderSort (0ms)
			DisableScriptedObjects (5ms)
			BackupInstance (0ms)
			ReleaseScriptingObjects (0ms)
			CreateAndSetChildDomain (20ms)
		EndReloadAssembly (1102ms)
			LoadAssemblies (97ms)
			RebuildTransferFunctionScriptingTraits (0ms)
			SetupTypeCache (247ms)
				TypeCache.Initialize (237ms)
					TypeCache.ScanAssembly (232ms)
				ResolveRequiredComponents (11ms)
			ReleaseScriptCaches (1ms)
			RebuildScriptCaches (54ms)
			SetupLoadedEditorAssemblies (642ms)
				LogAssemblyErrors (0ms)
				InitializePlatformSupportModulesInManaged (3ms)
				SetLoadedEditorAssemblies (6ms)
				RefreshPlugins (110ms)
				BeforeProcessingInitializeOnLoad (166ms)
				ProcessInitializeOnLoadAttributes (274ms)
				ProcessInitializeOnLoadMethodAttributes (77ms)
				AfterProcessingInitializeOnLoad (6ms)
				EditorAssembliesLoaded (0ms)
			ExecutionOrderSort2 (0ms)
			AwakeInstancesAfterBackupRestoration (5ms)
Platform modules already initialized, skipping
========================================================================
Worker process is ready to serve import requests
Launched and connected shader compiler UnityShaderCompiler.exe after 0.04 seconds
Refreshing native plugins compatible for Editor in 0.88 ms, found 3 plugins.
Preloading 0 native plugins for Editor in 0.00 ms.
Unloading 5072 Unused Serialized files (Serialized files now loaded: 0)
Unloading 31 unused Assets / (350.4 KB). Loaded Objects now: 5530.
Memory consumption went from 0.79 GB to 0.79 GB.
Total: 3.553400 ms (FindLiveObjects: 0.722200 ms CreateObjectMapping: 0.121800 ms MarkObjects: 2.542700 ms  DeleteObjects: 0.159600 ms)

AssetImportParameters requested are different than current active one (requested -> active):
  custom:video-decoder-ogg-theora: a1e56fd34408186e4bbccfd4996cb3dc -> 
  custom:container-muxer-webm: aa71ff27fc2769a1b78a27578f13a17b -> 
  custom:container-demuxer-webm: 4f35f7cbe854078d1ac9338744f61a02 -> 
  custom:video-encoder-webm-vp8: eb34c28f22e8b96e1ab97ce403110664 -> 
  custom:audio-encoder-webm-vorbis: bf7c407c2cedff20999df2af8eb42d56 -> 
  custom:framework-win-MediaFoundation: 216162199b28c13a410421893ffa2e32 -> 
  custom:container-demuxer-ogg: 62fdf1f143b41e24485cea50d1cbac27 -> 
  custom:video-decoder-webm-vp8: 9c59270c3fd7afecdb556c50c9e8de78 -> 
  custom:audio-decoder-ogg-vorbis: bf7c407c2cedff20999df2af8eb42d56 -> 
========================================================================
Received Import Request.
  Time since last request: 30439.145978 seconds.
  path: Assets/Stylized Brick Materials/Textures/Brick01/T_brick_basecolor_Variant01.png
  artifactKey: Guid(6c03924889daa7b4c9fff5cdd26a8baa) Importer(815301076,1909f56bfc062723c751e8b465ee728b)
Start importing Assets/Stylized Brick Materials/Textures/Brick01/T_brick_basecolor_Variant01.png using Guid(6c03924889daa7b4c9fff5cdd26a8baa) Importer(815301076,1909f56bfc062723c751e8b465ee728b)  -> (artifact id: 'c9fd5c545972487fb852335494c9f029') in 0.207520 seconds 
========================================================================
Received Import Request.
  Time since last request: 0.000031 seconds.
  path: Assets/Stylized Brick Materials/Textures/Brick01/T_brick_roughness.png
  artifactKey: Guid(2adca281edbee6949a1e891805e79bf5) Importer(815301076,1909f56bfc062723c751e8b465ee728b)
Start importing Assets/Stylized Brick Materials/Textures/Brick01/T_brick_roughness.png using Guid(2adca281edbee6949a1e891805e79bf5) Importer(815301076,1909f56bfc062723c751e8b465ee728b)  -> (artifact id: 'bccf3a71196943a8b0180d2297213fbc') in 0.022360 seconds 
========================================================================
Received Import Request.
  Time since last request: 2.005310 seconds.
  path: Assets/Stylized Brick Materials/Textures/Brick03/T_Brick03_baseColor_Variant01.png
  artifactKey: Guid(db54c5929786c5d4db41fce12fa0db00) Importer(815301076,1909f56bfc062723c751e8b465ee728b)
Start importing Assets/Stylized Brick Materials/Textures/Brick03/T_Brick03_baseColor_Variant01.png using Guid(db54c5929786c5d4db41fce12fa0db00) Importer(815301076,1909f56bfc062723c751e8b465ee728b)  -> (artifact id: 'b0232ba05c5333a14a006aa32f071ef5') in 0.022131 seconds 
========================================================================
Received Import Request.
  Time since last request: 0.000024 seconds.
  path: Assets/Stylized Brick Materials/Textures/Brick03/T_Brick03_baseColor_Variant02.png
  artifactKey: Guid(17cf013c9f9eed04ea16bebd3ec89230) Importer(815301076,1909f56bfc062723c751e8b465ee728b)
Start importing Assets/Stylized Brick Materials/Textures/Brick03/T_Brick03_baseColor_Variant02.png using Guid(17cf013c9f9eed04ea16bebd3ec89230) Importer(815301076,1909f56bfc062723c751e8b465ee728b)  -> (artifact id: '4a7fee623b338ec68b69d9cd1faf2a7e') in 0.036698 seconds 
========================================================================
Received Import Request.
  Time since last request: 0.000025 seconds.
  path: Assets/Stylized Brick Materials/Textures/Brick03/T_Brick03_normal.png
  artifactKey: Guid(31002d873c25bc64d9a1e19446fd304f) Importer(815301076,1909f56bfc062723c751e8b465ee728b)
Start importing Assets/Stylized Brick Materials/Textures/Brick03/T_Brick03_normal.png using Guid(31002d873c25bc64d9a1e19446fd304f) Importer(815301076,1909f56bfc062723c751e8b465ee728b)  -> (artifact id: '0ed33ecd5e95aba9d1879f433b406329') in 0.056572 seconds 
========================================================================
Received Import Request.
  Time since last request: 9.457254 seconds.
  path: Assets/Stylized Brick Materials/Textures/Stone/T_Stone01_basecolor_Variant01.png
  artifactKey: Guid(fbadbb5dd49c83a4aa670336538cb00b) Importer(815301076,1909f56bfc062723c751e8b465ee728b)
Start importing Assets/Stylized Brick Materials/Textures/Stone/T_Stone01_basecolor_Variant01.png using Guid(fbadbb5dd49c83a4aa670336538cb00b) Importer(815301076,1909f56bfc062723c751e8b465ee728b)  -> (artifact id: 'afd46548a07674c95c9c01cdc5762ff8') in 0.026405 seconds 
========================================================================
Received Import Request.
  Time since last request: 0.000018 seconds.
  path: Assets/Stylized Brick Materials/Textures/Stone/T_Stone01_basecolor_Variant05.png
  artifactKey: Guid(d7cd9336837aa384baa97b779a9c7d89) Importer(815301076,1909f56bfc062723c751e8b465ee728b)
Start importing Assets/Stylized Brick Materials/Textures/Stone/T_Stone01_basecolor_Variant05.png using Guid(d7cd9336837aa384baa97b779a9c7d89) Importer(815301076,1909f56bfc062723c751e8b465ee728b)  -> (artifact id: '3fc07d4302893fc2b260b27672385682') in 0.024497 seconds 
========================================================================
Received Import Request.
  Time since last request: 0.000029 seconds.
  path: Assets/Stylized Brick Materials/Textures/Stone/T_Stone01_height.png
  artifactKey: Guid(3a4f089c46256a54e87f3c747399ebfd) Importer(815301076,1909f56bfc062723c751e8b465ee728b)
Start importing Assets/Stylized Brick Materials/Textures/Stone/T_Stone01_height.png using Guid(3a4f089c46256a54e87f3c747399ebfd) Importer(815301076,1909f56bfc062723c751e8b465ee728b)  -> (artifact id: '0b7795ed1333593ab94512bb38277e3b') in 0.026070 seconds 
========================================================================
Received Import Request.
  Time since last request: 1.896901 seconds.
  path: Assets/Stylized Brick Materials/Textures/Brick05/T_Brick05_baseColor_V1.png
  artifactKey: Guid(e5d0a0ead3f50e7439778e8437a72385) Importer(815301076,1909f56bfc062723c751e8b465ee728b)
Start importing Assets/Stylized Brick Materials/Textures/Brick05/T_Brick05_baseColor_V1.png using Guid(e5d0a0ead3f50e7439778e8437a72385) Importer(815301076,1909f56bfc062723c751e8b465ee728b)  -> (artifact id: '112b00eb4d89b8ef6982f917919adcb6') in 0.021690 seconds 
========================================================================
Received Import Request.
  Time since last request: 0.000028 seconds.
  path: Assets/Stylized Brick Materials/Textures/Brick05/T_Brick05_metallic.png
  artifactKey: Guid(c0362a6d540550c46b6c06a3939843bc) Importer(815301076,1909f56bfc062723c751e8b465ee728b)
Start importing Assets/Stylized Brick Materials/Textures/Brick05/T_Brick05_metallic.png using Guid(c0362a6d540550c46b6c06a3939843bc) Importer(815301076,1909f56bfc062723c751e8b465ee728b)  -> (artifact id: '53eff7771ed71a9afecfa105feb773bb') in 0.017288 seconds 
Editor requested this worker to shutdown with reason: Scaling down because of idle timeout
AssetImportWorker is now disconnected from the server
Process exiting
Exiting without the bug reporter. Application will terminate with return code 0